-- Found ament_cmake: 1.3.8 (/home/nida/ros2_humble/install/ament_cmake/share/ament_cmake/cmake)
-- Found rclcpp: 16.0.8 (/opt/ros/humble/share/rclcpp/cmake)
-- Found rosidl_generator_c: 3.1.5 (/opt/ros/humble/share/rosidl_generator_c/cmake)
-- Found rosidl_adapter: 3.1.5 (/opt/ros/humble/share/rosidl_adapter/cmake)
-- Found rosidl_generator_cpp: 3.1.5 (/opt/ros/humble/share/rosidl_generator_cpp/cmake)
-- Using all available rosidl_typesupport_c: rosidl_typesupport_introspection_c;rosidl_typesupport_fastrtps_c
-- Using all available rosidl_typesupport_cpp: rosidl_typesupport_introspection_cpp;rosidl_typesupport_fastrtps_cpp
-- Found rmw_implementation_cmake: 6.1.1 (/opt/ros/humble/share/rmw_implementation_cmake/cmake)
-- Found rmw_fastrtps_cpp: 6.2.6 (/opt/ros/humble/share/rmw_fastrtps_cpp/cmake)
-- Found OpenSSL: /usr/lib/x86_64-linux-gnu/libcrypto.so (found version "3.0.2")  
-- Found FastRTPS: /home/nida/ros2_humble/install/fastrtps/include  
-- Using RMW implementation 'rmw_fastrtps_cpp' as default
-- Performing Test CMAKE_HAVE_LIBC_PTHREAD
-- Performing Test CMAKE_HAVE_LIBC_PTHREAD - Success
-- Found Threads: TRUE  
-- Found example_interfaces: 0.9.3 (/opt/ros/humble/share/example_interfaces/cmake)
-- Performing Test HAVE_STDATOMIC
-- Performing Test HAVE_STDATOMIC - Success
-- Found WrapAtomic: TRUE  
-- Found OpenGL: /usr/lib/x86_64-linux-gnu/libOpenGL.so   
-- Found WrapOpenGL: TRUE  
-- Found XKB: /usr/lib/x86_64-linux-gnu/libxkbcommon.so (found suitable version "1.4.0", minimum required is "0.5.0") 
-- Found WrapVulkanHeaders: /usr/include  
-- Configuring incomplete, errors occurred!
