[0.043s] Invoking command in '/home/nida/Desktop/qml_ws/build/qml_pkg': /home/nida/.local/bin/cmake --build /home/nida/Desktop/qml_ws/build/qml_pkg -- -j8 -l8
[0.202s] -- Found ament_cmake: 1.3.8 (/home/nida/ros2_humble/install/ament_cmake/share/ament_cmake/cmake)
[0.921s] -- Found rclcpp: 16.0.8 (/opt/ros/humble/share/rclcpp/cmake)
[1.001s] -- Found rosidl_generator_c: 3.1.5 (/opt/ros/humble/share/rosidl_generator_c/cmake)
[1.012s] -- Found rosidl_adapter: 3.1.5 (/opt/ros/humble/share/rosidl_adapter/cmake)
[1.028s] -- Found rosidl_generator_cpp: 3.1.5 (/opt/ros/humble/share/rosidl_generator_cpp/cmake)
[1.084s] -- Using all available rosidl_typesupport_c: rosidl_typesupport_introspection_c;rosidl_typesupport_fastrtps_c
[1.144s] -- Using all available rosidl_typesupport_cpp: rosidl_typesupport_introspection_cpp;rosidl_typesupport_fastrtps_cpp
[1.280s] -- Found rmw_implementation_cmake: 6.1.1 (/opt/ros/humble/share/rmw_implementation_cmake/cmake)
[1.314s] -- Found rmw_fastrtps_cpp: 6.2.6 (/opt/ros/humble/share/rmw_fastrtps_cpp/cmake)
[1.542s] -- Found OpenSSL: /usr/lib/x86_64-linux-gnu/libcrypto.so (found version "3.0.2")  
[1.587s] -- Found FastRTPS: /home/nida/ros2_humble/install/fastrtps/include  
[1.683s] -- Using RMW implementation 'rmw_fastrtps_cpp' as default
[1.700s] -- Performing Test CMAKE_HAVE_LIBC_PTHREAD
[1.858s] -- Performing Test CMAKE_HAVE_LIBC_PTHREAD - Success
[1.860s] -- Found Threads: TRUE  
[2.065s] -- Found example_interfaces: 0.9.3 (/opt/ros/humble/share/example_interfaces/cmake)
[2.256s] -- Performing Test HAVE_STDATOMIC
[2.469s] -- Performing Test HAVE_STDATOMIC - Success
[2.470s] -- Found WrapAtomic: TRUE  
[2.513s] -- Found OpenGL: /usr/lib/x86_64-linux-gnu/libOpenGL.so   
[2.514s] -- Found WrapOpenGL: TRUE  
[2.684s] -- Found XKB: /usr/lib/x86_64-linux-gnu/libxkbcommon.so (found suitable version "1.4.0", minimum required is "0.5.0") 
[2.754s] -- Found WrapVulkanHeaders: /usr/include  
[3.092s] [31mCMake Error at CMakeLists.txt:28 (target_link_libraries):
[3.092s]   Cannot specify link libraries for target "cpp_node" which is not built by
[3.092s]   this project.
[3.093s] 
[3.093s] [0m
[3.093s] -- Configuring incomplete, errors occurred!
[3.104s] gmake: *** [Makefile:226: cmake_check_build_system] Error 1
[3.110s] Invoked command in '/home/nida/Desktop/qml_ws/build/qml_pkg' returned '2': /home/nida/.local/bin/cmake --build /home/nida/Desktop/qml_ws/build/qml_pkg -- -j8 -l8
