[0.297s] DEBUG:colcon:Command line arguments: ['/usr/bin/colcon', 'list', '-p', '--base-paths', '/home/nida/Desktop/py_publisher']
[0.297s] DEBUG:colcon:Parsed command line arguments: Namespace(log_base=None, log_level=None, verb_name='list', build_base='build', ignore_user_meta=False, metas=['./colcon.meta'], base_paths=['/home/nida/Desktop/py_publisher'], packages_ignore=None, packages_ignore_regex=None, paths=None, packages_up_to=None, packages_up_to_regex=None, packages_above=None, packages_above_and_dependencies=None, packages_above_depth=None, packages_select_by_dep=None, packages_skip_by_dep=None, packages_skip_up_to=None, packages_select_build_failed=False, packages_skip_build_finished=False, packages_select_test_failures=False, packages_skip_test_passed=False, packages_select=None, packages_skip=None, packages_select_regex=None, packages_skip_regex=None, packages_start=None, packages_end=None, allow_overriding=[], topological_order=False, names_only=False, paths_only=True, topological_graph=False, topological_graph_dot=False, topological_graph_density=False, topological_graph_legend=False, topological_graph_dot_cluster=False, topological_graph_dot_include_skipped=False, verb_parser=<colcon_defaults.argument_parser.defaults.DefaultArgumentsDecorator object at 0x7af88d081c90>, verb_extension=<colcon_package_information.verb.list.ListVerb object at 0x7af88d1f2bc0>, main=<bound method ListVerb.main of <colcon_package_information.verb.list.ListVerb object at 0x7af88d1f2bc0>>)
[0.713s] Level 1:colcon.colcon_core.package_discovery:discover_packages(colcon_meta) check parameters
[0.713s] Level 1:colcon.colcon_core.package_discovery:discover_packages(recursive) check parameters
[0.713s] Level 1:colcon.colcon_core.package_discovery:discover_packages(ignore) check parameters
[0.713s] Level 1:colcon.colcon_core.package_discovery:discover_packages(path) check parameters
[0.713s] Level 1:colcon.colcon_core.package_discovery:discover_packages(recursive) discover
[0.713s] INFO:colcon.colcon_core.package_discovery:Crawling recursively for packages in '/home/nida/Desktop/py_publisher'
[0.714s] Level 1:colcon.colcon_core.package_identification:_identify(/home/nida/Desktop/py_publisher) by extensions ['ignore', 'ignore_ament_install']
[0.714s] Level 1:colcon.colcon_core.package_identification:_identify(/home/nida/Desktop/py_publisher) by extension 'ignore'
[0.714s] Level 1:colcon.colcon_core.package_identification:_identify(/home/nida/Desktop/py_publisher) by extension 'ignore_ament_install'
[0.714s] Level 1:colcon.colcon_core.package_identification:_identify(/home/nida/Desktop/py_publisher) by extensions ['colcon_pkg']
[0.714s] Level 1:colcon.colcon_core.package_identification:_identify(/home/nida/Desktop/py_publisher) by extension 'colcon_pkg'
[0.714s] Level 1:colcon.colcon_core.package_identification:_identify(/home/nida/Desktop/py_publisher) by extensions ['colcon_meta']
[0.714s] Level 1:colcon.colcon_core.package_identification:_identify(/home/nida/Desktop/py_publisher) by extension 'colcon_meta'
[0.714s] Level 1:colcon.colcon_core.package_identification:_identify(/home/nida/Desktop/py_publisher) by extensions ['ros']
[0.714s] Level 1:colcon.colcon_core.package_identification:_identify(/home/nida/Desktop/py_publisher) by extension 'ros'
[0.732s] Level 1:colcon.colcon_core.package_identification:_identify(/home/nida/Desktop/py_publisher) by extensions ['cmake', 'python']
[0.732s] Level 1:colcon.colcon_core.package_identification:_identify(/home/nida/Desktop/py_publisher) by extension 'cmake'
[0.732s] Level 1:colcon.colcon_core.package_identification:_identify(/home/nida/Desktop/py_publisher) by extension 'python'
[0.732s] Level 1:colcon.colcon_core.package_identification:_identify(/home/nida/Desktop/py_publisher) by extensions ['python_setup_py']
[0.732s] Level 1:colcon.colcon_core.package_identification:_identify(/home/nida/Desktop/py_publisher) by extension 'python_setup_py'
[0.732s] Level 1:colcon.colcon_core.package_identification:_identify(/home/nida/Desktop/py_publisher/build) by extensions ['ignore', 'ignore_ament_install']
[0.732s] Level 1:colcon.colcon_core.package_identification:_identify(/home/nida/Desktop/py_publisher/build) by extension 'ignore'
[0.733s] Level 1:colcon.colcon_core.package_identification:_identify(/home/nida/Desktop/py_publisher/build) ignored
[0.733s] Level 1:colcon.colcon_core.package_identification:_identify(/home/nida/Desktop/py_publisher/install) by extensions ['ignore', 'ignore_ament_install']
[0.733s] Level 1:colcon.colcon_core.package_identification:_identify(/home/nida/Desktop/py_publisher/install) by extension 'ignore'
[0.733s] Level 1:colcon.colcon_core.package_identification:_identify(/home/nida/Desktop/py_publisher/install) ignored
[0.733s] Level 1:colcon.colcon_core.package_identification:_identify(/home/nida/Desktop/py_publisher/log) by extensions ['ignore', 'ignore_ament_install']
[0.733s] Level 1:colcon.colcon_core.package_identification:_identify(/home/nida/Desktop/py_publisher/log) by extension 'ignore'
[0.733s] Level 1:colcon.colcon_core.package_identification:_identify(/home/nida/Desktop/py_publisher/log) ignored
[0.733s] Level 1:colcon.colcon_core.package_identification:_identify(/home/nida/Desktop/py_publisher/src) by extensions ['ignore', 'ignore_ament_install']
[0.734s] Level 1:colcon.colcon_core.package_identification:_identify(/home/nida/Desktop/py_publisher/src) by extension 'ignore'
[0.734s] Level 1:colcon.colcon_core.package_identification:_identify(/home/nida/Desktop/py_publisher/src) by extension 'ignore_ament_install'
[0.734s] Level 1:colcon.colcon_core.package_identification:_identify(/home/nida/Desktop/py_publisher/src) by extensions ['colcon_pkg']
[0.734s] Level 1:colcon.colcon_core.package_identification:_identify(/home/nida/Desktop/py_publisher/src) by extension 'colcon_pkg'
[0.734s] Level 1:colcon.colcon_core.package_identification:_identify(/home/nida/Desktop/py_publisher/src) by extensions ['colcon_meta']
[0.734s] Level 1:colcon.colcon_core.package_identification:_identify(/home/nida/Desktop/py_publisher/src) by extension 'colcon_meta'
[0.734s] Level 1:colcon.colcon_core.package_identification:_identify(/home/nida/Desktop/py_publisher/src) by extensions ['ros']
[0.734s] Level 1:colcon.colcon_core.package_identification:_identify(/home/nida/Desktop/py_publisher/src) by extension 'ros'
[0.734s] Level 1:colcon.colcon_core.package_identification:_identify(/home/nida/Desktop/py_publisher/src) by extensions ['cmake', 'python']
[0.734s] Level 1:colcon.colcon_core.package_identification:_identify(/home/nida/Desktop/py_publisher/src) by extension 'cmake'
[0.734s] Level 1:colcon.colcon_core.package_identification:_identify(/home/nida/Desktop/py_publisher/src) by extension 'python'
[0.734s] Level 1:colcon.colcon_core.package_identification:_identify(/home/nida/Desktop/py_publisher/src) by extensions ['python_setup_py']
[0.734s] Level 1:colcon.colcon_core.package_identification:_identify(/home/nida/Desktop/py_publisher/src) by extension 'python_setup_py'
[0.734s] Level 1:colcon.colcon_core.package_identification:_identify(/home/nida/Desktop/py_publisher/src/publish_pkg) by extensions ['ignore', 'ignore_ament_install']
[0.734s] Level 1:colcon.colcon_core.package_identification:_identify(/home/nida/Desktop/py_publisher/src/publish_pkg) by extension 'ignore'
[0.734s] Level 1:colcon.colcon_core.package_identification:_identify(/home/nida/Desktop/py_publisher/src/publish_pkg) by extension 'ignore_ament_install'
[0.735s] Level 1:colcon.colcon_core.package_identification:_identify(/home/nida/Desktop/py_publisher/src/publish_pkg) by extensions ['colcon_pkg']
[0.735s] Level 1:colcon.colcon_core.package_identification:_identify(/home/nida/Desktop/py_publisher/src/publish_pkg) by extension 'colcon_pkg'
[0.735s] Level 1:colcon.colcon_core.package_identification:_identify(/home/nida/Desktop/py_publisher/src/publish_pkg) by extensions ['colcon_meta']
[0.735s] Level 1:colcon.colcon_core.package_identification:_identify(/home/nida/Desktop/py_publisher/src/publish_pkg) by extension 'colcon_meta'
[0.735s] Level 1:colcon.colcon_core.package_identification:_identify(/home/nida/Desktop/py_publisher/src/publish_pkg) by extensions ['ros']
[0.735s] Level 1:colcon.colcon_core.package_identification:_identify(/home/nida/Desktop/py_publisher/src/publish_pkg) by extension 'ros'
[0.738s] DEBUG:colcon.colcon_core.package_identification:Package '/home/nida/Desktop/py_publisher/src/publish_pkg' with type 'ros.ament_python' and name 'publish_pkg'
[0.738s] Level 1:colcon.colcon_core.package_discovery:discover_packages(recursive) using defaults
