[ 50%] [32mBuilding CXX object CMakeFiles/main.dir/src/main.cpp.o[0m
[01m[K/home/nida/Desktop/qml_ws/src/qml_pkg/src/main.cpp:78:1:[m[K [01;31m[Kerror: [m[Kmacro "Q_ARG" requires 2 arguments, but only 1 given
   78 | [01;31m[K)[m[K);
      | [01;31m[K^[m[K
In file included from [01m[K/home/nida/Qt/6.6.3/gcc_64/include/QtCore/qcoreevent.h:9[m[K,
                 from [01m[K/home/nida/Qt/6.6.3/gcc_64/include/QtCore/qcoreapplication.h:10[m[K,
                 from [01m[K/home/nida/Qt/6.6.3/gcc_64/include/QtGui/qguiapplication.h:8[m[K,
                 from [01m[K/home/nida/Qt/6.6.3/gcc_64/include/QtGui/QGuiApplication:1[m[K,
                 from [01m[K/home/nida/Desktop/qml_ws/src/qml_pkg/src/main.cpp:1[m[K:
[01m[K/home/nida/Qt/6.6.3/gcc_64/include/QtCore/qobjectdefs.h:62:[m[K [01;36m[Knote: [m[Kmacro "Q_ARG" defined here
   62 | #define Q_ARG(Type, data)           QtPrivate::Invoke::argument<Type>(QT_STRINGIFY(Type), data)
      | 
[01m[K/home/nida/Desktop/qml_ws/src/qml_pkg/src/main.cpp:[m[K In function ‘[01m[Kint main(int, char**)[m[K’:
[01m[K/home/nida/Desktop/qml_ws/src/qml_pkg/src/main.cpp:73:54:[m[K [01;31m[Kerror: [m[K‘[01m[Kvoid SliderSubscriber::topicCallback(std_msgs::msg::Int32_<std::allocator<void> >::SharedPtr)[m[K’ is private within this context
   73 |     QObject::connect(&subscriber, &SliderSubscriber::[01;31m[KtopicCallback[m[K,
      |                                                      [01;31m[K^~~~~~~~~~~~~[m[K
[01m[K/home/nida/Desktop/qml_ws/src/qml_pkg/src/main.cpp:35:10:[m[K [01;36m[Knote: [m[Kdeclared private here
   35 |     void [01;36m[KtopicCallback[m[K(const std_msgs::msg::Int32::SharedPtr msg) {
      |          [01;36m[K^~~~~~~~~~~~~[m[K
[01m[K/home/nida/Desktop/qml_ws/src/qml_pkg/src/main.cpp:74:41:[m[K [01;31m[Kerror: [m[K‘[01m[Ksubscriber[m[K’ is not a type
   74 |                      qmlRoot, [qmlRoot]([01;31m[Ksubscriber[m[K.stored_value_
      |                                         [01;31m[K^~~~~~~~~~[m[K
[01m[K/home/nida/Desktop/qml_ws/src/qml_pkg/src/main.cpp:74:51:[m[K [01;31m[Kerror: [m[Kexpected ‘[01m[K,[m[K’ or ‘[01m[K...[m[K’ before ‘[01m[K.[m[K’ token
   74 |                      qmlRoot, [qmlRoot](subscriber[01;31m[K.[m[Kstored_value_
      |                                                   [01;31m[K^[m[K
[01m[K/home/nida/Desktop/qml_ws/src/qml_pkg/src/main.cpp:[m[K In lambda function:
[01m[K/home/nida/Desktop/qml_ws/src/qml_pkg/src/main.cpp:77:35:[m[K [01;31m[Kerror: [m[K‘[01m[KQ_ARG[m[K’ was not declared in this scope
   77 |                                   [01;31m[KQ_ARG[m[K(subscriber.stored_value_
      |                                   [01;31m[K^~~~~[m[K
In file included from [01m[K/home/nida/Qt/6.6.3/gcc_64/include/QtCore/qobjectdefs.h:13[m[K,
                 from [01m[K/home/nida/Qt/6.6.3/gcc_64/include/QtCore/qcoreevent.h:9[m[K,
                 from [01m[K/home/nida/Qt/6.6.3/gcc_64/include/QtCore/qcoreapplication.h:10[m[K,
                 from [01m[K/home/nida/Qt/6.6.3/gcc_64/include/QtGui/qguiapplication.h:8[m[K,
                 from [01m[K/home/nida/Qt/6.6.3/gcc_64/include/QtGui/QGuiApplication:1[m[K,
                 from [01m[K/home/nida/Desktop/qml_ws/src/qml_pkg/src/main.cpp:1[m[K:
/home/nida/Qt/6.6.3/gcc_64/include/QtCore/qobjectdefs_impl.h: In instantiation of ‘[01m[Kstruct QtPrivate::FunctorReturnType<main(int, char**)::<lambda(int)>, QtPrivate::List<> >[m[K’:
[01m[K/home/nida/Qt/6.6.3/gcc_64/include/QtCore/qobject.h:212:176:[m[K   required from ‘[01m[Kstatic QMetaObject::Connection QObject::connect(const typename QtPrivate::FunctionPointer<Prototype>::Object*, Func1, const typename QtPrivate::ContextTypeForFunctor<Func2>::ContextType*, Func2&&, Qt::ConnectionType) [with Func1 = void (SliderSubscriber::*)(std::shared_ptr<std_msgs::msg::Int32_<std::allocator<void> > >); Func2 = main(int, char**)::<lambda(int)>; typename QtPrivate::FunctionPointer<Prototype>::Object = SliderSubscriber; typename QtPrivate::ContextTypeForFunctor<Func2>::ContextType = QObject][m[K’
[01m[K/home/nida/Desktop/qml_ws/src/qml_pkg/src/main.cpp:73:21:[m[K   required from here
[01m[K/home/nida/Qt/6.6.3/gcc_64/include/QtCore/qobjectdefs_impl.h:332:60:[m[K [01;31m[Kerror: [m[Kno matching function for call to ‘[01m[Kmain(int, char**)::<lambda(int)>::operator()()[m[K’
  332 |         typedef decltype([01;31m[Kstd::declval<Functor>().operator()((std::declval<ArgList>())...)[m[K) Value;
      |                          [01;31m[K~~~~~~~~~~~~~~~~~~~~~~~~~~~~~~~~~~^~~~~~~~~~~~~~~~~~~~~~~~~~~~~~[m[K
[01m[K/home/nida/Desktop/qml_ws/src/qml_pkg/src/main.cpp:74:31:[m[K [01;36m[Knote: [m[Kcandidate: ‘[01m[Kmain(int, char**)::<lambda(int)>[m[K’
   74 |                      qmlRoot, [01;36m[K[[m[KqmlRoot](subscriber.stored_value_
      |                               [01;36m[K^[m[K
[01m[K/home/nida/Desktop/qml_ws/src/qml_pkg/src/main.cpp:74:31:[m[K [01;36m[Knote: [m[K  candidate expects 1 argument, 0 provided
In file included from [01m[K/home/nida/Qt/6.6.3/gcc_64/include/QtCore/qcoreevent.h:9[m[K,
                 from [01m[K/home/nida/Qt/6.6.3/gcc_64/include/QtCore/qcoreapplication.h:10[m[K,
                 from [01m[K/home/nida/Qt/6.6.3/gcc_64/include/QtGui/qguiapplication.h:8[m[K,
                 from [01m[K/home/nida/Qt/6.6.3/gcc_64/include/QtGui/QGuiApplication:1[m[K,
                 from [01m[K/home/nida/Desktop/qml_ws/src/qml_pkg/src/main.cpp:1[m[K:
/home/nida/Qt/6.6.3/gcc_64/include/QtCore/qobjectdefs.h: In instantiation of ‘[01m[Kstruct QtPrivate::HasQ_OBJECT_Macro<SliderSubscriber>[m[K’:
[01m[K/home/nida/Qt/6.6.3/gcc_64/include/QtCore/qobject.h:218:82:[m[K   required from ‘[01m[Kstatic QMetaObject::Connection QObject::connect(const typename QtPrivate::FunctionPointer<Prototype>::Object*, Func1, const typename QtPrivate::ContextTypeForFunctor<Func2>::ContextType*, Func2&&, Qt::ConnectionType) [with Func1 = void (SliderSubscriber::*)(std::shared_ptr<std_msgs::msg::Int32_<std::allocator<void> > >); Func2 = main(int, char**)::<lambda(int)>; typename QtPrivate::FunctionPointer<Prototype>::Object = SliderSubscriber; typename QtPrivate::ContextTypeForFunctor<Func2>::ContextType = QObject][m[K’
[01m[K/home/nida/Desktop/qml_ws/src/qml_pkg/src/main.cpp:73:21:[m[K   required from here
[01m[K/home/nida/Qt/6.6.3/gcc_64/include/QtCore/qobjectdefs.h:576:37:[m[K [01;31m[Kerror: [m[K‘[01m[Kqt_metacall[m[K’ is not a member of ‘[01m[KSliderSubscriber[m[K’
  576 |         enum { Value =  sizeof(test([01;31m[K&Object::qt_metacall[m[K)) == sizeof(int) };
      |                                     [01;31m[K^~~~~~~~~~~~~~~~~~~~[m[K
In file included from [01m[K/home/nida/Qt/6.6.3/gcc_64/include/QtCore/qeventloop.h:7[m[K,
                 from [01m[K/home/nida/Qt/6.6.3/gcc_64/include/QtCore/qcoreapplication.h:11[m[K,
                 from [01m[K/home/nida/Qt/6.6.3/gcc_64/include/QtGui/qguiapplication.h:8[m[K,
                 from [01m[K/home/nida/Qt/6.6.3/gcc_64/include/QtGui/QGuiApplication:1[m[K,
                 from [01m[K/home/nida/Desktop/qml_ws/src/qml_pkg/src/main.cpp:1[m[K:
/home/nida/Qt/6.6.3/gcc_64/include/QtCore/qobject.h: In instantiation of ‘[01m[Kstatic QMetaObject::Connection QObject::connect(const typename QtPrivate::FunctionPointer<Prototype>::Object*, Func1, const typename QtPrivate::ContextTypeForFunctor<Func2>::ContextType*, Func2&&, Qt::ConnectionType) [with Func1 = void (SliderSubscriber::*)(std::shared_ptr<std_msgs::msg::Int32_<std::allocator<void> > >); Func2 = main(int, char**)::<lambda(int)>; typename QtPrivate::FunctionPointer<Prototype>::Object = SliderSubscriber; typename QtPrivate::ContextTypeForFunctor<Func2>::ContextType = QObject][m[K’:
[01m[K/home/nida/Desktop/qml_ws/src/qml_pkg/src/main.cpp:73:21:[m[K   required from here
[01m[K/home/nida/Qt/6.6.3/gcc_64/include/QtCore/qobject.h:218:82:[m[K [01;31m[Kerror: [m[Kstatic assertion failed: No Q_OBJECT in the class with the signal
  218 |         static_assert(QtPrivate::HasQ_OBJECT_Macro<typename SignalType::Object>::[01;31m[KValue[m[K,
      |                                                                                  [01;31m[K^~~~~[m[K
[01m[K/home/nida/Qt/6.6.3/gcc_64/include/QtCore/qobject.h:218:82:[m[K [01;36m[Knote: [m[K‘[01m[KQtPrivate::HasQ_OBJECT_Macro<SliderSubscriber>::Value[m[K’ evaluates to false
[01m[K/home/nida/Qt/6.6.3/gcc_64/include/QtCore/qobject.h:239:64:[m[K [01;31m[Kerror: [m[Kno matching function for call to ‘[01m[KmakeCallableObject<void (SliderSubscriber::*)(std::shared_ptr<std_msgs::msg::Int32_<std::allocator<void> > >)>(main(int, char**)::<lambda(int)>)[m[K’
  239 |                            [01;31m[KQtPrivate::makeCallableObject<Func1>(std::forward<Func2>(slot))[m[K,
      |                            [01;31m[K~~~~~~~~~~~~~~~~~~~~~~~~~~~~~~~~~~~~^~~~~~~~~~~~~~~~~~~~~~~~~~~[m[K
In file included from [01m[K/home/nida/Qt/6.6.3/gcc_64/include/QtCore/qobjectdefs.h:13[m[K,
                 from [01m[K/home/nida/Qt/6.6.3/gcc_64/include/QtCore/qcoreevent.h:9[m[K,
                 from [01m[K/home/nida/Qt/6.6.3/gcc_64/include/QtCore/qcoreapplication.h:10[m[K,
                 from [01m[K/home/nida/Qt/6.6.3/gcc_64/include/QtGui/qguiapplication.h:8[m[K,
                 from [01m[K/home/nida/Qt/6.6.3/gcc_64/include/QtGui/QGuiApplication:1[m[K,
                 from [01m[K/home/nida/Desktop/qml_ws/src/qml_pkg/src/main.cpp:1[m[K:
[01m[K/home/nida/Qt/6.6.3/gcc_64/include/QtCore/qobjectdefs_impl.h:579:5:[m[K [01;36m[Knote: [m[Kcandidate: ‘[01m[Ktemplate<class Prototype, class Functor> constexpr std::enable_if_t<(countMatchingArguments<Prototype, Functor>() >= 0), QtPrivate::QSlotObjectBase*> QtPrivate::makeCallableObject(Functor&&)[m[K’
  579 |     [01;36m[KmakeCallableObject[m[K(Functor &&func)
      |     [01;36m[K^~~~~~~~~~~~~~~~~~[m[K
[01m[K/home/nida/Qt/6.6.3/gcc_64/include/QtCore/qobjectdefs_impl.h:579:5:[m[K [01;36m[Knote: [m[K  template argument deduction/substitution failed:
In file included from [01m[K/home/nida/Qt/6.6.3/gcc_64/include/QtCore/qglobal.h:13[m[K,
                 from [01m[K/home/nida/Qt/6.6.3/gcc_64/include/QtGui/qtguiglobal.h:7[m[K,
                 from [01m[K/home/nida/Qt/6.6.3/gcc_64/include/QtGui/qguiapplication.h:7[m[K,
                 from [01m[K/home/nida/Qt/6.6.3/gcc_64/include/QtGui/QGuiApplication:1[m[K,
                 from [01m[K/home/nida/Desktop/qml_ws/src/qml_pkg/src/main.cpp:1[m[K:
/usr/include/c++/11/type_traits: In substitution of ‘[01m[Ktemplate<bool _Cond, class _Tp> using enable_if_t = typename std::enable_if::type [with bool _Cond = false; _Tp = QtPrivate::QSlotObjectBase*][m[K’:
[01m[K/home/nida/Qt/6.6.3/gcc_64/include/QtCore/qobjectdefs_impl.h:579:5:[m[K   required by substitution of ‘[01m[Ktemplate<class Prototype, class Functor> constexpr std::enable_if_t<(countMatchingArguments<Prototype, Functor>() >= 0), QtPrivate::QSlotObjectBase*> QtPrivate::makeCallableObject(Functor&&) [with Prototype = void (SliderSubscriber::*)(std::shared_ptr<std_msgs::msg::Int32_<std::allocator<void> > >); Functor = main(int, char**)::<lambda(int)>][m[K’
[01m[K/home/nida/Qt/6.6.3/gcc_64/include/QtCore/qobject.h:239:64:[m[K   required from ‘[01m[Kstatic QMetaObject::Connection QObject::connect(const typename QtPrivate::FunctionPointer<Prototype>::Object*, Func1, const typename QtPrivate::ContextTypeForFunctor<Func2>::ContextType*, Func2&&, Qt::ConnectionType) [with Func1 = void (SliderSubscriber::*)(std::shared_ptr<std_msgs::msg::Int32_<std::allocator<void> > >); Func2 = main(int, char**)::<lambda(int)>; typename QtPrivate::FunctionPointer<Prototype>::Object = SliderSubscriber; typename QtPrivate::ContextTypeForFunctor<Func2>::ContextType = QObject][m[K’
[01m[K/home/nida/Desktop/qml_ws/src/qml_pkg/src/main.cpp:73:21:[m[K   required from here
[01m[K/usr/include/c++/11/type_traits:2579:11:[m[K [01;31m[Kerror: [m[Kno type named ‘[01m[Ktype[m[K’ in ‘[01m[Kstruct std::enable_if<false, QtPrivate::QSlotObjectBase*>[m[K’
 2579 |     using [01;31m[Kenable_if_t[m[K = typename enable_if<_Cond, _Tp>::type;
      |           [01;31m[K^~~~~~~~~~~[m[K
In file included from [01m[K/home/nida/Qt/6.6.3/gcc_64/include/QtCore/qeventloop.h:7[m[K,
                 from [01m[K/home/nida/Qt/6.6.3/gcc_64/include/QtCore/qcoreapplication.h:11[m[K,
                 from [01m[K/home/nida/Qt/6.6.3/gcc_64/include/QtGui/qguiapplication.h:8[m[K,
                 from [01m[K/home/nida/Qt/6.6.3/gcc_64/include/QtGui/QGuiApplication:1[m[K,
                 from [01m[K/home/nida/Desktop/qml_ws/src/qml_pkg/src/main.cpp:1[m[K:
/home/nida/Qt/6.6.3/gcc_64/include/QtCore/qobject.h: In instantiation of ‘[01m[Kstatic QMetaObject::Connection QObject::connect(const typename QtPrivate::FunctionPointer<Prototype>::Object*, Func1, const typename QtPrivate::ContextTypeForFunctor<Func2>::ContextType*, Func2&&, Qt::ConnectionType) [with Func1 = void (SliderSubscriber::*)(std::shared_ptr<std_msgs::msg::Int32_<std::allocator<void> > >); Func2 = main(int, char**)::<lambda(int)>; typename QtPrivate::FunctionPointer<Prototype>::Object = SliderSubscriber; typename QtPrivate::ContextTypeForFunctor<Func2>::ContextType = QObject][m[K’:
[01m[K/home/nida/Desktop/qml_ws/src/qml_pkg/src/main.cpp:73:21:[m[K   required from here
[01m[K/home/nida/Qt/6.6.3/gcc_64/include/QtCore/qobject.h:240:41:[m[K [01;31m[Kerror: [m[K‘[01m[KstaticMetaObject[m[K’ is not a member of ‘[01m[KQtPrivate::FunctionPointer<void (SliderSubscriber::*)(std::shared_ptr<std_msgs::msg::Int32_<std::allocator<void> > >)>::Object[m[K’ {aka ‘[01m[KSliderSubscriber[m[K’}
  240 |                            type, types, [01;31m[K&SignalType::Object::staticMetaObject[m[K);
      |                                         [01;31m[K^~~~~~~~~~~~~~~~~~~~~~~~~~~~~~~~~~~~~[m[K
gmake[2]: *** [CMakeFiles/main.dir/build.make:76: CMakeFiles/main.dir/src/main.cpp.o] Error 1
gmake[1]: *** [CMakeFiles/Makefile2:137: CMakeFiles/main.dir/all] Error 2
gmake: *** [Makefile:146: all] Error 2
