[01m[K/home/nida/Desktop/qml_ws/src/qml_pkg/src/publisher_node.cpp:2:10:[m[K [01;31m[Kfatal error: [m[Kexample_interfaces/msg/string.hpp: No such file or directory
    2 | #include [01;31m[K"example_interfaces/msg/string.hpp"[m[K  // Fixed header include
      |          [01;31m[K^~~~~~~~~~~~~~~~~~~~~~~~~~~~~~~~~~~[m[K
compilation terminated.
gmake[2]: *** [CMakeFiles/publisher_node.dir/build.make:76: CMakeFiles/publisher_node.dir/src/publisher_node.cpp.o] Error 1
gmake[1]: *** [CMakeFiles/Makefile2:165: CMakeFiles/publisher_node.dir/all] Error 2
gmake[1]: *** Waiting for unfinished jobs....
[01m[K/home/nida/Desktop/qml_ws/src/qml_pkg/src/main.cpp:[m[K In lambda function:
[01m[K/home/nida/Desktop/qml_ws/src/qml_pkg/src/main.cpp:40:28:[m[K [01;31m[Kerror: [m[K‘[01m[Kengine[m[K’ is not captured
   40 |         manage_slider(msg, [01;31m[Kengine[m[K.rootObjects().first(););
      |                            [01;31m[K^~~~~~[m[K
[01m[K/home/nida/Desktop/qml_ws/src/qml_pkg/src/main.cpp:39:26:[m[K [01;36m[Knote: [m[Kthe lambda has no capture-default
   39 |     "slider_topic", 10, [[01;36m[K][m[K(const std_msgs::msg::Int32::SharedPtr msg) {
      |                          [01;36m[K^[m[K
[01m[K/home/nida/Desktop/qml_ws/src/qml_pkg/src/main.cpp:30:27:[m[K [01;36m[Knote: [m[K‘[01m[KQQmlApplicationEngine engine[m[K’ declared here
   30 |     QQmlApplicationEngine [01;36m[Kengine[m[K;
      |                           [01;36m[K^~~~~~[m[K
[01m[K/home/nida/Desktop/qml_ws/src/qml_pkg/src/main.cpp:40:57:[m[K [01;31m[Kerror: [m[Kexpected primary-expression before ‘[01m[K)[m[K’ token
   40 |         manage_slider(msg, engine.rootObjects().first();[01;31m[K)[m[K;
      |                                                         [01;31m[K^[m[K
gmake[2]: *** [CMakeFiles/main.dir/build.make:76: CMakeFiles/main.dir/src/main.cpp.o] Error 1
gmake[1]: *** [CMakeFiles/Makefile2:139: CMakeFiles/main.dir/all] Error 2
gmake: *** [Makefile:146: all] Error 2
