[ 25%] [32mBuilding CXX object CMakeFiles/publisher_node.dir/src/publisher_node.cpp.o[0m
[ 50%] [32mBuilding CXX object CMakeFiles/main.dir/src/main.cpp.o[0m
[01m[K/home/nida/Desktop/qml_ws/src/qml_pkg/src/publisher_node.cpp:2:10:[m[K [01;31m[Kfatal error: [m[Kexample_interfaces/msg/string.hpp: No such file or directory
    2 | #include [01;31m[K"example_interfaces/msg/string.hpp"[m[K  // Fixed header include
      |          [01;31m[K^~~~~~~~~~~~~~~~~~~~~~~~~~~~~~~~~~~[m[K
compilation terminated.
gmake[2]: *** [CMakeFiles/publisher_node.dir/build.make:76: CMakeFiles/publisher_node.dir/src/publisher_node.cpp.o] Error 1
gmake[1]: *** [CMakeFiles/Makefile2:165: CMakeFiles/publisher_node.dir/all] Error 2
gmake[1]: *** Waiting for unfinished jobs....
[01m[K/home/nida/Desktop/qml_ws/src/qml_pkg/src/main.cpp:[m[K In function ‘[01m[Kvoid manage_slider(std_msgs::msg::Int32_<std::allocator<void> >::SharedPtr)[m[K’:
[01m[K/home/nida/Desktop/qml_ws/src/qml_pkg/src/main.cpp:21:20:[m[K [01;31m[Kerror: [m[K‘[01m[Kobject[m[K’ was not declared in this scope; did you mean ‘[01m[KQObject[m[K’?
   21 |     QObject *obj = [01;31m[Kobject[m[K->findChild<QObject*>("Slider");
      |                    [01;31m[K^~~~~~[m[K
      |                    [32m[KQObject[m[K
[01m[K/home/nida/Desktop/qml_ws/src/qml_pkg/src/main.cpp:21:45:[m[K [01;31m[Kerror: [m[Kexpected primary-expression before ‘[01m[K*[m[K’ token
   21 |     QObject *obj = object->findChild<QObject[01;31m[K*[m[K>("Slider");
      |                                             [01;31m[K^[m[K
[01m[K/home/nida/Desktop/qml_ws/src/qml_pkg/src/main.cpp:21:46:[m[K [01;31m[Kerror: [m[Kexpected primary-expression before ‘[01m[K>[m[K’ token
   21 |     QObject *obj = object->findChild<QObject*[01;31m[K>[m[K("Slider");
      |                                              [01;31m[K^[m[K
[01m[K/home/nida/Desktop/qml_ws/src/qml_pkg/src/main.cpp:[m[K In function ‘[01m[Kint main(int, char**)[m[K’:
[01m[K/home/nida/Desktop/qml_ws/src/qml_pkg/src/main.cpp:36:14:[m[K [01;35m[Kwarning: [m[Kunused variable ‘[01m[KrootObject[m[K’ [[01;35m[K]8;;https://gcc.gnu.org/onlinedocs/gcc/Warning-Options.html#index-Wunused-variable-Wunused-variable]8;;[m[K]
   36 |     QObject *[01;35m[KrootObject[m[K = engine.rootObjects().first();
      |              [01;35m[K^~~~~~~~~~[m[K
gmake[2]: *** [CMakeFiles/main.dir/build.make:76: CMakeFiles/main.dir/src/main.cpp.o] Error 1
gmake[1]: *** [CMakeFiles/Makefile2:139: CMakeFiles/main.dir/all] Error 2
gmake: *** [Makefile:146: all] Error 2
