running egg_info
writing ../../build/publish_pkg/publish_pkg.egg-info/PKG-INFO
writing dependency_links to ../../build/publish_pkg/publish_pkg.egg-info/dependency_links.txt
writing entry points to ../../build/publish_pkg/publish_pkg.egg-info/entry_points.txt
writing requirements to ../../build/publish_pkg/publish_pkg.egg-info/requires.txt
writing top-level names to ../../build/publish_pkg/publish_pkg.egg-info/top_level.txt
reading manifest file '../../build/publish_pkg/publish_pkg.egg-info/SOURCES.txt'
writing manifest file '../../build/publish_pkg/publish_pkg.egg-info/SOURCES.txt'
running build
running build_py
running install
running install_lib
byte-compiling /home/nida/Desktop/py_publisher/install/publish_pkg/lib/python3.10/site-packages/publish_pkg/publisher_node.py to publisher_node.cpython-310.pyc
Sorry: TabError: inconsistent use of tabs and spaces in indentation (publisher_node.py, line 20)
running install_data
running install_egg_info
removing '/home/nida/Desktop/py_publisher/install/publish_pkg/lib/python3.10/site-packages/publish_pkg-0.0.0-py3.10.egg-info' (and everything under it)
Copying ../../build/publish_pkg/publish_pkg.egg-info to /home/nida/Desktop/py_publisher/install/publish_pkg/lib/python3.10/site-packages/publish_pkg-0.0.0-py3.10.egg-info
running install_scripts
Installing publisher_node script to /home/nida/Desktop/py_publisher/install/publish_pkg/lib/publish_pkg
writing list of installed files to '/home/nida/Desktop/py_publisher/build/publish_pkg/install.log'
