[ 25%] [32mBuilding CXX object CMakeFiles/deneme.dir/src/deneme.cpp.o[0m
[ 75%] Built target main
In file included from [01m[K/opt/ros/humble/include/rclcpp/rclcpp/logging.hpp:24[m[K,
                 from [01m[K/opt/ros/humble/include/rclcpp/rclcpp/client.hpp:40[m[K,
                 from [01m[K/opt/ros/humble/include/rclcpp/rclcpp/callback_group.hpp:24[m[K,
                 from [01m[K/opt/ros/humble/include/rclcpp/rclcpp/any_executable.hpp:20[m[K,
                 from [01m[K/opt/ros/humble/include/rclcpp/rclcpp/memory_strategy.hpp:25[m[K,
                 from [01m[K/opt/ros/humble/include/rclcpp/rclcpp/memory_strategies.hpp:18[m[K,
                 from [01m[K/opt/ros/humble/include/rclcpp/rclcpp/executor_options.hpp:20[m[K,
                 from [01m[K/opt/ros/humble/include/rclcpp/rclcpp/executor.hpp:37[m[K,
                 from [01m[K/opt/ros/humble/include/rclcpp/rclcpp/executors/multi_threaded_executor.hpp:25[m[K,
                 from [01m[K/opt/ros/humble/include/rclcpp/rclcpp/executors.hpp:21[m[K,
                 from [01m[K/opt/ros/humble/include/rclcpp/rclcpp/rclcpp.hpp:155[m[K,
                 from [01m[K/home/nida/Desktop/qml_ws/src/qml_pkg/src/deneme.cpp:1[m[K:
[01m[K/home/nida/Desktop/qml_ws/src/qml_pkg/src/deneme.cpp:[m[K In member function ‘[01m[Kvoid MySubscriber::chatterCallback(std_msgs::msg::Int32_<std::allocator<void> >::SharedPtr)[m[K’:
[01m[K/home/nida/Desktop/qml_ws/src/qml_pkg/src/deneme.cpp:14:62:[m[K [01;31m[Kerror: [m[Krequest for member ‘[01m[Kc_str[m[K’ in ‘[01m[K((const std::__shared_ptr_access<std_msgs::msg::Int32_<std::allocator<void> >, __gnu_cxx::_S_atomic, false, false>*)(& msg))->std::__shared_ptr_access<std_msgs::msg::Int32_<std::allocator<void> >, __gnu_cxx::_S_atomic, false, false>::operator->()->std_msgs::msg::Int32_<std::allocator<void> >::data[m[K’, which is of non-class type ‘[01m[Kstd_msgs::msg::Int32_<std::allocator<void> >::_data_type[m[K’ {aka ‘[01m[Kint[m[K’}
   14 |         RCLCPP_INFO(get_logger(), "I heard: '%s'", msg->data.[01;31m[Kc_str[m[K());
      |                                                              [01;31m[K^~~~~[m[K
gmake[2]: *** [CMakeFiles/deneme.dir/build.make:76: CMakeFiles/deneme.dir/src/deneme.cpp.o] Error 1
gmake[1]: *** [CMakeFiles/Makefile2:165: CMakeFiles/deneme.dir/all] Error 2
gmake: *** [Makefile:146: all] Error 2
