-- The C compiler identification is GNU 11.4.0
-- The CXX compiler identification is GNU 11.4.0
-- Detecting C compiler ABI info
-- Detecting C compiler ABI info - done
-- Check for working C compiler: /usr/bin/cc - skipped
-- Detecting C compile features
-- Detecting C compile features - done
-- Detecting CXX compiler ABI info
-- Detecting CXX compiler ABI info - done
-- Check for working CXX compiler: /usr/bin/c++ - skipped
-- Detecting CXX compile features
-- Detecting CXX compile features - done
-- Found ament_cmake: 1.3.8 (/home/nida/ros2_humble/install/ament_cmake/share/ament_cmake/cmake)
-- Found Python3: /usr/bin/python3 (found version "3.10.12") found components: Interpreter 
-- Found ament_lint_auto: 0.12.10 (/home/nida/ros2_humble/install/ament_lint_auto/share/ament_lint_auto/cmake)
-- Added test 'lint_cmake' to check CMake code style
-- Added test 'xmllint' to check XML markup files
-- Configuring done (2.1s)
-- Generating done (0.0s)
-- Build files have been written to: /home/nida/Desktop/qml_ws/build/qml_pkg
-- Install configuration: ""
-- Installing: /home/nida/Desktop/qml_ws/install/qml_pkg/share/ament_index/resource_index/package_run_dependencies/qml_pkg
-- Installing: /home/nida/Desktop/qml_ws/install/qml_pkg/share/ament_index/resource_index/parent_prefix_path/qml_pkg
-- Installing: /home/nida/Desktop/qml_ws/install/qml_pkg/share/qml_pkg/environment/ament_prefix_path.sh
-- Installing: /home/nida/Desktop/qml_ws/install/qml_pkg/share/qml_pkg/environment/ament_prefix_path.dsv
-- Installing: /home/nida/Desktop/qml_ws/install/qml_pkg/share/qml_pkg/environment/path.sh
-- Installing: /home/nida/Desktop/qml_ws/install/qml_pkg/share/qml_pkg/environment/path.dsv
-- Installing: /home/nida/Desktop/qml_ws/install/qml_pkg/share/qml_pkg/local_setup.bash
-- Installing: /home/nida/Desktop/qml_ws/install/qml_pkg/share/qml_pkg/local_setup.sh
-- Installing: /home/nida/Desktop/qml_ws/install/qml_pkg/share/qml_pkg/local_setup.zsh
-- Installing: /home/nida/Desktop/qml_ws/install/qml_pkg/share/qml_pkg/local_setup.dsv
-- Installing: /home/nida/Desktop/qml_ws/install/qml_pkg/share/qml_pkg/package.dsv
-- Installing: /home/nida/Desktop/qml_ws/install/qml_pkg/share/ament_index/resource_index/packages/qml_pkg
-- Installing: /home/nida/Desktop/qml_ws/install/qml_pkg/share/qml_pkg/cmake/qml_pkgConfig.cmake
-- Installing: /home/nida/Desktop/qml_ws/install/qml_pkg/share/qml_pkg/cmake/qml_pkgConfig-version.cmake
-- Installing: /home/nida/Desktop/qml_ws/install/qml_pkg/share/qml_pkg/package.xml
