[ 50%] Built target main
[ 75%] [32mBuilding CXX object CMakeFiles/deneme.dir/src/deneme.cpp.o[0m
In file included from [01m[K/opt/ros/humble/include/rclcpp/rclcpp/logging.hpp:24[m[K,
                 from [01m[K/opt/ros/humble/include/rclcpp/rclcpp/client.hpp:40[m[K,
                 from [01m[K/opt/ros/humble/include/rclcpp/rclcpp/callback_group.hpp:24[m[K,
                 from [01m[K/opt/ros/humble/include/rclcpp/rclcpp/any_executable.hpp:20[m[K,
                 from [01m[K/opt/ros/humble/include/rclcpp/rclcpp/memory_strategy.hpp:25[m[K,
                 from [01m[K/opt/ros/humble/include/rclcpp/rclcpp/memory_strategies.hpp:18[m[K,
                 from [01m[K/opt/ros/humble/include/rclcpp/rclcpp/executor_options.hpp:20[m[K,
                 from [01m[K/opt/ros/humble/include/rclcpp/rclcpp/executor.hpp:37[m[K,
                 from [01m[K/opt/ros/humble/include/rclcpp/rclcpp/executors/multi_threaded_executor.hpp:25[m[K,
                 from [01m[K/opt/ros/humble/include/rclcpp/rclcpp/executors.hpp:21[m[K,
                 from [01m[K/opt/ros/humble/include/rclcpp/rclcpp/rclcpp.hpp:155[m[K,
                 from [01m[K/home/nida/Desktop/qml_ws/src/qml_pkg/src/deneme.cpp:1[m[K:
[01m[K/home/nida/Desktop/qml_ws/src/qml_pkg/src/deneme.cpp:[m[K In member function ‘[01m[Kvoid MySubscriber::chatterCallback(std_msgs::msg::Int32_<std::allocator<void> >::SharedPtr)[m[K’:
[01m[K/home/nida/Desktop/qml_ws/src/qml_pkg/src/deneme.cpp:14:35:[m[K [01;35m[Kwarning: [m[Kformat ‘[01m[K%s[m[K’ expects argument of type ‘[01m[Kchar*[m[K’, but argument 5 has type ‘[01m[Kstd_msgs::msg::Int32_<std::allocator<void> >::_data_type[m[K’ {aka ‘[01m[Kint[m[K’} [[01;35m[K]8;;https://gcc.gnu.org/onlinedocs/gcc/Warning-Options.html#index-Wformat=-Wformat=]8;;[m[K]
   14 |         RCLCPP_INFO(get_logger(), [01;35m[K"I heard: '%s'"[m[K, [32m[Kmsg->data[m[K);
      |                                   [01;35m[K^~~~~~~~~~~~~~~[m[K  [32m[K~~~~~~~~~[m[K
      |                                                         [32m[K|[m[K
      |                                                         [32m[Kstd_msgs::msg::Int32_<std::allocator<void> >::_data_type {aka int}[m[K
[01m[K/home/nida/Desktop/qml_ws/src/qml_pkg/src/deneme.cpp:14:47:[m[K [01;36m[Knote: [m[Kformat string is defined here
   14 |         RCLCPP_INFO(get_logger(), "I heard: '[01;36m[K%s[m[K'", msg->data);
      |                                              [01;36m[K~^[m[K
      |                                               [01;36m[K|[m[K
      |                                               [01;36m[Kchar*[m[K
      |                                              [32m[K%d[m[K
[100%] [32m[1mLinking CXX executable deneme[0m
[100%] Built target deneme
-- Install configuration: ""
-- Up-to-date: /home/nida/Desktop/qml_ws/install/qml_pkg/lib/qml_pkg/main
-- Installing: /home/nida/Desktop/qml_ws/install/qml_pkg/lib/qml_pkg/deneme
-- Set non-toolchain portion of runtime path of "/home/nida/Desktop/qml_ws/install/qml_pkg/lib/qml_pkg/deneme" to ""
-- Up-to-date: /home/nida/Desktop/qml_ws/install/qml_pkg/share/ament_index/resource_index/package_run_dependencies/qml_pkg
-- Up-to-date: /home/nida/Desktop/qml_ws/install/qml_pkg/share/ament_index/resource_index/parent_prefix_path/qml_pkg
-- Up-to-date: /home/nida/Desktop/qml_ws/install/qml_pkg/share/qml_pkg/environment/ament_prefix_path.dsv
-- Up-to-date: /home/nida/Desktop/qml_ws/install/qml_pkg/share/qml_pkg/environment/path.dsv
-- Up-to-date: /home/nida/Desktop/qml_ws/install/qml_pkg/share/qml_pkg/local_setup.bash
-- Up-to-date: /home/nida/Desktop/qml_ws/install/qml_pkg/share/qml_pkg/local_setup.sh
-- Up-to-date: /home/nida/Desktop/qml_ws/install/qml_pkg/share/qml_pkg/local_setup.zsh
-- Up-to-date: /home/nida/Desktop/qml_ws/install/qml_pkg/share/qml_pkg/local_setup.dsv
-- Installing: /home/nida/Desktop/qml_ws/install/qml_pkg/share/qml_pkg/package.dsv
-- Up-to-date: /home/nida/Desktop/qml_ws/install/qml_pkg/share/ament_index/resource_index/packages/qml_pkg
-- Up-to-date: /home/nida/Desktop/qml_ws/install/qml_pkg/share/qml_pkg/cmake/qml_pkgConfig.cmake
-- Up-to-date: /home/nida/Desktop/qml_ws/install/qml_pkg/share/qml_pkg/cmake/qml_pkgConfig-version.cmake
-- Up-to-date: /home/nida/Desktop/qml_ws/install/qml_pkg/share/qml_pkg/package.xml
