[1.580s] Invoking command in '/home/nida/Desktop/py_publisher/src/publish_pkg': PYTHONPATH=/home/nida/Desktop/py_publisher/build/publish_pkg/prefix_override:/home/nida/Desktop/py_publisher/install/publish_pkg/lib/python3.10/site-packages:${PYTHONPATH} /usr/bin/python3 -W ignore:setup.py install is deprecated setup.py egg_info --egg-base ../../build/publish_pkg build --build-base /home/nida/Desktop/py_publisher/build/publish_pkg/build install --record /home/nida/Desktop/py_publisher/build/publish_pkg/install.log --single-version-externally-managed install_data
[2.249s] running egg_info
[2.249s] writing ../../build/publish_pkg/publish_pkg.egg-info/PKG-INFO
[2.250s] writing dependency_links to ../../build/publish_pkg/publish_pkg.egg-info/dependency_links.txt
[2.250s] writing entry points to ../../build/publish_pkg/publish_pkg.egg-info/entry_points.txt
[2.250s] writing requirements to ../../build/publish_pkg/publish_pkg.egg-info/requires.txt
[2.250s] writing top-level names to ../../build/publish_pkg/publish_pkg.egg-info/top_level.txt
[2.252s] reading manifest file '../../build/publish_pkg/publish_pkg.egg-info/SOURCES.txt'
[2.254s] writing manifest file '../../build/publish_pkg/publish_pkg.egg-info/SOURCES.txt'
[2.255s] running build
[2.255s] running build_py
[2.255s] copying publish_pkg/publisher_node.py -> /home/nida/Desktop/py_publisher/build/publish_pkg/build/lib/publish_pkg
[2.255s] running install
[2.255s] running install_lib
[2.256s] copying /home/nida/Desktop/py_publisher/build/publish_pkg/build/lib/publish_pkg/publisher_node.py -> /home/nida/Desktop/py_publisher/install/publish_pkg/lib/python3.10/site-packages/publish_pkg
[2.259s] byte-compiling /home/nida/Desktop/py_publisher/install/publish_pkg/lib/python3.10/site-packages/publish_pkg/publisher_node.py to publisher_node.cpython-310.pyc
[2.260s] running install_data
[2.260s] running install_egg_info
[2.265s] removing '/home/nida/Desktop/py_publisher/install/publish_pkg/lib/python3.10/site-packages/publish_pkg-0.0.0-py3.10.egg-info' (and everything under it)
[2.265s] Copying ../../build/publish_pkg/publish_pkg.egg-info to /home/nida/Desktop/py_publisher/install/publish_pkg/lib/python3.10/site-packages/publish_pkg-0.0.0-py3.10.egg-info
[2.266s] running install_scripts
[2.313s] Installing publisher_node script to /home/nida/Desktop/py_publisher/install/publish_pkg/lib/publish_pkg
[2.313s] Installing subscriber_node script to /home/nida/Desktop/py_publisher/install/publish_pkg/lib/publish_pkg
[2.313s] writing list of installed files to '/home/nida/Desktop/py_publisher/build/publish_pkg/install.log'
[2.344s] Invoked command in '/home/nida/Desktop/py_publisher/src/publish_pkg' returned '0': PYTHONPATH=/home/nida/Desktop/py_publisher/build/publish_pkg/prefix_override:/home/nida/Desktop/py_publisher/install/publish_pkg/lib/python3.10/site-packages:${PYTHONPATH} /usr/bin/python3 -W ignore:setup.py install is deprecated setup.py egg_info --egg-base ../../build/publish_pkg build --build-base /home/nida/Desktop/py_publisher/build/publish_pkg/build install --record /home/nida/Desktop/py_publisher/build/publish_pkg/install.log --single-version-externally-managed install_data
