[01m[K/home/nida/Desktop/qml_ws/src/qml_pkg/src/publisher_node.cpp:2:10:[m[K [01;31m[Kfatal error: [m[Kexample_interfaces/msg/string.hpp: No such file or directory
    2 | #include [01;31m[K"example_interfaces/msg/string.hpp"[m[K  // Fixed header include
      |          [01;31m[K^~~~~~~~~~~~~~~~~~~~~~~~~~~~~~~~~~~[m[K
compilation terminated.
gmake[2]: *** [CMakeFiles/publisher_node.dir/build.make:76: CMakeFiles/publisher_node.dir/src/publisher_node.cpp.o] Error 1
gmake[1]: *** [CMakeFiles/Makefile2:165: CMakeFiles/publisher_node.dir/all] Error 2
gmake[1]: *** Waiting for unfinished jobs....
[01m[K/home/nida/Desktop/qml_ws/src/qml_pkg/src/main.cpp:16:30:[m[K [01;31m[Kerror: [m[Kthe type ‘[01m[Kconst QString[m[K’ of ‘[01m[Kconstexpr[m[K’ variable ‘[01m[KConstants::backgroundColor[m[K’ is not literal
   16 |     static constexpr QString [01;31m[KbackgroundColor[m[K = "#FFFFFF";
      |                              [01;31m[K^~~~~~~~~~~~~~~[m[K
In file included from [01m[K/home/nida/Qt/6.6.3/gcc_64/include/QtCore/qcoreapplication.h:8[m[K,
                 from [01m[K/home/nida/Qt/6.6.3/gcc_64/include/QtGui/qguiapplication.h:8[m[K,
                 from [01m[K/home/nida/Qt/6.6.3/gcc_64/include/QtGui/QGuiApplication:1[m[K,
                 from [01m[K/home/nida/Desktop/qml_ws/src/qml_pkg/src/main.cpp:1[m[K:
[01m[K/home/nida/Qt/6.6.3/gcc_64/include/QtCore/qstring.h:126:21:[m[K [01;36m[Knote: [m[K‘[01m[KQString[m[K’ is not literal because:
  126 | class Q_CORE_EXPORT [01;36m[KQString[m[K
      |                     [01;36m[K^~~~~~~[m[K
[01m[K/home/nida/Qt/6.6.3/gcc_64/include/QtCore/qstring.h:126:21:[m[K [01;36m[Knote: [m[K  ‘[01m[KQString[m[K’ has a non-trivial destructor
[01m[K/home/nida/Desktop/qml_ws/src/qml_pkg/src/main.cpp:16:30:[m[K [01;31m[Kerror: [m[Kin-class initialization of static data member ‘[01m[Kconst QString Constants::backgroundColor[m[K’ of non-literal type
   16 |     static constexpr QString [01;31m[KbackgroundColor[m[K = "#FFFFFF";
      |                              [01;31m[K^~~~~~~~~~~~~~~[m[K
[01m[K/home/nida/Desktop/qml_ws/src/qml_pkg/src/main.cpp:19:31:[m[K [01;31m[Kerror: [m[Kconversion from ‘[01m[Kint[m[K’ to non-scalar type ‘[01m[Kstd_msgs::msg::Int32[m[K’ {aka ‘[01m[Kstd_msgs::msg::Int32_<std::allocator<void> >[m[K’} requested
   19 | std_msgs::msg::Int32 SLIDER = [01;31m[K0[m[K;
      |                               [01;31m[K^[m[K
[01m[K/home/nida/Desktop/qml_ws/src/qml_pkg/src/main.cpp:[m[K In function ‘[01m[Kvoid manage_slider(std_msgs::msg::Int32_<std::allocator<void> >::SharedPtr)[m[K’:
[01m[K/home/nida/Desktop/qml_ws/src/qml_pkg/src/main.cpp:24:5:[m[K [01;31m[Kerror: [m[K‘[01m[Kupdate_slider[m[K’ was not declared in this scope; did you mean ‘[01m[Kmanage_slider[m[K’?
   24 |     [01;31m[Kupdate_slider[m[K();
      |     [01;31m[K^~~~~~~~~~~~~[m[K
      |     [32m[Kmanage_slider[m[K
[01m[K/home/nida/Desktop/qml_ws/src/qml_pkg/src/main.cpp:[m[K In function ‘[01m[Kint main(int, char**)[m[K’:
[01m[K/home/nida/Desktop/qml_ws/src/qml_pkg/src/main.cpp:47:69:[m[K [01;31m[Kerror: [m[Kexpected primary-expression before ‘[01m[K)[m[K’ token
   47 | ne.rootContext()->setContextProperty("Constants", &Constants[01;31m[K)[m[K; // Expose Constants to QML
      |                                                             [01;31m[K^[m[K

gmake[2]: *** [CMakeFiles/main.dir/build.make:76: CMakeFiles/main.dir/src/main.cpp.o] Error 1
gmake[1]: *** [CMakeFiles/Makefile2:139: CMakeFiles/main.dir/all] Error 2
gmake: *** [Makefile:146: all] Error 2
