[01m[K/home/nida/Desktop/qml_ws/src/qml_pkg/src/main.cpp:[m[K In constructor ‘[01m[KSliderSubscriber::SliderSubscriber()[m[K’:
[01m[K/home/nida/Desktop/qml_ws/src/qml_pkg/src/main.cpp:22:46:[m[K [01;31m[Kerror: [m[K‘[01m[KpublishRandomNumber[m[K’ is not a member of ‘[01m[KSliderSubscriber[m[K’
   22 |                 std::bind(&SliderSubscriber::[01;31m[KpublishRandomNumber[m[K, this));
      |                                              [01;31m[K^~~~~~~~~~~~~~~~~~~[m[K
[01m[K/home/nida/Desktop/qml_ws/src/qml_pkg/src/main.cpp:[m[K In function ‘[01m[Kint main(int, char**)[m[K’:
[01m[K/home/nida/Desktop/qml_ws/src/qml_pkg/src/main.cpp:65:53:[m[K [01;31m[Kerror: [m[K‘[01m[KpublishedRandomNumber[m[K’ is not a member of ‘[01m[KSliderSubscriber[m[K’
   65 |     QObject::connect(node.get(), &SliderSubscriber::[01;31m[KpublishedRandomNumber[m[K,
      |                                                     [01;31m[K^~~~~~~~~~~~~~~~~~~~~[m[K
[01m[K/home/nida/Desktop/qml_ws/src/qml_pkg/src/main.cpp:66:32:[m[K [01;31m[Kerror: [m[K‘[01m[Kroot[m[K’ was not declared in this scope
   66 |                      qmlRoot, [[01;31m[Kroot[m[K](int randomNumber) {
      |                                [01;31m[K^~~~[m[K
[01m[K/home/nida/Desktop/qml_ws/src/qml_pkg/src/main.cpp:[m[K In lambda function:
[01m[K/home/nida/Desktop/qml_ws/src/qml_pkg/src/main.cpp:67:35:[m[K [01;31m[Kerror: [m[K‘[01m[Kroot[m[K’ is not captured
   67 |         QMetaObject::invokeMethod([01;31m[Kroot[m[K, "publishedRandomNumber",
      |                                   [01;31m[K^~~~[m[K
[01m[K/home/nida/Desktop/qml_ws/src/qml_pkg/src/main.cpp:66:36:[m[K [01;36m[Knote: [m[Kthe lambda has no capture-default
   66 |                      qmlRoot, [root[01;36m[K][m[K(int randomNumber) {
      |                                    [01;36m[K^[m[K
[01m[K/home/nida/Desktop/qml_ws/src/qml_pkg/src/main.cpp:66:32:[m[K [01;36m[Knote: [m[K‘[01m[K<typeprefixerror>root[m[K’ declared here
   66 |                      qmlRoot, [[01;36m[Kroot[m[K](int randomNumber) {
      |                                [01;36m[K^~~~[m[K
gmake[2]: *** [CMakeFiles/main.dir/build.make:76: CMakeFiles/main.dir/src/main.cpp.o] Error 1
gmake[1]: *** [CMakeFiles/Makefile2:137: CMakeFiles/main.dir/all] Error 2
gmake: *** [Makefile:146: all] Error 2
