-- Found ament_cmake: 1.3.8 (/home/nida/ros2_humble/install/ament_cmake/share/ament_cmake/cmake)
-- Found rclcpp: 16.0.8 (/opt/ros/humble/share/rclcpp/cmake)
-- Found rosidl_generator_c: 3.1.5 (/opt/ros/humble/share/rosidl_generator_c/cmake)
-- Found rosidl_adapter: 3.1.5 (/opt/ros/humble/share/rosidl_adapter/cmake)
-- Found rosidl_generator_cpp: 3.1.5 (/opt/ros/humble/share/rosidl_generator_cpp/cmake)
-- Using all available rosidl_typesupport_c: rosidl_typesupport_introspection_c;rosidl_typesupport_fastrtps_c
-- Using all available rosidl_typesupport_cpp: rosidl_typesupport_introspection_cpp;rosidl_typesupport_fastrtps_cpp
-- Found rmw_implementation_cmake: 6.1.1 (/opt/ros/humble/share/rmw_implementation_cmake/cmake)
-- Found rmw_fastrtps_cpp: 6.2.6 (/opt/ros/humble/share/rmw_fastrtps_cpp/cmake)
-- Using RMW implementation 'rmw_fastrtps_cpp' as default
-- Found example_interfaces: 0.9.3 (/opt/ros/humble/share/example_interfaces/cmake)
-- Configuring done (1.6s)
-- Generating done (0.0s)
-- Build files have been written to: /home/nida/Desktop/qml_ws/build/qml_pkg
[100%] Built target main
-- Install configuration: ""
-- Installing: /home/nida/Desktop/qml_ws/install/qml_pkg/lib/qml_pkg/main
-- Set non-toolchain portion of runtime path of "/home/nida/Desktop/qml_ws/install/qml_pkg/lib/qml_pkg/main" to ""
-- Installing: /home/nida/Desktop/qml_ws/install/qml_pkg/share/ament_index/resource_index/package_run_dependencies/qml_pkg
-- Installing: /home/nida/Desktop/qml_ws/install/qml_pkg/share/ament_index/resource_index/parent_prefix_path/qml_pkg
-- Installing: /home/nida/Desktop/qml_ws/install/qml_pkg/share/qml_pkg/environment/ament_prefix_path.dsv
-- Installing: /home/nida/Desktop/qml_ws/install/qml_pkg/share/qml_pkg/environment/path.dsv
-- Up-to-date: /home/nida/Desktop/qml_ws/install/qml_pkg/share/qml_pkg/local_setup.bash
-- Up-to-date: /home/nida/Desktop/qml_ws/install/qml_pkg/share/qml_pkg/local_setup.sh
-- Up-to-date: /home/nida/Desktop/qml_ws/install/qml_pkg/share/qml_pkg/local_setup.zsh
-- Installing: /home/nida/Desktop/qml_ws/install/qml_pkg/share/qml_pkg/local_setup.dsv
-- Installing: /home/nida/Desktop/qml_ws/install/qml_pkg/share/qml_pkg/package.dsv
-- Up-to-date: /home/nida/Desktop/qml_ws/install/qml_pkg/share/ament_index/resource_index/packages/qml_pkg
-- Up-to-date: /home/nida/Desktop/qml_ws/install/qml_pkg/share/qml_pkg/cmake/qml_pkgConfig.cmake
-- Up-to-date: /home/nida/Desktop/qml_ws/install/qml_pkg/share/qml_pkg/cmake/qml_pkgConfig-version.cmake
-- Installing: /home/nida/Desktop/qml_ws/install/qml_pkg/share/qml_pkg/package.xml
