[0.029s] Invoking command in '/home/nida/Desktop/qml_ws/build/qml_pkg': CMAKE_PREFIX_PATH=${CMAKE_PREFIX_PATH}:/home/nida/Desktop/ROV/task2_ws/install/task2_pkg:/home/nida/ros2_humble/install/rqt_bag_plugins:/home/nida/ros2_humble/install/rqt_bag:/home/nida/ros2_humble/install/ros2bag:/home/nida/ros2_humble/install/tracetools_test:/home/nida/ros2_humble/install/tracetools_launch:/home/nida/ros2_humble/install/topic_monitor:/home/nida/ros2_humble/install/tf2_tools:/home/nida/ros2_humble/install/examples_tf2_py:/home/nida/ros2_humble/install/tf2_ros_py:/home/nida/ros2_humble/install/sros2:/home/nida/ros2_humble/install/rqt_topic:/home/nida/ros2_humble/install/rqt_srv:/home/nida/ros2_humble/install/rqt_shell:/home/nida/ros2_humble/install/rqt_service_caller:/home/nida/ros2_humble/install/rqt_reconfigure:/home/nida/ros2_humble/install/rqt_py_console:/home/nida/ros2_humble/install/rqt_publisher:/home/nida/ros2_humble/install/rqt_plot:/home/nida/ros2_humble/install/rqt_action:/home/nida/ros2_humble/install/rqt_msg:/home/nida/ros2_humble/install/rqt_console:/home/nida/ros2_humble/install/rqt:/home/nida/ros2_humble/install/rqt_graph:/home/nida/ros2_humble/install/rqt_gui_py:/home/nida/ros2_humble/install/rqt_gui:/home/nida/ros2_humble/install/ros2trace:/home/nida/ros2_humble/install/ros2topic:/home/nida/ros2_humble/install/ros2test:/home/nida/ros2_humble/install/ros2component:/home/nida/ros2_humble/install/ros2param:/home/nida/ros2_humble/install/ros2lifecycle:/home/nida/ros2_humble/install/ros2service:/home/nida/ros2_humble/install/ros2run:/home/nida/ros2_humble/install/ros2launch:/home/nida/ros2_humble/install/ros2pkg:/home/nida/ros2_humble/install/ros2node:/home/nida/ros2_humble/install/ros2multicast:/home/nida/ros2_humble/install/ros2interface:/home/nida/ros2_humble/install/ros2doctor:/home/nida/ros2_humble/install/ros2action:/home/nida/ros2_humble/install/ros2cli:/home/nida/ros2_humble/install/quality_of_service_demo_py:/home/nida/ros2_humble/install/lifecycle_py:/home/nida/ros2_humble/install/launch_testing_ros:/home/nida/ros2_humble/install/launch_ros:/home/nida/ros2_humble/install/examples_rclpy_pointcloud_publisher:/home/nida/ros2_humble/install/examples_rclpy_minimal_subscriber:/home/nida/ros2_humble/install/examples_rclpy_minimal_service:/home/nida/ros2_humble/install/examples_rclpy_minimal_publisher:/home/nida/ros2_humble/install/examples_rclpy_minimal_client:/home/nida/ros2_humble/install/examples_rclpy_minimal_action_server:/home/nida/ros2_humble/install/examples_rclpy_minimal_action_client:/home/nida/ros2_humble/install/examples_rclpy_guard_conditions:/home/nida/ros2_humble/install/examples_rclpy_executors:/home/nida/ros2_humble/install/demo_nodes_py:/home/nida/ros2_humble/install/action_tutorials_py:/home/nida/ros2_humble/install/ament_uncrustify:/home/nida/ros2_humble/install/tracetools_trace:/home/nida/ros2_humble/install/tracetools_read:/home/nida/ros2_humble/install/test_tracetools_launch:/home/nida/ros2_humble/install/test_launch_ros:/home/nida/ros2_humble/install/sensor_msgs_py:/home/nida/ros2_humble/install/rpyutils:/home/nida/ros2_humble/install/rosidl_runtime_py:/home/nida/ros2_humble/install/rosidl_cli:/home/nida/ros2_humble/install/launch_pytest:/home/nida/ros2_humble/install/launch_testing:/home/nida/ros2_humble/install/launch_yaml:/home/nida/ros2_humble/install/launch_xml:/home/nida/ros2_humble/install/launch:/home/nida/ros2_humble/install/osrf_pycommon:/home/nida/ros2_humble/install/launch_testing_examples:/home/nida/ros2_humble/install/domain_coordinator:/home/nida/ros2_humble/install/ament_xmllint:/home/nida/ros2_humble/install/ament_pyflakes:/home/nida/ros2_humble/install/ament_pycodestyle:/home/nida/ros2_humble/install/ament_pep257:/home/nida/ros2_humble/install/ament_pclint:/home/nida/ros2_humble/install/ament_package:/home/nida/ros2_humble/install/ament_mypy:/home/nida/ros2_humble/install/ament_lint_cmake:/home/nida/ros2_humble/install/ament_flake8:/home/nida/ros2_humble/install/ament_copyright:/home/nida/ros2_humble/install/ament_lint:/home/nida/ros2_humble/install/ament_index_python:/home/nida/ros2_humble/install/ament_cpplint:/home/nida/ros2_humble/install/ament_cppcheck:/home/nida/ros2_humble/install/ament_clang_tidy:/home/nida/ros2_humble/install/ament_clang_format:/opt/ros/humble /home/nida/.local/bin/cmake --build /home/nida/Desktop/qml_ws/build/qml_pkg -- -j8 -l8
[0.159s] [ 25%] [32mBuilding CXX object CMakeFiles/publisher_node.dir/src/publisher_node.cpp.o[0m
[0.159s] [ 50%] [32mBuilding CXX object CMakeFiles/main.dir/src/main.cpp.o[0m
[0.300s] [01m[K/home/nida/Desktop/qml_ws/src/qml_pkg/src/publisher_node.cpp:2:10:[m[K [01;31m[Kfatal error: [m[Kexample_interfaces/msg/string.hpp: No such file or directory
[0.300s]     2 | #include [01;31m[K"example_interfaces/msg/string.hpp"[m[K  // Fixed header include
[0.300s]       |          [01;31m[K^~~~~~~~~~~~~~~~~~~~~~~~~~~~~~~~~~~[m[K
[0.300s] compilation terminated.
[0.301s] gmake[2]: *** [CMakeFiles/publisher_node.dir/build.make:76: CMakeFiles/publisher_node.dir/src/publisher_node.cpp.o] Error 1
[0.302s] gmake[1]: *** [CMakeFiles/Makefile2:165: CMakeFiles/publisher_node.dir/all] Error 2
[0.302s] gmake[1]: *** Waiting for unfinished jobs....
[2.177s] [01m[K/home/nida/Desktop/qml_ws/src/qml_pkg/src/main.cpp:[m[K In function ‘[01m[Kvoid update_slider(QObject*)[m[K’:
[2.177s] [01m[K/home/nida/Desktop/qml_ws/src/qml_pkg/src/main.cpp:15:46:[m[K [01;31m[Kerror: [m[Kno matching function for call to ‘[01m[KQVariant::QVariant(std_msgs::msg::Int32&)[m[K’
[2.178s]    15 |     obj->setProperty("value", QVariant(SLIDER[01;31m[K)[m[K);
[2.178s]       |                                              [01;31m[K^[m[K
[2.178s] In file included from [01m[K/home/nida/Qt/6.6.3/gcc_64/include/QtCore/qlocale.h:7[m[K,
[2.178s]                  from [01m[K/home/nida/Qt/6.6.3/gcc_64/include/QtGui/qguiapplication.h:11[m[K,
[2.178s]                  from [01m[K/home/nida/Qt/6.6.3/gcc_64/include/QtGui/QGuiApplication:1[m[K,
[2.178s]                  from [01m[K/home/nida/Desktop/qml_ws/src/qml_pkg/src/main.cpp:1[m[K:
[2.178s] [01m[K/home/nida/Qt/6.6.3/gcc_64/include/QtCore/qvariant.h:314:5:[m[K [01;36m[Knote: [m[Kcandidate: ‘[01m[Ktemplate<class T, typename std::enable_if<disjunction_v<std::is_pointer<_Tp>, std::is_member_pointer<_Tp> >, bool>::type <anonymous> > QVariant::QVariant(T)[m[K’ (deleted)
[2.178s]   314 |     [01;36m[KQVariant[m[K(T) = delete;
[2.178s]       |     [01;36m[K^~~~~~~~[m[K
[2.178s] [01m[K/home/nida/Qt/6.6.3/gcc_64/include/QtCore/qvariant.h:314:5:[m[K [01;36m[Knote: [m[K  template argument deduction/substitution failed:
[2.178s] [01m[K/home/nida/Qt/6.6.3/gcc_64/include/QtCore/qvariant.h:313:107:[m[K [01;31m[Kerror: [m[Kno type named ‘[01m[Ktype[m[K’ in ‘[01m[Kstruct std::enable_if<false, bool>[m[K’
[2.178s]   313 |               std::enable_if_t<std::disjunction_v<std::is_pointer<T>, std::is_member_pointer<T>>, bool> = [01;31m[Kfalse[m[K>
[2.178s]       |                                                                                                           [01;31m[K^~~~~[m[K
[2.178s] [01m[K/home/nida/Qt/6.6.3/gcc_64/include/QtCore/qvariant.h:242:14:[m[K [01;36m[Knote: [m[Kcandidate: ‘[01m[Ktemplate<class T, class U, class ... Args, typename std::enable_if<conjunction_v<std::is_copy_constructible<typename std::remove_cv<typename std::remove_reference<_Tp>::type>::type>, std::is_destructible<typename std::remove_cv<typename std::remove_reference<_Tp>::type>::type>, std::is_constructible<typename std::remove_cv<typename std::remove_reference<_Tp>::type>::type, std::initializer_list<_Up>&, Args ...> >, bool>::type <anonymous> > QVariant::QVariant(std::in_place_type_t<_Tp>, std::initializer_list<_Up>, Args&& ...)[m[K’
[2.178s]   242 |     explicit [01;36m[KQVariant[m[K(std::in_place_type_t<T>, std::initializer_list<U> il, Args&&... args)
[2.178s]       |              [01;36m[K^~~~~~~~[m[K
[2.178s] [01m[K/home/nida/Qt/6.6.3/gcc_64/include/QtCore/qvariant.h:242:14:[m[K [01;36m[Knote: [m[K  template argument deduction/substitution failed:
[2.178s] [01m[K/home/nida/Desktop/qml_ws/src/qml_pkg/src/main.cpp:15:46:[m[K [01;36m[Knote: [m[K  ‘[01m[Kstd_msgs::msg::Int32_<std::allocator<void> >[m[K’ is not derived from ‘[01m[Kstd::in_place_type_t<_Tp>[m[K’
[2.178s]    15 |     obj->setProperty("value", QVariant(SLIDER[01;36m[K)[m[K);
[2.178s]       |                                              [01;36m[K^[m[K
[2.178s] In file included from [01m[K/home/nida/Qt/6.6.3/gcc_64/include/QtCore/qlocale.h:7[m[K,
[2.178s]                  from [01m[K/home/nida/Qt/6.6.3/gcc_64/include/QtGui/qguiapplication.h:11[m[K,
[2.178s]                  from [01m[K/home/nida/Qt/6.6.3/gcc_64/include/QtGui/QGuiApplication:1[m[K,
[2.178s]                  from [01m[K/home/nida/Desktop/qml_ws/src/qml_pkg/src/main.cpp:1[m[K:
[2.178s] [01m[K/home/nida/Qt/6.6.3/gcc_64/include/QtCore/qvariant.h:232:14:[m[K [01;36m[Knote: [m[Kcandidate: ‘[01m[Ktemplate<class T, class ... Args, typename std::enable_if<conjunction_v<std::is_copy_constructible<typename std::remove_cv<typename std::remove_reference<_Tp>::type>::type>, std::is_destructible<typename std::remove_cv<typename std::remove_reference<_Tp>::type>::type>, std::is_constructible<typename std::remove_cv<typename std::remove_reference<_Tp>::type>::type, Args ...> >, bool>::type <anonymous> > QVariant::QVariant(std::in_place_type_t<_Tp>, Args&& ...)[m[K’
[2.178s]   232 |     explicit [01;36m[KQVariant[m[K(std::in_place_type_t<T>, Args&&... args)
[2.178s]       |              [01;36m[K^~~~~~~~[m[K
[2.179s] [01m[K/home/nida/Qt/6.6.3/gcc_64/include/QtCore/qvariant.h:232:14:[m[K [01;36m[Knote: [m[K  template argument deduction/substitution failed:
[2.179s] [01m[K/home/nida/Desktop/qml_ws/src/qml_pkg/src/main.cpp:15:46:[m[K [01;36m[Knote: [m[K  ‘[01m[Kstd_msgs::msg::Int32_<std::allocator<void> >[m[K’ is not derived from ‘[01m[Kstd::in_place_type_t<_Tp>[m[K’
[2.179s]    15 |     obj->setProperty("value", QVariant(SLIDER[01;36m[K)[m[K);
[2.179s]       |                                              [01;36m[K^[m[K
[2.179s] In file included from [01m[K/home/nida/Qt/6.6.3/gcc_64/include/QtCore/qlocale.h:7[m[K,
[2.179s]                  from [01m[K/home/nida/Qt/6.6.3/gcc_64/include/QtGui/qguiapplication.h:11[m[K,
[2.179s]                  from [01m[K/home/nida/Qt/6.6.3/gcc_64/include/QtGui/QGuiApplication:1[m[K,
[2.179s]                  from [01m[K/home/nida/Desktop/qml_ws/src/qml_pkg/src/main.cpp:1[m[K:
[2.179s] [01m[K/home/nida/Qt/6.6.3/gcc_64/include/QtCore/qvariant.h:681:5:[m[K [01;36m[Knote: [m[Kcandidate: ‘[01m[KQVariant::QVariant(std::in_place_t, QMetaType)[m[K’
[2.179s]   681 |     [01;36m[KQVariant[m[K(std::in_place_t, QMetaType type);
[2.179s]       |     [01;36m[K^~~~~~~~[m[K
[2.179s] [01m[K/home/nida/Qt/6.6.3/gcc_64/include/QtCore/qvariant.h:681:5:[m[K [01;36m[Knote: [m[K  candidate expects 2 arguments, 1 provided
[2.179s] [01m[K/home/nida/Qt/6.6.3/gcc_64/include/QtCore/qvariant.h:428:14:[m[K [01;36m[Knote: [m[Kcandidate: ‘[01m[KQVariant::QVariant(QVariant::Type)[m[K’
[2.179s]   428 |     explicit [01;36m[KQVariant[m[K(Type type)
[2.179s]       |              [01;36m[K^~~~~~~~[m[K
[2.179s] [01m[K/home/nida/Qt/6.6.3/gcc_64/include/QtCore/qvariant.h:428:28:[m[K [01;36m[Knote: [m[K  no known conversion for argument 1 from ‘[01m[Kstd_msgs::msg::Int32[m[K’ {aka ‘[01m[Kstd_msgs::msg::Int32_<std::allocator<void> >[m[K’} to ‘[01m[KQVariant::Type[m[K’
[2.179s]   428 |     explicit QVariant([01;36m[KType type[m[K)
[2.179s]       |                       [01;36m[K~~~~~^~~~[m[K
[2.179s] [01m[K/home/nida/Qt/6.6.3/gcc_64/include/QtCore/qvariant.h:332:12:[m[K [01;36m[Knote: [m[Kcandidate: ‘[01m[KQVariant::QVariant(QVariant&&)[m[K’
[2.179s]   332 |     inline [01;36m[KQVariant[m[K(QVariant &&other) noexcept : d(other.d)
[2.179s]       |            [01;36m[K^~~~~~~~[m[K
[2.179s] [01m[K/home/nida/Qt/6.6.3/gcc_64/include/QtCore/qvariant.h:332:32:[m[K [01;36m[Knote: [m[K  no known conversion for argument 1 from ‘[01m[Kstd_msgs::msg::Int32[m[K’ {aka ‘[01m[Kstd_msgs::msg::Int32_<std::allocator<void> >[m[K’} to ‘[01m[KQVariant&&[m[K’
[2.179s]   332 |     inline QVariant([01;36m[KQVariant &&other[m[K) noexcept : d(other.d)
[2.179s]       |                     [01;36m[K~~~~~~~~~~~^~~~~[m[K
[2.179s] [01m[K/home/nida/Qt/6.6.3/gcc_64/include/QtCore/qvariant.h:308:5:[m[K [01;36m[Knote: [m[Kcandidate: ‘[01m[KQVariant::QVariant(QLatin1StringView)[m[K’
[2.179s]   308 |     [01;36m[KQVariant[m[K(QLatin1StringView string) noexcept(false); // converts to QString
[2.179s]       |     [01;36m[K^~~~~~~~[m[K
[2.180s] [01m[K/home/nida/Qt/6.6.3/gcc_64/include/QtCore/qvariant.h:308:32:[m[K [01;36m[Knote: [m[K  no known conversion for argument 1 from ‘[01m[Kstd_msgs::msg::Int32[m[K’ {aka ‘[01m[Kstd_msgs::msg::Int32_<std::allocator<void> >[m[K’} to ‘[01m[KQLatin1StringView[m[K’ {aka ‘[01m[KQLatin1String[m[K’}
[2.180s]   308 |     QVariant([01;36m[KQLatin1StringView string[m[K) noexcept(false); // converts to QString
[2.180s]       |              [01;36m[K~~~~~~~~~~~~~~~~~~^~~~~~[m[K
[2.180s] [01m[K/home/nida/Qt/6.6.3/gcc_64/include/QtCore/qvariant.h:304:24:[m[K [01;36m[Knote: [m[Kcandidate: ‘[01m[KQVariant::QVariant(const char*)[m[K’
[2.180s]   304 |     QT_ASCII_CAST_WARN [01;36m[KQVariant[m[K(const char *str) noexcept(false)
[2.180s]       |                        [01;36m[K^~~~~~~~[m[K
[2.180s] [01m[K/home/nida/Qt/6.6.3/gcc_64/include/QtCore/qvariant.h:304:45:[m[K [01;36m[Knote: [m[K  no known conversion for argument 1 from ‘[01m[Kstd_msgs::msg::Int32[m[K’ {aka ‘[01m[Kstd_msgs::msg::Int32_<std::allocator<void> >[m[K’} to ‘[01m[Kconst char*[m[K’
[2.180s]   304 |     QT_ASCII_CAST_WARN QVariant([01;36m[Kconst char *str[m[K) noexcept(false)
[2.180s]       |                                 [01;36m[K~~~~~~~~~~~~^~~[m[K
[2.180s] [01m[K/home/nida/Qt/6.6.3/gcc_64/include/QtCore/qvariant.h:301:5:[m[K [01;36m[Knote: [m[Kcandidate: ‘[01m[KQVariant::QVariant(const QPersistentModelIndex&)[m[K’
[2.180s]   301 |     [01;36m[KQVariant[m[K(const QPersistentModelIndex &modelIndex) noexcept(false);
[2.180s]       |     [01;36m[K^~~~~~~~[m[K
[2.180s] [01m[K/home/nida/Qt/6.6.3/gcc_64/include/QtCore/qvariant.h:301:43:[m[K [01;36m[Knote: [m[K  no known conversion for argument 1 from ‘[01m[Kstd_msgs::msg::Int32[m[K’ {aka ‘[01m[Kstd_msgs::msg::Int32_<std::allocator<void> >[m[K’} to ‘[01m[Kconst QPersistentModelIndex&[m[K’
[2.180s]   301 |     QVariant([01;36m[Kconst QPersistentModelIndex &modelIndex[m[K) noexcept(false);
[2.180s]       |              [01;36m[K~~~~~~~~~~~~~~~~~~~~~~~~~~~~~^~~~~~~~~~[m[K
[2.180s] [01m[K/home/nida/Qt/6.6.3/gcc_64/include/QtCore/qvariant.h:300:5:[m[K [01;36m[Knote: [m[Kcandidate: ‘[01m[KQVariant::QVariant(const QJsonDocument&)[m[K’
[2.180s]   300 |     [01;36m[KQVariant[m[K(const QJsonDocument &jsonDocument) noexcept(false);
[2.180s]       |     [01;36m[K^~~~~~~~[m[K
[2.180s] [01m[K/home/nida/Qt/6.6.3/gcc_64/include/QtCore/qvariant.h:300:35:[m[K [01;36m[Knote: [m[K  no known conversion for argument 1 from ‘[01m[Kstd_msgs::msg::Int32[m[K’ {aka ‘[01m[Kstd_msgs::msg::Int32_<std::allocator<void> >[m[K’} to ‘[01m[Kconst QJsonDocument&[m[K’
[2.180s]   300 |     QVariant([01;36m[Kconst QJsonDocument &jsonDocument[m[K) noexcept(false);
[2.180s]       |              [01;36m[K~~~~~~~~~~~~~~~~~~~~~^~~~~~~~~~~~[m[K
[2.180s] [01m[K/home/nida/Qt/6.6.3/gcc_64/include/QtCore/qvariant.h:299:5:[m[K [01;36m[Knote: [m[Kcandidate: ‘[01m[KQVariant::QVariant(const QEasingCurve&)[m[K’
[2.180s]   299 |     [01;36m[KQVariant[m[K(const QEasingCurve &easing) noexcept(false);
[2.180s]       |     [01;36m[K^~~~~~~~[m[K
[2.180s] [01m[K/home/nida/Qt/6.6.3/gcc_64/include/QtCore/qvariant.h:299:34:[m[K [01;36m[Knote: [m[K  no known conversion for argument 1 from ‘[01m[Kstd_msgs::msg::Int32[m[K’ {aka ‘[01m[Kstd_msgs::msg::Int32_<std::allocator<void> >[m[K’} to ‘[01m[Kconst QEasingCurve&[m[K’
[2.180s]   299 |     QVariant([01;36m[Kconst QEasingCurve &easing[m[K) noexcept(false);
[2.181s]       |              [01;36m[K~~~~~~~~~~~~~~~~~~~~^~~~~~[m[K
[2.181s] [01m[K/home/nida/Qt/6.6.3/gcc_64/include/QtCore/qvariant.h:295:5:[m[K [01;36m[Knote: [m[Kcandidate: ‘[01m[KQVariant::QVariant(QRectF)[m[K’
[2.181s]   295 |     [01;36m[KQVariant[m[K(QRectF rect) noexcept(Private::FitsInInternalSize<sizeof(qreal) * 4>);
[2.181s]       |     [01;36m[K^~~~~~~~[m[K
[2.181s] [01m[K/home/nida/Qt/6.6.3/gcc_64/include/QtCore/qvariant.h:295:21:[m[K [01;36m[Knote: [m[K  no known conversion for argument 1 from ‘[01m[Kstd_msgs::msg::Int32[m[K’ {aka ‘[01m[Kstd_msgs::msg::Int32_<std::allocator<void> >[m[K’} to ‘[01m[KQRectF[m[K’
[2.181s]   295 |     QVariant([01;36m[KQRectF rect[m[K) noexcept(Private::FitsInInternalSize<sizeof(qreal) * 4>);
[2.181s]       |              [01;36m[K~~~~~~~^~~~[m[K
[2.181s] [01m[K/home/nida/Qt/6.6.3/gcc_64/include/QtCore/qvariant.h:294:5:[m[K [01;36m[Knote: [m[Kcandidate: ‘[01m[KQVariant::QVariant(QRect)[m[K’
[2.181s]   294 |     [01;36m[KQVariant[m[K(QRect rect) noexcept(Private::FitsInInternalSize<sizeof(int) * 4>);
[2.181s]       |     [01;36m[K^~~~~~~~[m[K
[2.181s] [01m[K/home/nida/Qt/6.6.3/gcc_64/include/QtCore/qvariant.h:294:20:[m[K [01;36m[Knote: [m[K  no known conversion for argument 1 from ‘[01m[Kstd_msgs::msg::Int32[m[K’ {aka ‘[01m[Kstd_msgs::msg::Int32_<std::allocator<void> >[m[K’} to ‘[01m[KQRect[m[K’
[2.181s]   294 |     QVariant([01;36m[KQRect rect[m[K) noexcept(Private::FitsInInternalSize<sizeof(int) * 4>);
[2.181s]       |              [01;36m[K~~~~~~^~~~[m[K
[2.181s] [01m[K/home/nida/Qt/6.6.3/gcc_64/include/QtCore/qvariant.h:293:5:[m[K [01;36m[Knote: [m[Kcandidate: ‘[01m[KQVariant::QVariant(QLineF)[m[K’
[2.181s]   293 |     [01;36m[KQVariant[m[K(QLineF line) noexcept(Private::FitsInInternalSize<sizeof(qreal) * 4>);
[2.181s]       |     [01;36m[K^~~~~~~~[m[K
[2.181s] [01m[K/home/nida/Qt/6.6.3/gcc_64/include/QtCore/qvariant.h:293:21:[m[K [01;36m[Knote: [m[K  no known conversion for argument 1 from ‘[01m[Kstd_msgs::msg::Int32[m[K’ {aka ‘[01m[Kstd_msgs::msg::Int32_<std::allocator<void> >[m[K’} to ‘[01m[KQLineF[m[K’
[2.181s]   293 |     QVariant([01;36m[KQLineF line[m[K) noexcept(Private::FitsInInternalSize<sizeof(qreal) * 4>);
[2.181s]       |              [01;36m[K~~~~~~~^~~~[m[K
[2.181s] [01m[K/home/nida/Qt/6.6.3/gcc_64/include/QtCore/qvariant.h:292:5:[m[K [01;36m[Knote: [m[Kcandidate: ‘[01m[KQVariant::QVariant(QLine)[m[K’
[2.181s]   292 |     [01;36m[KQVariant[m[K(QLine line) noexcept(Private::FitsInInternalSize<sizeof(int) * 4>);
[2.181s]       |     [01;36m[K^~~~~~~~[m[K
[2.181s] [01m[K/home/nida/Qt/6.6.3/gcc_64/include/QtCore/qvariant.h:292:20:[m[K [01;36m[Knote: [m[K  no known conversion for argument 1 from ‘[01m[Kstd_msgs::msg::Int32[m[K’ {aka ‘[01m[Kstd_msgs::msg::Int32_<std::allocator<void> >[m[K’} to ‘[01m[KQLine[m[K’
[2.181s]   292 |     QVariant([01;36m[KQLine line[m[K) noexcept(Private::FitsInInternalSize<sizeof(int) * 4>);
[2.181s]       |              [01;36m[K~~~~~~^~~~[m[K
[2.182s] [01m[K/home/nida/Qt/6.6.3/gcc_64/include/QtCore/qvariant.h:291:5:[m[K [01;36m[Knote: [m[Kcandidate: ‘[01m[KQVariant::QVariant(QPointF)[m[K’
[2.182s]   291 |     [01;36m[KQVariant[m[K(QPointF pt) noexcept(Private::FitsInInternalSize<sizeof(qreal) * 2>);
[2.182s]       |     [01;36m[K^~~~~~~~[m[K
[2.182s] [01m[K/home/nida/Qt/6.6.3/gcc_64/include/QtCore/qvariant.h:291:22:[m[K [01;36m[Knote: [m[K  no known conversion for argument 1 from ‘[01m[Kstd_msgs::msg::Int32[m[K’ {aka ‘[01m[Kstd_msgs::msg::Int32_<std::allocator<void> >[m[K’} to ‘[01m[KQPointF[m[K’
[2.182s]   291 |     QVariant([01;36m[KQPointF pt[m[K) noexcept(Private::FitsInInternalSize<sizeof(qreal) * 2>);
[2.182s]       |              [01;36m[K~~~~~~~~^~[m[K
[2.182s] [01m[K/home/nida/Qt/6.6.3/gcc_64/include/QtCore/qvariant.h:290:5:[m[K [01;36m[Knote: [m[Kcandidate: ‘[01m[KQVariant::QVariant(QPoint)[m[K’
[2.182s]   290 |     [01;36m[KQVariant[m[K(QPoint pt) noexcept;
[2.182s]       |     [01;36m[K^~~~~~~~[m[K
[2.182s] [01m[K/home/nida/Qt/6.6.3/gcc_64/include/QtCore/qvariant.h:290:21:[m[K [01;36m[Knote: [m[K  no known conversion for argument 1 from ‘[01m[Kstd_msgs::msg::Int32[m[K’ {aka ‘[01m[Kstd_msgs::msg::Int32_<std::allocator<void> >[m[K’} to ‘[01m[KQPoint[m[K’
[2.182s]   290 |     QVariant([01;36m[KQPoint pt[m[K) noexcept;
[2.182s]       |              [01;36m[K~~~~~~~^~[m[K
[2.182s] [01m[K/home/nida/Qt/6.6.3/gcc_64/include/QtCore/qvariant.h:289:5:[m[K [01;36m[Knote: [m[Kcandidate: ‘[01m[KQVariant::QVariant(QSizeF)[m[K’
[2.182s]   289 |     [01;36m[KQVariant[m[K(QSizeF size) noexcept(Private::FitsInInternalSize<sizeof(qreal) * 2>);
[2.182s]       |     [01;36m[K^~~~~~~~[m[K
[2.182s] [01m[K/home/nida/Qt/6.6.3/gcc_64/include/QtCore/qvariant.h:289:21:[m[K [01;36m[Knote: [m[K  no known conversion for argument 1 from ‘[01m[Kstd_msgs::msg::Int32[m[K’ {aka ‘[01m[Kstd_msgs::msg::Int32_<std::allocator<void> >[m[K’} to ‘[01m[KQSizeF[m[K’
[2.182s]   289 |     QVariant([01;36m[KQSizeF size[m[K) noexcept(Private::FitsInInternalSize<sizeof(qreal) * 2>);
[2.182s]       |              [01;36m[K~~~~~~~^~~~[m[K
[2.182s] [01m[K/home/nida/Qt/6.6.3/gcc_64/include/QtCore/qvariant.h:288:5:[m[K [01;36m[Knote: [m[Kcandidate: ‘[01m[KQVariant::QVariant(QSize)[m[K’
[2.182s]   288 |     [01;36m[KQVariant[m[K(QSize size) noexcept;
[2.182s]       |     [01;36m[K^~~~~~~~[m[K
[2.182s] [01m[K/home/nida/Qt/6.6.3/gcc_64/include/QtCore/qvariant.h:288:20:[m[K [01;36m[Knote: [m[K  no known conversion for argument 1 from ‘[01m[Kstd_msgs::msg::Int32[m[K’ {aka ‘[01m[Kstd_msgs::msg::Int32_<std::allocator<void> >[m[K’} to ‘[01m[KQSize[m[K’
[2.182s]   288 |     QVariant([01;36m[KQSize size[m[K) noexcept;
[2.182s]       |              [01;36m[K~~~~~~^~~~[m[K
[2.182s] [01m[K/home/nida/Qt/6.6.3/gcc_64/include/QtCore/qvariant.h:286:5:[m[K [01;36m[Knote: [m[Kcandidate: ‘[01m[KQVariant::QVariant(QUuid)[m[K’
[2.182s]   286 |     [01;36m[KQVariant[m[K(QUuid uuid) noexcept(Private::FitsInInternalSize<16>);
[2.182s]       |     [01;36m[K^~~~~~~~[m[K
[2.182s] [01m[K/home/nida/Qt/6.6.3/gcc_64/include/QtCore/qvariant.h:286:20:[m[K [01;36m[Knote: [m[K  no known conversion for argument 1 from ‘[01m[Kstd_msgs::msg::Int32[m[K’ {aka ‘[01m[Kstd_msgs::msg::Int32_<std::allocator<void> >[m[K’} to ‘[01m[KQUuid[m[K’
[2.183s]   286 |     QVariant([01;36m[KQUuid uuid[m[K) noexcept(Private::FitsInInternalSize<16>);
[2.183s]       |              [01;36m[K~~~~~~^~~~[m[K
[2.183s] [01m[K/home/nida/Qt/6.6.3/gcc_64/include/QtCore/qvariant.h:285:5:[m[K [01;36m[Knote: [m[Kcandidate: ‘[01m[KQVariant::QVariant(const QModelIndex&)[m[K’
[2.183s]   285 |     [01;36m[KQVariant[m[K(const QModelIndex &modelIndex) noexcept(Private::FitsInInternalSize<8 + 2 * sizeof(quintptr)>);
[2.183s]       |     [01;36m[K^~~~~~~~[m[K
[2.183s] [01m[K/home/nida/Qt/6.6.3/gcc_64/include/QtCore/qvariant.h:285:33:[m[K [01;36m[Knote: [m[K  no known conversion for argument 1 from ‘[01m[Kstd_msgs::msg::Int32[m[K’ {aka ‘[01m[Kstd_msgs::msg::Int32_<std::allocator<void> >[m[K’} to ‘[01m[Kconst QModelIndex&[m[K’
[2.183s]   285 |     QVariant([01;36m[Kconst QModelIndex &modelIndex[m[K) noexcept(Private::FitsInInternalSize<8 + 2 * sizeof(quintptr)>);
[2.183s]       |              [01;36m[K~~~~~~~~~~~~~~~~~~~^~~~~~~~~~[m[K
[2.183s] [01m[K/home/nida/Qt/6.6.3/gcc_64/include/QtCore/qvariant.h:284:5:[m[K [01;36m[Knote: [m[Kcandidate: ‘[01m[KQVariant::QVariant(const QJsonValue&)[m[K’
[2.183s]   284 |     [01;36m[KQVariant[m[K(const QJsonValue &jsonValue) noexcept(Private::FitsInInternalSize<sizeof(CborValueStandIn)>);
[2.183s]       |     [01;36m[K^~~~~~~~[m[K
[2.183s] [01m[K/home/nida/Qt/6.6.3/gcc_64/include/QtCore/qvariant.h:284:32:[m[K [01;36m[Knote: [m[K  no known conversion for argument 1 from ‘[01m[Kstd_msgs::msg::Int32[m[K’ {aka ‘[01m[Kstd_msgs::msg::Int32_<std::allocator<void> >[m[K’} to ‘[01m[Kconst QJsonValue&[m[K’
[2.183s]   284 |     QVariant([01;36m[Kconst QJsonValue &jsonValue[m[K) noexcept(Private::FitsInInternalSize<sizeof(CborValueStandIn)>);
[2.183s]       |              [01;36m[K~~~~~~~~~~~~~~~~~~^~~~~~~~~[m[K
[2.183s] [01m[K/home/nida/Qt/6.6.3/gcc_64/include/QtCore/qvariant.h:280:5:[m[K [01;36m[Knote: [m[Kcandidate: ‘[01m[KQVariant::QVariant(const QUrl&)[m[K’
[2.183s]   280 |     [01;36m[KQVariant[m[K(const QUrl &url) noexcept;
[2.183s]       |     [01;36m[K^~~~~~~~[m[K
[2.183s] [01m[K/home/nida/Qt/6.6.3/gcc_64/include/QtCore/qvariant.h:280:26:[m[K [01;36m[Knote: [m[K  no known conversion for argument 1 from ‘[01m[Kstd_msgs::msg::Int32[m[K’ {aka ‘[01m[Kstd_msgs::msg::Int32_<std::allocator<void> >[m[K’} to ‘[01m[Kconst QUrl&[m[K’
[2.183s]   280 |     QVariant([01;36m[Kconst QUrl &url[m[K) noexcept;
[2.183s]       |              [01;36m[K~~~~~~~~~~~~^~~[m[K
[2.183s] [01m[K/home/nida/Qt/6.6.3/gcc_64/include/QtCore/qvariant.h:279:5:[m[K [01;36m[Knote: [m[Kcandidate: ‘[01m[KQVariant::QVariant(const QStringList&)[m[K’
[2.183s]   279 |     [01;36m[KQVariant[m[K(const QStringList &stringlist) noexcept;
[2.183s]       |     [01;36m[K^~~~~~~~[m[K
[2.183s] [01m[K/home/nida/Qt/6.6.3/gcc_64/include/QtCore/qvariant.h:279:33:[m[K [01;36m[Knote: [m[K  no known conversion for argument 1 from ‘[01m[Kstd_msgs::msg::Int32[m[K’ {aka ‘[01m[Kstd_msgs::msg::Int32_<std::allocator<void> >[m[K’} to ‘[01m[Kconst QStringList&[m[K’ {aka ‘[01m[Kconst QList<QString>&[m[K’}
[2.183s]   279 |     QVariant([01;36m[Kconst QStringList &stringlist[m[K) noexcept;
[2.183s]       |              [01;36m[K~~~~~~~~~~~~~~~~~~~^~~~~~~~~~[m[K
[2.183s] [01m[K/home/nida/Qt/6.6.3/gcc_64/include/QtCore/qvariant.h:278:5:[m[K [01;36m[Knote: [m[Kcandidate: ‘[01m[KQVariant::QVariant(const QString&)[m[K’
[2.183s]   278 |     [01;36m[KQVariant[m[K(const QString &string) noexcept;
[2.184s]       |     [01;36m[K^~~~~~~~[m[K
[2.184s] [01m[K/home/nida/Qt/6.6.3/gcc_64/include/QtCore/qvariant.h:278:29:[m[K [01;36m[Knote: [m[K  no known conversion for argument 1 from ‘[01m[Kstd_msgs::msg::Int32[m[K’ {aka ‘[01m[Kstd_msgs::msg::Int32_<std::allocator<void> >[m[K’} to ‘[01m[Kconst QString&[m[K’
[2.184s]   278 |     QVariant([01;36m[Kconst QString &string[m[K) noexcept;
[2.184s]       |              [01;36m[K~~~~~~~~~~~~~~~^~~~~~[m[K
[2.184s] [01m[K/home/nida/Qt/6.6.3/gcc_64/include/QtCore/qvariant.h:277:5:[m[K [01;36m[Knote: [m[Kcandidate: ‘[01m[KQVariant::QVariant(const QRegularExpression&)[m[K’
[2.184s]   277 |     [01;36m[KQVariant[m[K(const QRegularExpression &re) noexcept;
[2.184s]       |     [01;36m[K^~~~~~~~[m[K
[2.184s] [01m[K/home/nida/Qt/6.6.3/gcc_64/include/QtCore/qvariant.h:277:40:[m[K [01;36m[Knote: [m[K  no known conversion for argument 1 from ‘[01m[Kstd_msgs::msg::Int32[m[K’ {aka ‘[01m[Kstd_msgs::msg::Int32_<std::allocator<void> >[m[K’} to ‘[01m[Kconst QRegularExpression&[m[K’
[2.184s]   277 |     QVariant([01;36m[Kconst QRegularExpression &re[m[K) noexcept;
[2.184s]       |              [01;36m[K~~~~~~~~~~~~~~~~~~~~~~~~~~^~[m[K
[2.184s] [01m[K/home/nida/Qt/6.6.3/gcc_64/include/QtCore/qvariant.h:276:5:[m[K [01;36m[Knote: [m[Kcandidate: ‘[01m[KQVariant::QVariant(const QMap<QString, QVariant>&)[m[K’
[2.184s]   276 |     [01;36m[KQVariant[m[K(const QMap<QString, QVariant> &map) noexcept;
[2.184s]       |     [01;36m[K^~~~~~~~[m[K
[2.184s] [01m[K/home/nida/Qt/6.6.3/gcc_64/include/QtCore/qvariant.h:276:45:[m[K [01;36m[Knote: [m[K  no known conversion for argument 1 from ‘[01m[Kstd_msgs::msg::Int32[m[K’ {aka ‘[01m[Kstd_msgs::msg::Int32_<std::allocator<void> >[m[K’} to ‘[01m[Kconst QMap<QString, QVariant>&[m[K’
[2.184s]   276 |     QVariant([01;36m[Kconst QMap<QString, QVariant> &map[m[K) noexcept;
[2.184s]       |              [01;36m[K~~~~~~~~~~~~~~~~~~~~~~~~~~~~~~~^~~[m[K
[2.184s] [01m[K/home/nida/Qt/6.6.3/gcc_64/include/QtCore/qvariant.h:275:5:[m[K [01;36m[Knote: [m[Kcandidate: ‘[01m[KQVariant::QVariant(const QLocale&)[m[K’
[2.184s]   275 |     [01;36m[KQVariant[m[K(const QLocale &locale) noexcept;
[2.184s]       |     [01;36m[K^~~~~~~~[m[K
[2.184s] [01m[K/home/nida/Qt/6.6.3/gcc_64/include/QtCore/qvariant.h:275:29:[m[K [01;36m[Knote: [m[K  no known conversion for argument 1 from ‘[01m[Kstd_msgs::msg::Int32[m[K’ {aka ‘[01m[Kstd_msgs::msg::Int32_<std::allocator<void> >[m[K’} to ‘[01m[Kconst QLocale&[m[K’
[2.184s]   275 |     QVariant([01;36m[Kconst QLocale &locale[m[K) noexcept;
[2.184s]       |              [01;36m[K~~~~~~~~~~~~~~~^~~~~~[m[K
[2.184s] [01m[K/home/nida/Qt/6.6.3/gcc_64/include/QtCore/qvariant.h:274:5:[m[K [01;36m[Knote: [m[Kcandidate: ‘[01m[KQVariant::QVariant(const QList<QVariant>&)[m[K’
[2.184s]   274 |     [01;36m[KQVariant[m[K(const QList<QVariant> &list) noexcept;
[2.184s]       |     [01;36m[K^~~~~~~~[m[K
[2.184s] [01m[K/home/nida/Qt/6.6.3/gcc_64/include/QtCore/qvariant.h:274:37:[m[K [01;36m[Knote: [m[K  no known conversion for argument 1 from ‘[01m[Kstd_msgs::msg::Int32[m[K’ {aka ‘[01m[Kstd_msgs::msg::Int32_<std::allocator<void> >[m[K’} to ‘[01m[Kconst QList<QVariant>&[m[K’
[2.184s]   274 |     QVariant([01;36m[Kconst QList<QVariant> &list[m[K) noexcept;
[2.184s]       |              [01;36m[K~~~~~~~~~~~~~~~~~~~~~~~^~~~[m[K
[2.185s] [01m[K/home/nida/Qt/6.6.3/gcc_64/include/QtCore/qvariant.h:273:5:[m[K [01;36m[Knote: [m[Kcandidate: ‘[01m[KQVariant::QVariant(const QJsonObject&)[m[K’
[2.185s]   273 |     [01;36m[KQVariant[m[K(const QJsonObject &jsonObject) noexcept;
[2.185s]       |     [01;36m[K^~~~~~~~[m[K
[2.185s] [01m[K/home/nida/Qt/6.6.3/gcc_64/include/QtCore/qvariant.h:273:33:[m[K [01;36m[Knote: [m[K  no known conversion for argument 1 from ‘[01m[Kstd_msgs::msg::Int32[m[K’ {aka ‘[01m[Kstd_msgs::msg::Int32_<std::allocator<void> >[m[K’} to ‘[01m[Kconst QJsonObject&[m[K’
[2.185s]   273 |     QVariant([01;36m[Kconst QJsonObject &jsonObject[m[K) noexcept;
[2.185s]       |              [01;36m[K~~~~~~~~~~~~~~~~~~~^~~~~~~~~~[m[K
[2.185s] [01m[K/home/nida/Qt/6.6.3/gcc_64/include/QtCore/qvariant.h:272:5:[m[K [01;36m[Knote: [m[Kcandidate: ‘[01m[KQVariant::QVariant(const QJsonArray&)[m[K’
[2.185s]   272 |     [01;36m[KQVariant[m[K(const QJsonArray &jsonArray) noexcept;
[2.185s]       |     [01;36m[K^~~~~~~~[m[K
[2.185s] [01m[K/home/nida/Qt/6.6.3/gcc_64/include/QtCore/qvariant.h:272:32:[m[K [01;36m[Knote: [m[K  no known conversion for argument 1 from ‘[01m[Kstd_msgs::msg::Int32[m[K’ {aka ‘[01m[Kstd_msgs::msg::Int32_<std::allocator<void> >[m[K’} to ‘[01m[Kconst QJsonArray&[m[K’
[2.185s]   272 |     QVariant([01;36m[Kconst QJsonArray &jsonArray[m[K) noexcept;
[2.185s]       |              [01;36m[K~~~~~~~~~~~~~~~~~~^~~~~~~~~[m[K
[2.185s] [01m[K/home/nida/Qt/6.6.3/gcc_64/include/QtCore/qvariant.h:271:5:[m[K [01;36m[Knote: [m[Kcandidate: ‘[01m[KQVariant::QVariant(const QHash<QString, QVariant>&)[m[K’
[2.185s]   271 |     [01;36m[KQVariant[m[K(const QHash<QString, QVariant> &hash) noexcept;
[2.185s]       |     [01;36m[K^~~~~~~~[m[K
[2.185s] [01m[K/home/nida/Qt/6.6.3/gcc_64/include/QtCore/qvariant.h:271:46:[m[K [01;36m[Knote: [m[K  no known conversion for argument 1 from ‘[01m[Kstd_msgs::msg::Int32[m[K’ {aka ‘[01m[Kstd_msgs::msg::Int32_<std::allocator<void> >[m[K’} to ‘[01m[Kconst QHash<QString, QVariant>&[m[K’
[2.185s]   271 |     QVariant([01;36m[Kconst QHash<QString, QVariant> &hash[m[K) noexcept;
[2.185s]       |              [01;36m[K~~~~~~~~~~~~~~~~~~~~~~~~~~~~~~~~^~~~[m[K
[2.185s] [01m[K/home/nida/Qt/6.6.3/gcc_64/include/QtCore/qvariant.h:270:5:[m[K [01;36m[Knote: [m[Kcandidate: ‘[01m[KQVariant::QVariant(const QDateTime&)[m[K’
[2.185s]   270 |     [01;36m[KQVariant[m[K(const QDateTime &datetime) noexcept;
[2.185s]       |     [01;36m[K^~~~~~~~[m[K
[2.185s] [01m[K/home/nida/Qt/6.6.3/gcc_64/include/QtCore/qvariant.h:270:31:[m[K [01;36m[Knote: [m[K  no known conversion for argument 1 from ‘[01m[Kstd_msgs::msg::Int32[m[K’ {aka ‘[01m[Kstd_msgs::msg::Int32_<std::allocator<void> >[m[K’} to ‘[01m[Kconst QDateTime&[m[K’
[2.185s]   270 |     QVariant([01;36m[Kconst QDateTime &datetime[m[K) noexcept;
[2.185s]       |              [01;36m[K~~~~~~~~~~~~~~~~~^~~~~~~~[m[K
[2.185s] [01m[K/home/nida/Qt/6.6.3/gcc_64/include/QtCore/qvariant.h:269:5:[m[K [01;36m[Knote: [m[Kcandidate: ‘[01m[KQVariant::QVariant(const QByteArray&)[m[K’
[2.185s]   269 |     [01;36m[KQVariant[m[K(const QByteArray &bytearray) noexcept;
[2.185s]       |     [01;36m[K^~~~~~~~[m[K
[2.185s] [01m[K/home/nida/Qt/6.6.3/gcc_64/include/QtCore/qvariant.h:269:32:[m[K [01;36m[Knote: [m[K  no known conversion for argument 1 from ‘[01m[Kstd_msgs::msg::Int32[m[K’ {aka ‘[01m[Kstd_msgs::msg::Int32_<std::allocator<void> >[m[K’} to ‘[01m[Kconst QByteArray&[m[K’
[2.186s]   269 |     QVariant([01;36m[Kconst QByteArray &bytearray[m[K) noexcept;
[2.186s]       |              [01;36m[K~~~~~~~~~~~~~~~~~~^~~~~~~~~[m[K
[2.186s] [01m[K/home/nida/Qt/6.6.3/gcc_64/include/QtCore/qvariant.h:267:5:[m[K [01;36m[Knote: [m[Kcandidate: ‘[01m[KQVariant::QVariant(const QBitArray&)[m[K’
[2.186s]   267 |     [01;36m[KQVariant[m[K(const QBitArray &bitarray) noexcept;
[2.186s]       |     [01;36m[K^~~~~~~~[m[K
[2.186s] [01m[K/home/nida/Qt/6.6.3/gcc_64/include/QtCore/qvariant.h:267:31:[m[K [01;36m[Knote: [m[K  no known conversion for argument 1 from ‘[01m[Kstd_msgs::msg::Int32[m[K’ {aka ‘[01m[Kstd_msgs::msg::Int32_<std::allocator<void> >[m[K’} to ‘[01m[Kconst QBitArray&[m[K’
[2.186s]   267 |     QVariant([01;36m[Kconst QBitArray &bitarray[m[K) noexcept;
[2.186s]       |              [01;36m[K~~~~~~~~~~~~~~~~~^~~~~~~~[m[K
[2.186s] [01m[K/home/nida/Qt/6.6.3/gcc_64/include/QtCore/qvariant.h:265:5:[m[K [01;36m[Knote: [m[Kcandidate: ‘[01m[KQVariant::QVariant(QTime)[m[K’
[2.186s]   265 |     [01;36m[KQVariant[m[K(QTime time) noexcept;
[2.186s]       |     [01;36m[K^~~~~~~~[m[K
[2.186s] [01m[K/home/nida/Qt/6.6.3/gcc_64/include/QtCore/qvariant.h:265:20:[m[K [01;36m[Knote: [m[K  no known conversion for argument 1 from ‘[01m[Kstd_msgs::msg::Int32[m[K’ {aka ‘[01m[Kstd_msgs::msg::Int32_<std::allocator<void> >[m[K’} to ‘[01m[KQTime[m[K’
[2.186s]   265 |     QVariant([01;36m[KQTime time[m[K) noexcept;
[2.186s]       |              [01;36m[K~~~~~~^~~~[m[K
[2.186s] [01m[K/home/nida/Qt/6.6.3/gcc_64/include/QtCore/qvariant.h:264:5:[m[K [01;36m[Knote: [m[Kcandidate: ‘[01m[KQVariant::QVariant(QDate)[m[K’
[2.186s]   264 |     [01;36m[KQVariant[m[K(QDate date) noexcept;
[2.186s]       |     [01;36m[K^~~~~~~~[m[K
[2.186s] [01m[K/home/nida/Qt/6.6.3/gcc_64/include/QtCore/qvariant.h:264:20:[m[K [01;36m[Knote: [m[K  no known conversion for argument 1 from ‘[01m[Kstd_msgs::msg::Int32[m[K’ {aka ‘[01m[Kstd_msgs::msg::Int32_<std::allocator<void> >[m[K’} to ‘[01m[KQDate[m[K’
[2.186s]   264 |     QVariant([01;36m[KQDate date[m[K) noexcept;
[2.186s]       |              [01;36m[K~~~~~~^~~~[m[K
[2.186s] [01m[K/home/nida/Qt/6.6.3/gcc_64/include/QtCore/qvariant.h:263:5:[m[K [01;36m[Knote: [m[Kcandidate: ‘[01m[KQVariant::QVariant(QChar)[m[K’
[2.186s]   263 |     [01;36m[KQVariant[m[K(QChar qchar) noexcept;
[2.186s]       |     [01;36m[K^~~~~~~~[m[K
[2.186s] [01m[K/home/nida/Qt/6.6.3/gcc_64/include/QtCore/qvariant.h:263:20:[m[K [01;36m[Knote: [m[K  no known conversion for argument 1 from ‘[01m[Kstd_msgs::msg::Int32[m[K’ {aka ‘[01m[Kstd_msgs::msg::Int32_<std::allocator<void> >[m[K’} to ‘[01m[KQChar[m[K’
[2.186s]   263 |     QVariant([01;36m[KQChar qchar[m[K) noexcept;
[2.186s]       |              [01;36m[K~~~~~~^~~~~[m[K
[2.186s] [01m[K/home/nida/Qt/6.6.3/gcc_64/include/QtCore/qvariant.h:260:5:[m[K [01;36m[Knote: [m[Kcandidate: ‘[01m[KQVariant::QVariant(float)[m[K’
[2.187s]   260 |     [01;36m[KQVariant[m[K(float f) noexcept;
[2.187s]       |     [01;36m[K^~~~~~~~[m[K
[2.187s] [01m[K/home/nida/Qt/6.6.3/gcc_64/include/QtCore/qvariant.h:260:20:[m[K [01;36m[Knote: [m[K  no known conversion for argument 1 from ‘[01m[Kstd_msgs::msg::Int32[m[K’ {aka ‘[01m[Kstd_msgs::msg::Int32_<std::allocator<void> >[m[K’} to ‘[01m[Kfloat[m[K’
[2.187s]   260 |     QVariant([01;36m[Kfloat f[m[K) noexcept;
[2.187s]       |              [01;36m[K~~~~~~^[m[K
[2.187s] [01m[K/home/nida/Qt/6.6.3/gcc_64/include/QtCore/qvariant.h:259:5:[m[K [01;36m[Knote: [m[Kcandidate: ‘[01m[KQVariant::QVariant(double)[m[K’
[2.187s]   259 |     [01;36m[KQVariant[m[K(double d) noexcept;
[2.187s]       |     [01;36m[K^~~~~~~~[m[K
[2.187s] [01m[K/home/nida/Qt/6.6.3/gcc_64/include/QtCore/qvariant.h:259:21:[m[K [01;36m[Knote: [m[K  no known conversion for argument 1 from ‘[01m[Kstd_msgs::msg::Int32[m[K’ {aka ‘[01m[Kstd_msgs::msg::Int32_<std::allocator<void> >[m[K’} to ‘[01m[Kdouble[m[K’
[2.187s]   259 |     QVariant([01;36m[Kdouble d[m[K) noexcept;
[2.187s]       |              [01;36m[K~~~~~~~^[m[K
[2.187s] [01m[K/home/nida/Qt/6.6.3/gcc_64/include/QtCore/qvariant.h:258:5:[m[K [01;36m[Knote: [m[Kcandidate: ‘[01m[KQVariant::QVariant(bool)[m[K’
[2.187s]   258 |     [01;36m[KQVariant[m[K(bool b) noexcept;
[2.187s]       |     [01;36m[K^~~~~~~~[m[K
[2.187s] [01m[K/home/nida/Qt/6.6.3/gcc_64/include/QtCore/qvariant.h:258:19:[m[K [01;36m[Knote: [m[K  no known conversion for argument 1 from ‘[01m[Kstd_msgs::msg::Int32[m[K’ {aka ‘[01m[Kstd_msgs::msg::Int32_<std::allocator<void> >[m[K’} to ‘[01m[Kbool[m[K’
[2.187s]   258 |     QVariant([01;36m[Kbool b[m[K) noexcept;
[2.187s]       |              [01;36m[K~~~~~^[m[K
[2.187s] [01m[K/home/nida/Qt/6.6.3/gcc_64/include/QtCore/qvariant.h:257:5:[m[K [01;36m[Knote: [m[Kcandidate: ‘[01m[KQVariant::QVariant(qulonglong)[m[K’
[2.187s]   257 |     [01;36m[KQVariant[m[K(qulonglong ull) noexcept;
[2.187s]       |     [01;36m[K^~~~~~~~[m[K
[2.187s] [01m[K/home/nida/Qt/6.6.3/gcc_64/include/QtCore/qvariant.h:257:25:[m[K [01;36m[Knote: [m[K  no known conversion for argument 1 from ‘[01m[Kstd_msgs::msg::Int32[m[K’ {aka ‘[01m[Kstd_msgs::msg::Int32_<std::allocator<void> >[m[K’} to ‘[01m[Kqulonglong[m[K’ {aka ‘[01m[Klong long unsigned int[m[K’}
[2.187s]   257 |     QVariant([01;36m[Kqulonglong ull[m[K) noexcept;
[2.187s]       |              [01;36m[K~~~~~~~~~~~^~~[m[K
[2.187s] [01m[K/home/nida/Qt/6.6.3/gcc_64/include/QtCore/qvariant.h:256:5:[m[K [01;36m[Knote: [m[Kcandidate: ‘[01m[KQVariant::QVariant(qlonglong)[m[K’
[2.187s]   256 |     [01;36m[KQVariant[m[K(qlonglong ll) noexcept;
[2.187s]       |     [01;36m[K^~~~~~~~[m[K
[2.187s] [01m[K/home/nida/Qt/6.6.3/gcc_64/include/QtCore/qvariant.h:256:24:[m[K [01;36m[Knote: [m[K  no known conversion for argument 1 from ‘[01m[Kstd_msgs::msg::Int32[m[K’ {aka ‘[01m[Kstd_msgs::msg::Int32_<std::allocator<void> >[m[K’} to ‘[01m[Kqlonglong[m[K’ {aka ‘[01m[Klong long int[m[K’}
[2.187s]   256 |     QVariant([01;36m[Kqlonglong ll[m[K) noexcept;
[2.188s]       |              [01;36m[K~~~~~~~~~~^~[m[K
[2.188s] [01m[K/home/nida/Qt/6.6.3/gcc_64/include/QtCore/qvariant.h:255:5:[m[K [01;36m[Knote: [m[Kcandidate: ‘[01m[KQVariant::QVariant(uint)[m[K’
[2.188s]   255 |     [01;36m[KQVariant[m[K(uint ui) noexcept;
[2.188s]       |     [01;36m[K^~~~~~~~[m[K
[2.188s] [01m[K/home/nida/Qt/6.6.3/gcc_64/include/QtCore/qvariant.h:255:19:[m[K [01;36m[Knote: [m[K  no known conversion for argument 1 from ‘[01m[Kstd_msgs::msg::Int32[m[K’ {aka ‘[01m[Kstd_msgs::msg::Int32_<std::allocator<void> >[m[K’} to ‘[01m[Kuint[m[K’ {aka ‘[01m[Kunsigned int[m[K’}
[2.188s]   255 |     QVariant([01;36m[Kuint ui[m[K) noexcept;
[2.188s]       |              [01;36m[K~~~~~^~[m[K
[2.188s] [01m[K/home/nida/Qt/6.6.3/gcc_64/include/QtCore/qvariant.h:254:5:[m[K [01;36m[Knote: [m[Kcandidate: ‘[01m[KQVariant::QVariant(int)[m[K’
[2.188s]   254 |     [01;36m[KQVariant[m[K(int i) noexcept;
[2.188s]       |     [01;36m[K^~~~~~~~[m[K
[2.188s] [01m[K/home/nida/Qt/6.6.3/gcc_64/include/QtCore/qvariant.h:254:18:[m[K [01;36m[Knote: [m[K  no known conversion for argument 1 from ‘[01m[Kstd_msgs::msg::Int32[m[K’ {aka ‘[01m[Kstd_msgs::msg::Int32_<std::allocator<void> >[m[K’} to ‘[01m[Kint[m[K’
[2.188s]   254 |     QVariant([01;36m[Kint i[m[K) noexcept;
[2.188s]       |              [01;36m[K~~~~^[m[K
[2.188s] [01m[K/home/nida/Qt/6.6.3/gcc_64/include/QtCore/qvariant.h:220:5:[m[K [01;36m[Knote: [m[Kcandidate: ‘[01m[KQVariant::QVariant(const QVariant&)[m[K’
[2.188s]   220 |     [01;36m[KQVariant[m[K(const QVariant &other);
[2.188s]       |     [01;36m[K^~~~~~~~[m[K
[2.188s] [01m[K/home/nida/Qt/6.6.3/gcc_64/include/QtCore/qvariant.h:220:30:[m[K [01;36m[Knote: [m[K  no known conversion for argument 1 from ‘[01m[Kstd_msgs::msg::Int32[m[K’ {aka ‘[01m[Kstd_msgs::msg::Int32_<std::allocator<void> >[m[K’} to ‘[01m[Kconst QVariant&[m[K’
[2.188s]   220 |     QVariant([01;36m[Kconst QVariant &other[m[K);
[2.188s]       |              [01;36m[K~~~~~~~~~~~~~~~~^~~~~[m[K
[2.188s] [01m[K/home/nida/Qt/6.6.3/gcc_64/include/QtCore/qvariant.h:219:14:[m[K [01;36m[Knote: [m[Kcandidate: ‘[01m[KQVariant::QVariant(QMetaType, const void*)[m[K’
[2.188s]   219 |     explicit [01;36m[KQVariant[m[K(QMetaType type, const void *copy = nullptr);
[2.188s]       |              [01;36m[K^~~~~~~~[m[K
[2.188s] [01m[K/home/nida/Qt/6.6.3/gcc_64/include/QtCore/qvariant.h:219:33:[m[K [01;36m[Knote: [m[K  no known conversion for argument 1 from ‘[01m[Kstd_msgs::msg::Int32[m[K’ {aka ‘[01m[Kstd_msgs::msg::Int32_<std::allocator<void> >[m[K’} to ‘[01m[KQMetaType[m[K’
[2.188s]   219 |     explicit QVariant([01;36m[KQMetaType type[m[K, const void *copy = nullptr);
[2.188s]       |                       [01;36m[K~~~~~~~~~~^~~~[m[K
[2.188s] [01m[K/home/nida/Qt/6.6.3/gcc_64/include/QtCore/qvariant.h:217:5:[m[K [01;36m[Knote: [m[Kcandidate: ‘[01m[KQVariant::QVariant()[m[K’
[2.188s]   217 |     [01;36m[KQVariant[m[K() noexcept : d() {}
[2.188s]       |     [01;36m[K^~~~~~~~[m[K
[2.188s] [01m[K/home/nida/Qt/6.6.3/gcc_64/include/QtCore/qvariant.h:217:5:[m[K [01;36m[Knote: [m[K  candidate expects 0 arguments, 1 provided
[2.773s] In file included from [01m[K/opt/ros/humble/include/rclcpp/rclcpp/subscription_base.hpp:32[m[K,
[2.773s]                  from [01m[K/opt/ros/humble/include/rclcpp/rclcpp/callback_group.hpp:29[m[K,
[2.773s]                  from [01m[K/opt/ros/humble/include/rclcpp/rclcpp/any_executable.hpp:20[m[K,
[2.773s]                  from [01m[K/opt/ros/humble/include/rclcpp/rclcpp/memory_strategy.hpp:25[m[K,
[2.773s]                  from [01m[K/opt/ros/humble/include/rclcpp/rclcpp/memory_strategies.hpp:18[m[K,
[2.773s]                  from [01m[K/opt/ros/humble/include/rclcpp/rclcpp/executor_options.hpp:20[m[K,
[2.773s]                  from [01m[K/opt/ros/humble/include/rclcpp/rclcpp/executor.hpp:37[m[K,
[2.774s]                  from [01m[K/opt/ros/humble/include/rclcpp/rclcpp/executors/multi_threaded_executor.hpp:25[m[K,
[2.774s]                  from [01m[K/opt/ros/humble/include/rclcpp/rclcpp/executors.hpp:21[m[K,
[2.774s]                  from [01m[K/opt/ros/humble/include/rclcpp/rclcpp/rclcpp.hpp:155[m[K,
[2.774s]                  from [01m[K/home/nida/Desktop/qml_ws/src/qml_pkg/src/main.cpp:7[m[K:
[2.774s] /opt/ros/humble/include/rclcpp/rclcpp/any_subscription_callback.hpp: In instantiation of ‘[01m[Krclcpp::AnySubscriptionCallback<MessageT, AllocatorT> rclcpp::AnySubscriptionCallback<MessageT, AllocatorT>::set(CallbackT) [with CallbackT = std::_Bind<void (*(std::_Placeholder<1>, QObject*))(std::shared_ptr<std_msgs::msg::Int32_<std::allocator<void> > >, QObject*)>; MessageT = std_msgs::msg::Int32_<std::allocator<void> >; AllocatorT = std::allocator<void>][m[K’:
[2.774s] [01m[K/opt/ros/humble/include/rclcpp/rclcpp/subscription_factory.hpp:94:32:[m[K   required from ‘[01m[Krclcpp::SubscriptionFactory rclcpp::create_subscription_factory(CallbackT&&, const rclcpp::SubscriptionOptionsWithAllocator<AllocatorT>&, typename MessageMemoryStrategyT::SharedPtr, std::shared_ptr<rclcpp::topic_statistics::SubscriptionTopicStatistics<ROSMessageType> >) [with MessageT = std_msgs::msg::Int32_<std::allocator<void> >; CallbackT = std::_Bind<void (*(std::_Placeholder<1>, QObject*))(std::shared_ptr<std_msgs::msg::Int32_<std::allocator<void> > >, QObject*)>; AllocatorT = std::allocator<void>; SubscriptionT = rclcpp::Subscription<std_msgs::msg::Int32_<std::allocator<void> >, std::allocator<void>, std_msgs::msg::Int32_<std::allocator<void> >, std_msgs::msg::Int32_<std::allocator<void> >, rclcpp::message_memory_strategy::MessageMemoryStrategy<std_msgs::msg::Int32_<std::allocator<void> >, std::allocator<void> > >; MessageMemoryStrategyT = rclcpp::message_memory_strategy::MessageMemoryStrategy<std_msgs::msg::Int32_<std::allocator<void> >, std::allocator<void> >; ROSMessageType = std_msgs::msg::Int32_<std::allocator<void> >; typename MessageMemoryStrategyT::SharedPtr = std::shared_ptr<rclcpp::message_memory_strategy::MessageMemoryStrategy<std_msgs::msg::Int32_<std::allocator<void> >, std::allocator<void> > >][m[K’
[2.774s] [01m[K/opt/ros/humble/include/rclcpp/rclcpp/create_subscription.hpp:122:63:[m[K   required from ‘[01m[Kstd::shared_ptr<ROSMessageT> rclcpp::detail::create_subscription(NodeParametersT&, NodeTopicsT&, const string&, const rclcpp::QoS&, CallbackT&&, const rclcpp::SubscriptionOptionsWithAllocator<AllocatorT>&, typename MessageMemoryStrategyT::SharedPtr) [with MessageT = std_msgs::msg::Int32_<std::allocator<void> >; CallbackT = std::_Bind<void (*(std::_Placeholder<1>, QObject*))(std::shared_ptr<std_msgs::msg::Int32_<std::allocator<void> > >, QObject*)>; AllocatorT = std::allocator<void>; SubscriptionT = rclcpp::Subscription<std_msgs::msg::Int32_<std::allocator<void> >, std::allocator<void>, std_msgs::msg::Int32_<std::allocator<void> >, std_msgs::msg::Int32_<std::allocator<void> >, rclcpp::message_memory_strategy::MessageMemoryStrategy<std_msgs::msg::Int32_<std::allocator<void> >, std::allocator<void> > >; MessageMemoryStrategyT = rclcpp::message_memory_strategy::MessageMemoryStrategy<std_msgs::msg::Int32_<std::allocator<void> >, std::allocator<void> >; NodeParametersT = rclcpp::Node; NodeTopicsT = rclcpp::Node; ROSMessageType = std_msgs::msg::Int32_<std::allocator<void> >; std::string = std::__cxx11::basic_string<char>; typename MessageMemoryStrategyT::SharedPtr = std::shared_ptr<rclcpp::message_memory_strategy::MessageMemoryStrategy<std_msgs::msg::Int32_<std::allocator<void> >, std::allocator<void> > >][m[K’
[2.774s] [01m[K/opt/ros/humble/include/rclcpp/rclcpp/create_subscription.hpp:191:76:[m[K   required from ‘[01m[Kstd::shared_ptr<ROSMessageT> rclcpp::create_subscription(NodeT&, const string&, const rclcpp::QoS&, CallbackT&&, const rclcpp::SubscriptionOptionsWithAllocator<AllocatorT>&, typename MessageMemoryStrategyT::SharedPtr) [with MessageT = std_msgs::msg::Int32_<std::allocator<void> >; CallbackT = std::_Bind<void (*(std::_Placeholder<1>, QObject*))(std::shared_ptr<std_msgs::msg::Int32_<std::allocator<void> > >, QObject*)>; AllocatorT = std::allocator<void>; SubscriptionT = rclcpp::Subscription<std_msgs::msg::Int32_<std::allocator<void> >, std::allocator<void>, std_msgs::msg::Int32_<std::allocator<void> >, std_msgs::msg::Int32_<std::allocator<void> >, rclcpp::message_memory_strategy::MessageMemoryStrategy<std_msgs::msg::Int32_<std::allocator<void> >, std::allocator<void> > >; MessageMemoryStrategyT = rclcpp::message_memory_strategy::MessageMemoryStrategy<std_msgs::msg::Int32_<std::allocator<void> >, std::allocator<void> >; NodeT = rclcpp::Node; std::string = std::__cxx11::basic_string<char>; typename MessageMemoryStrategyT::SharedPtr = std::shared_ptr<rclcpp::message_memory_strategy::MessageMemoryStrategy<std_msgs::msg::Int32_<std::allocator<void> >, std::allocator<void> > >][m[K’
[2.774s] [01m[K/opt/ros/humble/include/rclcpp/rclcpp/node_impl.hpp:99:47:[m[K   required from ‘[01m[Kstd::shared_ptr<ROSMessageT> rclcpp::Node::create_subscription(const string&, const rclcpp::QoS&, CallbackT&&, const rclcpp::SubscriptionOptionsWithAllocator<AllocatorT>&, typename MessageMemoryStrategyT::SharedPtr) [with MessageT = std_msgs::msg::Int32_<std::allocator<void> >; CallbackT = std::_Bind<void (*(std::_Placeholder<1>, QObject*))(std::shared_ptr<std_msgs::msg::Int32_<std::allocator<void> > >, QObject*)>; AllocatorT = std::allocator<void>; SubscriptionT = rclcpp::Subscription<std_msgs::msg::Int32_<std::allocator<void> >, std::allocator<void>, std_msgs::msg::Int32_<std::allocator<void> >, std_msgs::msg::Int32_<std::allocator<void> >, rclcpp::message_memory_strategy::MessageMemoryStrategy<std_msgs::msg::Int32_<std::allocator<void> >, std::allocator<void> > >; MessageMemoryStrategyT = rclcpp::message_memory_strategy::MessageMemoryStrategy<std_msgs::msg::Int32_<std::allocator<void> >, std::allocator<void> >; std::string = std::__cxx11::basic_string<char>; typename MessageMemoryStrategyT::SharedPtr = std::shared_ptr<rclcpp::message_memory_strategy::MessageMemoryStrategy<std_msgs::msg::Int32_<std::allocator<void> >, std::allocator<void> > >][m[K’
[2.774s] [01m[K/home/nida/Desktop/qml_ws/src/qml_pkg/src/main.cpp:36:70:[m[K   required from here
[2.774s] [01m[K/opt/ros/humble/include/rclcpp/rclcpp/any_subscription_callback.hpp:394:25:[m[K [01;31m[Kerror: [m[Kno match for ‘[01m[Koperator=[m[K’ (operand types are ‘[01m[Krclcpp::detail::AnySubscriptionCallbackHelper<std_msgs::msg::Int32_<std::allocator<void> >, std::allocator<void>, false>::variant_type[m[K’ {aka ‘[01m[Kstd::variant<std::function<void(const std_msgs::msg::Int32_<std::allocator<void> >&)>, std::function<void(const std_msgs::msg::Int32_<std::allocator<void> >&, const rclcpp::MessageInfo&)>, std::function<void(const rclcpp::SerializedMessage&)>, std::function<void(const rclcpp::SerializedMessage&, const rclcpp::MessageInfo&)>, std::function<void(std::unique_ptr<std_msgs::msg::Int32_<std::allocator<void> >, std::default_delete<std_msgs::msg::Int32_<std::allocator<void> > > >)>, std::function<void(std::unique_ptr<std_msgs::msg::Int32_<std::allocator<void> >, std::default_delete<std_msgs::msg::Int32_<std::allocator<void> > > >, const rclcpp::MessageInfo&)>, std::function<void(std::unique_ptr<rclcpp::SerializedMessage, std::default_delete<rclcpp::SerializedMessage> >)>, std::function<void(std::unique_ptr<rclcpp::SerializedMessage, std::default_delete<rclcpp::SerializedMessage> >, const rclcpp::MessageInfo&)>, std::function<void(std::shared_ptr<const std_msgs::msg::Int32_<std::allocator<void> > >)>, std::function<void(std::shared_ptr<const std_msgs::msg::Int32_<std::allocator<void> > >, const rclcpp::MessageInfo&)>, std::function<void(std::shared_ptr<const rclcpp::SerializedMessage>)>, std::function<void(std::shared_ptr<const rclcpp::SerializedMessage>, const rclcpp::MessageInfo&)>, std::function<void(const std::shared_ptr<const std_msgs::msg::Int32_<std::allocator<void> > >&)>, std::function<void(const std::shared_ptr<const std_msgs::msg::Int32_<std::allocator<void> > >&, const rclcpp::MessageInfo&)>, std::function<void(const std::shared_ptr<const rclcpp::SerializedMessage>&)>, std::function<void(const std::shared_ptr<const rclcpp::SerializedMessage>&, const rclcpp::MessageInfo&)>, std::function<void(std::shared_ptr<std_msgs::msg::Int32_<std::allocator<void> > >)>, std::function<void(std::shared_ptr<std_msgs::msg::Int32_<std::allocator<void> > >, const rclcpp::MessageInfo&)>, std::function<void(std::shared_ptr<rclcpp::SerializedMessage>)>, std::function<void(std::shared_ptr<rclcpp::SerializedMessage>, const rclcpp::MessageInfo&)> >[m[K’} and ‘[01m[Krclcpp::detail::SubscriptionCallbackTypeHelper<std_msgs::msg::Int32_<std::allocator<void> >, std::_Bind<void (*(std::_Placeholder<1>, QObject*))(std::shared_ptr<std_msgs::msg::Int32_<std::allocator<void> > >, QObject*)>, void>::callback_type[m[K’ {aka ‘[01m[Kstd::function<void(std::shared_ptr<std_msgs::msg::Int32_<std::allocator<void> > >, QObject*)>[m[K’})
[2.774s]   394 |       [01;31m[Kcallback_variant_ = static_cast<typename scbth::callback_type>(callback)[m[K;
[2.774s]       |       [01;31m[K~~~~~~~~~~~~~~~~~~^~~~~~~~~~~~~~~~~~~~~~~~~~~~~~~~~~~~~~~~~~~~~~~~~~~~~~[m[K
[2.774s] In file included from [01m[K/home/nida/Qt/6.6.3/gcc_64/include/QtCore/qtypeinfo.h:11[m[K,
[2.774s]                  from [01m[K/home/nida/Qt/6.6.3/gcc_64/include/QtCore/qglobal.h:47[m[K,
[2.774s]                  from [01m[K/home/nida/Qt/6.6.3/gcc_64/include/QtGui/qtguiglobal.h:7[m[K,
[2.774s]                  from [01m[K/home/nida/Qt/6.6.3/gcc_64/include/QtGui/qguiapplication.h:7[m[K,
[2.774s]                  from [01m[K/home/nida/Qt/6.6.3/gcc_64/include/QtGui/QGuiApplication:1[m[K,
[2.774s]                  from [01m[K/home/nida/Desktop/qml_ws/src/qml_pkg/src/main.cpp:1[m[K:
[2.774s] [01m[K/usr/include/c++/11/variant:1461:9:[m[K [01;36m[Knote: [m[Kcandidate: ‘[01m[Ktemplate<class _Tp> std::enable_if_t<((__exactly_once<std::variant<_Types>::__accepted_type<_Tp&&, typename std::enable_if<__not_self<_Tp&&>, void>::type> > && is_constructible_v<std::variant<_Types>::__accepted_type<_Tp&&, typename std::enable_if<__not_self<_Tp&&>, void>::type>, _Tp>) && is_assignable_v<std::variant<_Types>::__accepted_type<_Tp&&, typename std::enable_if<__not_self<_Tp&&>, void>::type>&, _Tp>), std::variant<_Types>&> std::variant<_Types>::operator=(_Tp&&) [with _Tp = _Tp; _Types = {std::function<void(const std_msgs::msg::Int32_<std::allocator<void> >&)>, std::function<void(const std_msgs::msg::Int32_<std::allocator<void> >&, const rclcpp::MessageInfo&)>, std::function<void(const rclcpp::SerializedMessage&)>, std::function<void(const rclcpp::SerializedMessage&, const rclcpp::MessageInfo&)>, std::function<void(std::unique_ptr<std_msgs::msg::Int32_<std::allocator<void> >, std::default_delete<std_msgs::msg::Int32_<std::allocator<void> > > >)>, std::function<void(std::unique_ptr<std_msgs::msg::Int32_<std::allocator<void> >, std::default_delete<std_msgs::msg::Int32_<std::allocator<void> > > >, const rclcpp::MessageInfo&)>, std::function<void(std::unique_ptr<rclcpp::SerializedMessage, std::default_delete<rclcpp::SerializedMessage> >)>, std::function<void(std::unique_ptr<rclcpp::SerializedMessage, std::default_delete<rclcpp::SerializedMessage> >, const rclcpp::MessageInfo&)>, std::function<void(std::shared_ptr<const std_msgs::msg::Int32_<std::allocator<void> > >)>, std::function<void(std::shared_ptr<const std_msgs::msg::Int32_<std::allocator<void> > >, const rclcpp::MessageInfo&)>, std::function<void(std::shared_ptr<const rclcpp::SerializedMessage>)>, std::function<void(std::shared_ptr<const rclcpp::SerializedMessage>, const rclcpp::MessageInfo&)>, std::function<void(const std::shared_ptr<const std_msgs::msg::Int32_<std::allocator<void> > >&)>, std::function<void(const std::shared_ptr<const std_msgs::msg::Int32_<std::allocator<void> > >&, const rclcpp::MessageInfo&)>, std::function<void(const std::shared_ptr<const rclcpp::SerializedMessage>&)>, std::function<void(const std::shared_ptr<const rclcpp::SerializedMessage>&, const rclcpp::MessageInfo&)>, std::function<void(std::shared_ptr<std_msgs::msg::Int32_<std::allocator<void> > >)>, std::function<void(std::shared_ptr<std_msgs::msg::Int32_<std::allocator<void> > >, const rclcpp::MessageInfo&)>, std::function<void(std::shared_ptr<rclcpp::SerializedMessage>)>, std::function<void(std::shared_ptr<rclcpp::SerializedMessage>, const rclcpp::MessageInfo&)>}][m[K’
[2.774s]  1461 |         [01;36m[Koperator[m[K=(_Tp&& __rhs)
[2.774s]       |         [01;36m[K^~~~~~~~[m[K
[2.774s] [01m[K/usr/include/c++/11/variant:1461:9:[m[K [01;36m[Knote: [m[K  template argument deduction/substitution failed:
[2.774s] /usr/include/c++/11/variant: In substitution of ‘[01m[Ktemplate<class ... _Types> template<class _Tp, class> using __accepted_type = std::variant<_Types>::__to_type<__accepted_index<_Tp> > [with _Tp = std::function<void(std::shared_ptr<std_msgs::msg::Int32_<std::allocator<void> > >, QObject*)>&&; <template-parameter-2-2> = void; _Types = {std::function<void(const std_msgs::msg::Int32_<std::allocator<void> >&)>, std::function<void(const std_msgs::msg::Int32_<std::allocator<void> >&, const rclcpp::MessageInfo&)>, std::function<void(const rclcpp::SerializedMessage&)>, std::function<void(const rclcpp::SerializedMessage&, const rclcpp::MessageInfo&)>, std::function<void(std::unique_ptr<std_msgs::msg::Int32_<std::allocator<void> >, std::default_delete<std_msgs::msg::Int32_<std::allocator<void> > > >)>, std::function<void(std::unique_ptr<std_msgs::msg::Int32_<std::allocator<void> >, std::default_delete<std_msgs::msg::Int32_<std::allocator<void> > > >, const rclcpp::MessageInfo&)>, std::function<void(std::unique_ptr<rclcpp::SerializedMessage, std::default_delete<rclcpp::SerializedMessage> >)>, std::function<void(std::unique_ptr<rclcpp::SerializedMessage, std::default_delete<rclcpp::SerializedMessage> >, const rclcpp::MessageInfo&)>, std::function<void(std::shared_ptr<const std_msgs::msg::Int32_<std::allocator<void> > >)>, std::function<void(std::shared_ptr<const std_msgs::msg::Int32_<std::allocator<void> > >, const rclcpp::MessageInfo&)>, std::function<void(std::shared_ptr<const rclcpp::SerializedMessage>)>, std::function<void(std::shared_ptr<const rclcpp::SerializedMessage>, const rclcpp::MessageInfo&)>, std::function<void(const std::shared_ptr<const std_msgs::msg::Int32_<std::allocator<void> > >&)>, std::function<void(const std::shared_ptr<const std_msgs::msg::Int32_<std::allocator<void> > >&, const rclcpp::MessageInfo&)>, std::function<void(const std::shared_ptr<const rclcpp::SerializedMessage>&)>, std::function<void(const std::shared_ptr<const rclcpp::SerializedMessage>&, const rclcpp::MessageInfo&)>, std::function<void(std::shared_ptr<std_msgs::msg::Int32_<std::allocator<void> > >)>, std::function<void(std::shared_ptr<std_msgs::msg::Int32_<std::allocator<void> > >, const rclcpp::MessageInfo&)>, std::function<void(std::shared_ptr<rclcpp::SerializedMessage>)>, std::function<void(std::shared_ptr<rclcpp::SerializedMessage>, const rclcpp::MessageInfo&)>}][m[K’:
[2.775s] [01m[K/usr/include/c++/11/variant:1457:14:[m[K   required by substitution of ‘[01m[Ktemplate<class _Tp> std::enable_if_t<((__exactly_once<std::variant<std::function<void(const std_msgs::msg::Int32_<std::allocator<void> >&)>, std::function<void(const std_msgs::msg::Int32_<std::allocator<void> >&, const rclcpp::MessageInfo&)>, std::function<void(const rclcpp::SerializedMessage&)>, std::function<void(const rclcpp::SerializedMessage&, const rclcpp::MessageInfo&)>, std::function<void(std::unique_ptr<std_msgs::msg::Int32_<std::allocator<void> >, std::default_delete<std_msgs::msg::Int32_<std::allocator<void> > > >)>, std::function<void(std::unique_ptr<std_msgs::msg::Int32_<std::allocator<void> >, std::default_delete<std_msgs::msg::Int32_<std::allocator<void> > > >, const rclcpp::MessageInfo&)>, std::function<void(std::unique_ptr<rclcpp::SerializedMessage, std::default_delete<rclcpp::SerializedMessage> >)>, std::function<void(std::unique_ptr<rclcpp::SerializedMessage, std::default_delete<rclcpp::SerializedMessage> >, const rclcpp::MessageInfo&)>, std::function<void(std::shared_ptr<const std_msgs::msg::Int32_<std::allocator<void> > >)>, std::function<void(std::shared_ptr<const std_msgs::msg::Int32_<std::allocator<void> > >, const rclcpp::MessageInfo&)>, std::function<void(std::shared_ptr<const rclcpp::SerializedMessage>)>, std::function<void(std::shared_ptr<const rclcpp::SerializedMessage>, const rclcpp::MessageInfo&)>, std::function<void(const std::shared_ptr<const std_msgs::msg::Int32_<std::allocator<void> > >&)>, std::function<void(const std::shared_ptr<const std_msgs::msg::Int32_<std::allocator<void> > >&, const rclcpp::MessageInfo&)>, std::function<void(const std::shared_ptr<const rclcpp::SerializedMessage>&)>, std::function<void(const std::shared_ptr<const rclcpp::SerializedMessage>&, const rclcpp::MessageInfo&)>, std::function<void(std::shared_ptr<std_msgs::msg::Int32_<std::allocator<void> > >)>, std::function<void(std::shared_ptr<std_msgs::msg::Int32_<std::allocator<void> > >, const rclcpp::MessageInfo&)>, std::function<void(std::shared_ptr<rclcpp::SerializedMessage>)>, std::function<void(std::shared_ptr<rclcpp::SerializedMessage>, const rclcpp::MessageInfo&)> >::__accepted_type<_Tp&&, typename std::enable_if<__not_self<_Tp&&>, void>::type> > && is_constructible_v<std::variant<std::function<void(const std_msgs::msg::Int32_<std::allocator<void> >&)>, std::function<void(const std_msgs::msg::Int32_<std::allocator<void> >&, const rclcpp::MessageInfo&)>, std::function<void(const rclcpp::SerializedMessage&)>, std::function<void(const rclcpp::SerializedMessage&, const rclcpp::MessageInfo&)>, std::function<void(std::unique_ptr<std_msgs::msg::Int32_<std::allocator<void> >, std::default_delete<std_msgs::msg::Int32_<std::allocator<void> > > >)>, std::function<void(std::unique_ptr<std_msgs::msg::Int32_<std::allocator<void> >, std::default_delete<std_msgs::msg::Int32_<std::allocator<void> > > >, const rclcpp::MessageInfo&)>, std::function<void(std::unique_ptr<rclcpp::SerializedMessage, std::default_delete<rclcpp::SerializedMessage> >)>, std::function<void(std::unique_ptr<rclcpp::SerializedMessage, std::default_delete<rclcpp::SerializedMessage> >, const rclcpp::MessageInfo&)>, std::function<void(std::shared_ptr<const std_msgs::msg::Int32_<std::allocator<void> > >)>, std::function<void(std::shared_ptr<const std_msgs::msg::Int32_<std::allocator<void> > >, const rclcpp::MessageInfo&)>, std::function<void(std::shared_ptr<const rclcpp::SerializedMessage>)>, std::function<void(std::shared_ptr<const rclcpp::SerializedMessage>, const rclcpp::MessageInfo&)>, std::function<void(const std::shared_ptr<const std_msgs::msg::Int32_<std::allocator<void> > >&)>, std::function<void(const std::shared_ptr<const std_msgs::msg::Int32_<std::allocator<void> > >&, const rclcpp::MessageInfo&)>, std::function<void(const std::shared_ptr<const rclcpp::SerializedMessage>&)>, std::function<void(const std::shared_ptr<const rclcpp::SerializedMessage>&, const rclcpp::MessageInfo&)>, std::function<void(std::shared_ptr<std_msgs::msg::Int32_<std::allocator<void> > >)>, std::function<void(std::shared_ptr<std_msgs::msg::Int32_<std::allocator<void> > >, const rclcpp::MessageInfo&)>, std::function<void(std::shared_ptr<rclcpp::SerializedMessage>)>, std::function<void(std::shared_ptr<rclcpp::SerializedMessage>, const rclcpp::MessageInfo&)> >::__accepted_type<_Tp&&, typename std::enable_if<__not_self<_Tp&&>, void>::type>, _Tp>) && is_assignable_v<std::variant<std::function<void(const std_msgs::msg::Int32_<std::allocator<void> >&)>, std::function<void(const std_msgs::msg::Int32_<std::allocator<void> >&, const rclcpp::MessageInfo&)>, std::function<void(const rclcpp::SerializedMessage&)>, std::function<void(const rclcpp::SerializedMessage&, const rclcpp::MessageInfo&)>, std::function<void(std::unique_ptr<std_msgs::msg::Int32_<std::allocator<void> >, std::default_delete<std_msgs::msg::Int32_<std::allocator<void> > > >)>, std::function<void(std::unique_ptr<std_msgs::msg::Int32_<std::allocator<void> >, std::default_delete<std_msgs::msg::Int32_<std::allocator<void> > > >, const rclcpp::MessageInfo&)>, std::function<void(std::unique_ptr<rclcpp::SerializedMessage, std::default_delete<rclcpp::SerializedMessage> >)>, std::function<void(std::unique_ptr<rclcpp::SerializedMessage, std::default_delete<rclcpp::SerializedMessage> >, const rclcpp::MessageInfo&)>, std::function<void(std::shared_ptr<const std_msgs::msg::Int32_<std::allocator<void> > >)>, std::function<void(std::shared_ptr<const std_msgs::msg::Int32_<std::allocator<void> > >, const rclcpp::MessageInfo&)>, std::function<void(std::shared_ptr<const rclcpp::SerializedMessage>)>, std::function<void(std::shared_ptr<const rclcpp::SerializedMessage>, const rclcpp::MessageInfo&)>, std::function<void(const std::shared_ptr<const std_msgs::msg::Int32_<std::allocator<void> > >&)>, std::function<void(const std::shared_ptr<const std_msgs::msg::Int32_<std::allocator<void> > >&, const rclcpp::MessageInfo&)>, std::function<void(const std::shared_ptr<const rclcpp::SerializedMessage>&)>, std::function<void(const std::shared_ptr<const rclcpp::SerializedMessage>&, const rclcpp::MessageInfo&)>, std::function<void(std::shared_ptr<std_msgs::msg::Int32_<std::allocator<void> > >)>, std::function<void(std::shared_ptr<std_msgs::msg::Int32_<std::allocator<void> > >, const rclcpp::MessageInfo&)>, std::function<void(std::shared_ptr<rclcpp::SerializedMessage>)>, std::function<void(std::shared_ptr<rclcpp::SerializedMessage>, const rclcpp::MessageInfo&)> >::__accepted_type<_Tp&&, typename std::enable_if<__not_self<_Tp&&>, void>::type>&, _Tp>), std::variant<std::function<void(const std_msgs::msg::Int32_<std::allocator<void> >&)>, std::function<void(const std_msgs::msg::Int32_<std::allocator<void> >&, const rclcpp::MessageInfo&)>, std::function<void(const rclcpp::SerializedMessage&)>, std::function<void(const rclcpp::SerializedMessage&, const rclcpp::MessageInfo&)>, std::function<void(std::unique_ptr<std_msgs::msg::Int32_<std::allocator<void> >, std::default_delete<std_msgs::msg::Int32_<std::allocator<void> > > >)>, std::function<void(std::unique_ptr<std_msgs::msg::Int32_<std::allocator<void> >, std::default_delete<std_msgs::msg::Int32_<std::allocator<void> > > >, const rclcpp::MessageInfo&)>, std::function<void(std::unique_ptr<rclcpp::SerializedMessage, std::default_delete<rclcpp::SerializedMessage> >)>, std::function<void(std::unique_ptr<rclcpp::SerializedMessage, std::default_delete<rclcpp::SerializedMessage> >, const rclcpp::MessageInfo&)>, std::function<void(std::shared_ptr<const std_msgs::msg::Int32_<std::allocator<void> > >)>, std::function<void(std::shared_ptr<const std_msgs::msg::Int32_<std::allocator<void> > >, const rclcpp::MessageInfo&)>, std::function<void(std::shared_ptr<const rclcpp::SerializedMessage>)>, std::function<void(std::shared_ptr<const rclcpp::SerializedMessage>, const rclcpp::MessageInfo&)>, std::function<void(const std::shared_ptr<const std_msgs::msg::Int32_<std::allocator<void> > >&)>, std::function<void(const std::shared_ptr<const std_msgs::msg::Int32_<std::allocator<void> > >&, const rclcpp::MessageInfo&)>, std::function<void(const std::shared_ptr<const rclcpp::SerializedMessage>&)>, std::function<void(const std::shared_ptr<const rclcpp::SerializedMessage>&, const rclcpp::MessageInfo&)>, std::function<void(std::shared_ptr<std_msgs::msg::Int32_<std::allocator<void> > >)>, std::function<void(std::shared_ptr<std_msgs::msg::Int32_<std::allocator<void> > >, const rclcpp::MessageInfo&)>, std::function<void(std::shared_ptr<rclcpp::SerializedMessage>)>, std::function<void(std::shared_ptr<rclcpp::SerializedMessage>, const rclcpp::MessageInfo&)> >&> std::variant<std::function<void(const std_msgs::msg::Int32_<std::allocator<void> >&)>, std::function<void(const std_msgs::msg::Int32_<std::allocator<void> >&, const rclcpp::MessageInfo&)>, std::function<void(const rclcpp::SerializedMessage&)>, std::function<void(const rclcpp::SerializedMessage&, const rclcpp::MessageInfo&)>, std::function<void(std::unique_ptr<std_msgs::msg::Int32_<std::allocator<void> >, std::default_delete<std_msgs::msg::Int32_<std::allocator<void> > > >)>, std::function<void(std::unique_ptr<std_msgs::msg::Int32_<std::allocator<void> >, std::default_delete<std_msgs::msg::Int32_<std::allocator<void> > > >, const rclcpp::MessageInfo&)>, std::function<void(std::unique_ptr<rclcpp::SerializedMessage, std::default_delete<rclcpp::SerializedMessage> >)>, std::function<void(std::unique_ptr<rclcpp::SerializedMessage, std::default_delete<rclcpp::SerializedMessage> >, const rclcpp::MessageInfo&)>, std::function<void(std::shared_ptr<const std_msgs::msg::Int32_<std::allocator<void> > >)>, std::function<void(std::shared_ptr<const std_msgs::msg::Int32_<std::allocator<void> > >, const rclcpp::MessageInfo&)>, std::function<void(std::shared_ptr<const rclcpp::SerializedMessage>)>, std::function<void(std::shared_ptr<const rclcpp::SerializedMessage>, const rclcpp::MessageInfo&)>, std::function<void(const std::shared_ptr<const std_msgs::msg::Int32_<std::allocator<void> > >&)>, std::function<void(const std::shared_ptr<const std_msgs::msg::Int32_<std::allocator<void> > >&, const rclcpp::MessageInfo&)>, std::function<void(const std::shared_ptr<const rclcpp::SerializedMessage>&)>, std::function<void(const std::shared_ptr<const rclcpp::SerializedMessage>&, const rclcpp::MessageInfo&)>, std::function<void(std::shared_ptr<std_msgs::msg::Int32_<std::allocator<void> > >)>, std::function<void(std::shared_ptr<std_msgs::msg::Int32_<std::allocator<void> > >, const rclcpp::MessageInfo&)>, std::function<void(std::shared_ptr<rclcpp::SerializedMessage>)>, std::function<void(std::shared_ptr<rclcpp::SerializedMessage>, const rclcpp::MessageInfo&)> >::operator=<_Tp>(_Tp&&) [with _Tp = std::function<void(std::shared_ptr<std_msgs::msg::Int32_<std::allocator<void> > >, QObject*)>][m[K’
[2.775s] [01m[K/opt/ros/humble/include/rclcpp/rclcpp/any_subscription_callback.hpp:394:25:[m[K   required from ‘[01m[Krclcpp::AnySubscriptionCallback<MessageT, AllocatorT> rclcpp::AnySubscriptionCallback<MessageT, AllocatorT>::set(CallbackT) [with CallbackT = std::_Bind<void (*(std::_Placeholder<1>, QObject*))(std::shared_ptr<std_msgs::msg::Int32_<std::allocator<void> > >, QObject*)>; MessageT = std_msgs::msg::Int32_<std::allocator<void> >; AllocatorT = std::allocator<void>][m[K’
[2.775s] [01m[K/opt/ros/humble/include/rclcpp/rclcpp/subscription_factory.hpp:94:32:[m[K   required from ‘[01m[Krclcpp::SubscriptionFactory rclcpp::create_subscription_factory(CallbackT&&, const rclcpp::SubscriptionOptionsWithAllocator<AllocatorT>&, typename MessageMemoryStrategyT::SharedPtr, std::shared_ptr<rclcpp::topic_statistics::SubscriptionTopicStatistics<ROSMessageType> >) [with MessageT = std_msgs::msg::Int32_<std::allocator<void> >; CallbackT = std::_Bind<void (*(std::_Placeholder<1>, QObject*))(std::shared_ptr<std_msgs::msg::Int32_<std::allocator<void> > >, QObject*)>; AllocatorT = std::allocator<void>; SubscriptionT = rclcpp::Subscription<std_msgs::msg::Int32_<std::allocator<void> >, std::allocator<void>, std_msgs::msg::Int32_<std::allocator<void> >, std_msgs::msg::Int32_<std::allocator<void> >, rclcpp::message_memory_strategy::MessageMemoryStrategy<std_msgs::msg::Int32_<std::allocator<void> >, std::allocator<void> > >; MessageMemoryStrategyT = rclcpp::message_memory_strategy::MessageMemoryStrategy<std_msgs::msg::Int32_<std::allocator<void> >, std::allocator<void> >; ROSMessageType = std_msgs::msg::Int32_<std::allocator<void> >; typename MessageMemoryStrategyT::SharedPtr = std::shared_ptr<rclcpp::message_memory_strategy::MessageMemoryStrategy<std_msgs::msg::Int32_<std::allocator<void> >, std::allocator<void> > >][m[K’
[2.775s] [01m[K/opt/ros/humble/include/rclcpp/rclcpp/create_subscription.hpp:122:63:[m[K   required from ‘[01m[Kstd::shared_ptr<ROSMessageT> rclcpp::detail::create_subscription(NodeParametersT&, NodeTopicsT&, const string&, const rclcpp::QoS&, CallbackT&&, const rclcpp::SubscriptionOptionsWithAllocator<AllocatorT>&, typename MessageMemoryStrategyT::SharedPtr) [with MessageT = std_msgs::msg::Int32_<std::allocator<void> >; CallbackT = std::_Bind<void (*(std::_Placeholder<1>, QObject*))(std::shared_ptr<std_msgs::msg::Int32_<std::allocator<void> > >, QObject*)>; AllocatorT = std::allocator<void>; SubscriptionT = rclcpp::Subscription<std_msgs::msg::Int32_<std::allocator<void> >, std::allocator<void>, std_msgs::msg::Int32_<std::allocator<void> >, std_msgs::msg::Int32_<std::allocator<void> >, rclcpp::message_memory_strategy::MessageMemoryStrategy<std_msgs::msg::Int32_<std::allocator<void> >, std::allocator<void> > >; MessageMemoryStrategyT = rclcpp::message_memory_strategy::MessageMemoryStrategy<std_msgs::msg::Int32_<std::allocator<void> >, std::allocator<void> >; NodeParametersT = rclcpp::Node; NodeTopicsT = rclcpp::Node; ROSMessageType = std_msgs::msg::Int32_<std::allocator<void> >; std::string = std::__cxx11::basic_string<char>; typename MessageMemoryStrategyT::SharedPtr = std::shared_ptr<rclcpp::message_memory_strategy::MessageMemoryStrategy<std_msgs::msg::Int32_<std::allocator<void> >, std::allocator<void> > >][m[K’
[2.775s] [01m[K/opt/ros/humble/include/rclcpp/rclcpp/create_subscription.hpp:191:76:[m[K   required from ‘[01m[Kstd::shared_ptr<ROSMessageT> rclcpp::create_subscription(NodeT&, const string&, const rclcpp::QoS&, CallbackT&&, const rclcpp::SubscriptionOptionsWithAllocator<AllocatorT>&, typename MessageMemoryStrategyT::SharedPtr) [with MessageT = std_msgs::msg::Int32_<std::allocator<void> >; CallbackT = std::_Bind<void (*(std::_Placeholder<1>, QObject*))(std::shared_ptr<std_msgs::msg::Int32_<std::allocator<void> > >, QObject*)>; AllocatorT = std::allocator<void>; SubscriptionT = rclcpp::Subscription<std_msgs::msg::Int32_<std::allocator<void> >, std::allocator<void>, std_msgs::msg::Int32_<std::allocator<void> >, std_msgs::msg::Int32_<std::allocator<void> >, rclcpp::message_memory_strategy::MessageMemoryStrategy<std_msgs::msg::Int32_<std::allocator<void> >, std::allocator<void> > >; MessageMemoryStrategyT = rclcpp::message_memory_strategy::MessageMemoryStrategy<std_msgs::msg::Int32_<std::allocator<void> >, std::allocator<void> >; NodeT = rclcpp::Node; std::string = std::__cxx11::basic_string<char>; typename MessageMemoryStrategyT::SharedPtr = std::shared_ptr<rclcpp::message_memory_strategy::MessageMemoryStrategy<std_msgs::msg::Int32_<std::allocator<void> >, std::allocator<void> > >][m[K’
[2.775s] [01m[K/opt/ros/humble/include/rclcpp/rclcpp/node_impl.hpp:99:47:[m[K   required from ‘[01m[Kstd::shared_ptr<ROSMessageT> rclcpp::Node::create_subscription(const string&, const rclcpp::QoS&, CallbackT&&, const rclcpp::SubscriptionOptionsWithAllocator<AllocatorT>&, typename MessageMemoryStrategyT::SharedPtr) [with MessageT = std_msgs::msg::Int32_<std::allocator<void> >; CallbackT = std::_Bind<void (*(std::_Placeholder<1>, QObject*))(std::shared_ptr<std_msgs::msg::Int32_<std::allocator<void> > >, QObject*)>; AllocatorT = std::allocator<void>; SubscriptionT = rclcpp::Subscription<std_msgs::msg::Int32_<std::allocator<void> >, std::allocator<void>, std_msgs::msg::Int32_<std::allocator<void> >, std_msgs::msg::Int32_<std::allocator<void> >, rclcpp::message_memory_strategy::MessageMemoryStrategy<std_msgs::msg::Int32_<std::allocator<void> >, std::allocator<void> > >; MessageMemoryStrategyT = rclcpp::message_memory_strategy::MessageMemoryStrategy<std_msgs::msg::Int32_<std::allocator<void> >, std::allocator<void> >; std::string = std::__cxx11::basic_string<char>; typename MessageMemoryStrategyT::SharedPtr = std::shared_ptr<rclcpp::message_memory_strategy::MessageMemoryStrategy<std_msgs::msg::Int32_<std::allocator<void> >, std::allocator<void> > >][m[K’
[2.775s] [01m[K/home/nida/Desktop/qml_ws/src/qml_pkg/src/main.cpp:36:70:[m[K   required from here
[2.775s] [01m[K/usr/include/c++/11/variant:1375:15:[m[K [01;31m[Kerror: [m[Kno type named ‘[01m[Ktype[m[K’ in ‘[01m[Kstruct std::enable_if<false, void>[m[K’
[2.775s]  1375 |         using [01;31m[K__accepted_type[m[K = __to_type<__accepted_index<_Tp>>;
[2.775s]       |               [01;31m[K^~~~~~~~~~~~~~~[m[K
[2.775s] /opt/ros/humble/include/rclcpp/rclcpp/any_subscription_callback.hpp: In instantiation of ‘[01m[Krclcpp::AnySubscriptionCallback<MessageT, AllocatorT> rclcpp::AnySubscriptionCallback<MessageT, AllocatorT>::set(CallbackT) [with CallbackT = std::_Bind<void (*(std::_Placeholder<1>, QObject*))(std::shared_ptr<std_msgs::msg::Int32_<std::allocator<void> > >, QObject*)>; MessageT = std_msgs::msg::Int32_<std::allocator<void> >; AllocatorT = std::allocator<void>][m[K’:
[2.775s] [01m[K/opt/ros/humble/include/rclcpp/rclcpp/subscription_factory.hpp:94:32:[m[K   required from ‘[01m[Krclcpp::SubscriptionFactory rclcpp::create_subscription_factory(CallbackT&&, const rclcpp::SubscriptionOptionsWithAllocator<AllocatorT>&, typename MessageMemoryStrategyT::SharedPtr, std::shared_ptr<rclcpp::topic_statistics::SubscriptionTopicStatistics<ROSMessageType> >) [with MessageT = std_msgs::msg::Int32_<std::allocator<void> >; CallbackT = std::_Bind<void (*(std::_Placeholder<1>, QObject*))(std::shared_ptr<std_msgs::msg::Int32_<std::allocator<void> > >, QObject*)>; AllocatorT = std::allocator<void>; SubscriptionT = rclcpp::Subscription<std_msgs::msg::Int32_<std::allocator<void> >, std::allocator<void>, std_msgs::msg::Int32_<std::allocator<void> >, std_msgs::msg::Int32_<std::allocator<void> >, rclcpp::message_memory_strategy::MessageMemoryStrategy<std_msgs::msg::Int32_<std::allocator<void> >, std::allocator<void> > >; MessageMemoryStrategyT = rclcpp::message_memory_strategy::MessageMemoryStrategy<std_msgs::msg::Int32_<std::allocator<void> >, std::allocator<void> >; ROSMessageType = std_msgs::msg::Int32_<std::allocator<void> >; typename MessageMemoryStrategyT::SharedPtr = std::shared_ptr<rclcpp::message_memory_strategy::MessageMemoryStrategy<std_msgs::msg::Int32_<std::allocator<void> >, std::allocator<void> > >][m[K’
[2.775s] [01m[K/opt/ros/humble/include/rclcpp/rclcpp/create_subscription.hpp:122:63:[m[K   required from ‘[01m[Kstd::shared_ptr<ROSMessageT> rclcpp::detail::create_subscription(NodeParametersT&, NodeTopicsT&, const string&, const rclcpp::QoS&, CallbackT&&, const rclcpp::SubscriptionOptionsWithAllocator<AllocatorT>&, typename MessageMemoryStrategyT::SharedPtr) [with MessageT = std_msgs::msg::Int32_<std::allocator<void> >; CallbackT = std::_Bind<void (*(std::_Placeholder<1>, QObject*))(std::shared_ptr<std_msgs::msg::Int32_<std::allocator<void> > >, QObject*)>; AllocatorT = std::allocator<void>; SubscriptionT = rclcpp::Subscription<std_msgs::msg::Int32_<std::allocator<void> >, std::allocator<void>, std_msgs::msg::Int32_<std::allocator<void> >, std_msgs::msg::Int32_<std::allocator<void> >, rclcpp::message_memory_strategy::MessageMemoryStrategy<std_msgs::msg::Int32_<std::allocator<void> >, std::allocator<void> > >; MessageMemoryStrategyT = rclcpp::message_memory_strategy::MessageMemoryStrategy<std_msgs::msg::Int32_<std::allocator<void> >, std::allocator<void> >; NodeParametersT = rclcpp::Node; NodeTopicsT = rclcpp::Node; ROSMessageType = std_msgs::msg::Int32_<std::allocator<void> >; std::string = std::__cxx11::basic_string<char>; typename MessageMemoryStrategyT::SharedPtr = std::shared_ptr<rclcpp::message_memory_strategy::MessageMemoryStrategy<std_msgs::msg::Int32_<std::allocator<void> >, std::allocator<void> > >][m[K’
[2.775s] [01m[K/opt/ros/humble/include/rclcpp/rclcpp/create_subscription.hpp:191:76:[m[K   required from ‘[01m[Kstd::shared_ptr<ROSMessageT> rclcpp::create_subscription(NodeT&, const string&, const rclcpp::QoS&, CallbackT&&, const rclcpp::SubscriptionOptionsWithAllocator<AllocatorT>&, typename MessageMemoryStrategyT::SharedPtr) [with MessageT = std_msgs::msg::Int32_<std::allocator<void> >; CallbackT = std::_Bind<void (*(std::_Placeholder<1>, QObject*))(std::shared_ptr<std_msgs::msg::Int32_<std::allocator<void> > >, QObject*)>; AllocatorT = std::allocator<void>; SubscriptionT = rclcpp::Subscription<std_msgs::msg::Int32_<std::allocator<void> >, std::allocator<void>, std_msgs::msg::Int32_<std::allocator<void> >, std_msgs::msg::Int32_<std::allocator<void> >, rclcpp::message_memory_strategy::MessageMemoryStrategy<std_msgs::msg::Int32_<std::allocator<void> >, std::allocator<void> > >; MessageMemoryStrategyT = rclcpp::message_memory_strategy::MessageMemoryStrategy<std_msgs::msg::Int32_<std::allocator<void> >, std::allocator<void> >; NodeT = rclcpp::Node; std::string = std::__cxx11::basic_string<char>; typename MessageMemoryStrategyT::SharedPtr = std::shared_ptr<rclcpp::message_memory_strategy::MessageMemoryStrategy<std_msgs::msg::Int32_<std::allocator<void> >, std::allocator<void> > >][m[K’
[2.775s] [01m[K/opt/ros/humble/include/rclcpp/rclcpp/node_impl.hpp:99:47:[m[K   required from ‘[01m[Kstd::shared_ptr<ROSMessageT> rclcpp::Node::create_subscription(const string&, const rclcpp::QoS&, CallbackT&&, const rclcpp::SubscriptionOptionsWithAllocator<AllocatorT>&, typename MessageMemoryStrategyT::SharedPtr) [with MessageT = std_msgs::msg::Int32_<std::allocator<void> >; CallbackT = std::_Bind<void (*(std::_Placeholder<1>, QObject*))(std::shared_ptr<std_msgs::msg::Int32_<std::allocator<void> > >, QObject*)>; AllocatorT = std::allocator<void>; SubscriptionT = rclcpp::Subscription<std_msgs::msg::Int32_<std::allocator<void> >, std::allocator<void>, std_msgs::msg::Int32_<std::allocator<void> >, std_msgs::msg::Int32_<std::allocator<void> >, rclcpp::message_memory_strategy::MessageMemoryStrategy<std_msgs::msg::Int32_<std::allocator<void> >, std::allocator<void> > >; MessageMemoryStrategyT = rclcpp::message_memory_strategy::MessageMemoryStrategy<std_msgs::msg::Int32_<std::allocator<void> >, std::allocator<void> >; std::string = std::__cxx11::basic_string<char>; typename MessageMemoryStrategyT::SharedPtr = std::shared_ptr<rclcpp::message_memory_strategy::MessageMemoryStrategy<std_msgs::msg::Int32_<std::allocator<void> >, std::allocator<void> > >][m[K’
[2.775s] [01m[K/home/nida/Desktop/qml_ws/src/qml_pkg/src/main.cpp:36:70:[m[K   required from here
[2.775s] [01m[K/usr/include/c++/11/variant:1398:16:[m[K [01;36m[Knote: [m[Kcandidate: ‘[01m[Kstd::variant<_Types>& std::variant<_Types>::operator=(const std::variant<_Types>&) [with _Types = {std::function<void(const std_msgs::msg::Int32_<std::allocator<void> >&)>, std::function<void(const std_msgs::msg::Int32_<std::allocator<void> >&, const rclcpp::MessageInfo&)>, std::function<void(const rclcpp::SerializedMessage&)>, std::function<void(const rclcpp::SerializedMessage&, const rclcpp::MessageInfo&)>, std::function<void(std::unique_ptr<std_msgs::msg::Int32_<std::allocator<void> >, std::default_delete<std_msgs::msg::Int32_<std::allocator<void> > > >)>, std::function<void(std::unique_ptr<std_msgs::msg::Int32_<std::allocator<void> >, std::default_delete<std_msgs::msg::Int32_<std::allocator<void> > > >, const rclcpp::MessageInfo&)>, std::function<void(std::unique_ptr<rclcpp::SerializedMessage, std::default_delete<rclcpp::SerializedMessage> >)>, std::function<void(std::unique_ptr<rclcpp::SerializedMessage, std::default_delete<rclcpp::SerializedMessage> >, const rclcpp::MessageInfo&)>, std::function<void(std::shared_ptr<const std_msgs::msg::Int32_<std::allocator<void> > >)>, std::function<void(std::shared_ptr<const std_msgs::msg::Int32_<std::allocator<void> > >, const rclcpp::MessageInfo&)>, std::function<void(std::shared_ptr<const rclcpp::SerializedMessage>)>, std::function<void(std::shared_ptr<const rclcpp::SerializedMessage>, const rclcpp::MessageInfo&)>, std::function<void(const std::shared_ptr<const std_msgs::msg::Int32_<std::allocator<void> > >&)>, std::function<void(const std::shared_ptr<const std_msgs::msg::Int32_<std::allocator<void> > >&, const rclcpp::MessageInfo&)>, std::function<void(const std::shared_ptr<const rclcpp::SerializedMessage>&)>, std::function<void(const std::shared_ptr<const rclcpp::SerializedMessage>&, const rclcpp::MessageInfo&)>, std::function<void(std::shared_ptr<std_msgs::msg::Int32_<std::allocator<void> > >)>, std::function<void(std::shared_ptr<std_msgs::msg::Int32_<std::allocator<void> > >, const rclcpp::MessageInfo&)>, std::function<void(std::shared_ptr<rclcpp::SerializedMessage>)>, std::function<void(std::shared_ptr<rclcpp::SerializedMessage>, const rclcpp::MessageInfo&)>}][m[K’
[2.775s]  1398 |       variant& [01;36m[Koperator[m[K=(const variant&) = default;
[2.775s]       |                [01;36m[K^~~~~~~~[m[K
[2.775s] [01m[K/usr/include/c++/11/variant:1398:26:[m[K [01;36m[Knote: [m[K  no known conversion for argument 1 from ‘[01m[Krclcpp::detail::SubscriptionCallbackTypeHelper<std_msgs::msg::Int32_<std::allocator<void> >, std::_Bind<void (*(std::_Placeholder<1>, QObject*))(std::shared_ptr<std_msgs::msg::Int32_<std::allocator<void> > >, QObject*)>, void>::callback_type[m[K’ {aka ‘[01m[Kstd::function<void(std::shared_ptr<std_msgs::msg::Int32_<std::allocator<void> > >, QObject*)>[m[K’} to ‘[01m[Kconst std::variant<std::function<void(const std_msgs::msg::Int32_<std::allocator<void> >&)>, std::function<void(const std_msgs::msg::Int32_<std::allocator<void> >&, const rclcpp::MessageInfo&)>, std::function<void(const rclcpp::SerializedMessage&)>, std::function<void(const rclcpp::SerializedMessage&, const rclcpp::MessageInfo&)>, std::function<void(std::unique_ptr<std_msgs::msg::Int32_<std::allocator<void> >, std::default_delete<std_msgs::msg::Int32_<std::allocator<void> > > >)>, std::function<void(std::unique_ptr<std_msgs::msg::Int32_<std::allocator<void> >, std::default_delete<std_msgs::msg::Int32_<std::allocator<void> > > >, const rclcpp::MessageInfo&)>, std::function<void(std::unique_ptr<rclcpp::SerializedMessage, std::default_delete<rclcpp::SerializedMessage> >)>, std::function<void(std::unique_ptr<rclcpp::SerializedMessage, std::default_delete<rclcpp::SerializedMessage> >, const rclcpp::MessageInfo&)>, std::function<void(std::shared_ptr<const std_msgs::msg::Int32_<std::allocator<void> > >)>, std::function<void(std::shared_ptr<const std_msgs::msg::Int32_<std::allocator<void> > >, const rclcpp::MessageInfo&)>, std::function<void(std::shared_ptr<const rclcpp::SerializedMessage>)>, std::function<void(std::shared_ptr<const rclcpp::SerializedMessage>, const rclcpp::MessageInfo&)>, std::function<void(const std::shared_ptr<const std_msgs::msg::Int32_<std::allocator<void> > >&)>, std::function<void(const std::shared_ptr<const std_msgs::msg::Int32_<std::allocator<void> > >&, const rclcpp::MessageInfo&)>, std::function<void(const std::shared_ptr<const rclcpp::SerializedMessage>&)>, std::function<void(const std::shared_ptr<const rclcpp::SerializedMessage>&, const rclcpp::MessageInfo&)>, std::function<void(std::shared_ptr<std_msgs::msg::Int32_<std::allocator<void> > >)>, std::function<void(std::shared_ptr<std_msgs::msg::Int32_<std::allocator<void> > >, const rclcpp::MessageInfo&)>, std::function<void(std::shared_ptr<rclcpp::SerializedMessage>)>, std::function<void(std::shared_ptr<rclcpp::SerializedMessage>, const rclcpp::MessageInfo&)> >&[m[K’
[2.775s]  1398 |       variant& operator=([01;36m[Kconst variant&[m[K) = default;
[2.775s]       |                          [01;36m[K^~~~~~~~~~~~~~[m[K
[2.775s] [01m[K/usr/include/c++/11/variant:1399:16:[m[K [01;36m[Knote: [m[Kcandidate: ‘[01m[Kstd::variant<_Types>& std::variant<_Types>::operator=(std::variant<_Types>&&) [with _Types = {std::function<void(const std_msgs::msg::Int32_<std::allocator<void> >&)>, std::function<void(const std_msgs::msg::Int32_<std::allocator<void> >&, const rclcpp::MessageInfo&)>, std::function<void(const rclcpp::SerializedMessage&)>, std::function<void(const rclcpp::SerializedMessage&, const rclcpp::MessageInfo&)>, std::function<void(std::unique_ptr<std_msgs::msg::Int32_<std::allocator<void> >, std::default_delete<std_msgs::msg::Int32_<std::allocator<void> > > >)>, std::function<void(std::unique_ptr<std_msgs::msg::Int32_<std::allocator<void> >, std::default_delete<std_msgs::msg::Int32_<std::allocator<void> > > >, const rclcpp::MessageInfo&)>, std::function<void(std::unique_ptr<rclcpp::SerializedMessage, std::default_delete<rclcpp::SerializedMessage> >)>, std::function<void(std::unique_ptr<rclcpp::SerializedMessage, std::default_delete<rclcpp::SerializedMessage> >, const rclcpp::MessageInfo&)>, std::function<void(std::shared_ptr<const std_msgs::msg::Int32_<std::allocator<void> > >)>, std::function<void(std::shared_ptr<const std_msgs::msg::Int32_<std::allocator<void> > >, const rclcpp::MessageInfo&)>, std::function<void(std::shared_ptr<const rclcpp::SerializedMessage>)>, std::function<void(std::shared_ptr<const rclcpp::SerializedMessage>, const rclcpp::MessageInfo&)>, std::function<void(const std::shared_ptr<const std_msgs::msg::Int32_<std::allocator<void> > >&)>, std::function<void(const std::shared_ptr<const std_msgs::msg::Int32_<std::allocator<void> > >&, const rclcpp::MessageInfo&)>, std::function<void(const std::shared_ptr<const rclcpp::SerializedMessage>&)>, std::function<void(const std::shared_ptr<const rclcpp::SerializedMessage>&, const rclcpp::MessageInfo&)>, std::function<void(std::shared_ptr<std_msgs::msg::Int32_<std::allocator<void> > >)>, std::function<void(std::shared_ptr<std_msgs::msg::Int32_<std::allocator<void> > >, const rclcpp::MessageInfo&)>, std::function<void(std::shared_ptr<rclcpp::SerializedMessage>)>, std::function<void(std::shared_ptr<rclcpp::SerializedMessage>, const rclcpp::MessageInfo&)>}][m[K’
[2.775s]  1399 |       variant& [01;36m[Koperator[m[K=(variant&&) = default;
[2.775s]       |                [01;36m[K^~~~~~~~[m[K
[2.776s] [01m[K/usr/include/c++/11/variant:1399:26:[m[K [01;36m[Knote: [m[K  no known conversion for argument 1 from ‘[01m[Krclcpp::detail::SubscriptionCallbackTypeHelper<std_msgs::msg::Int32_<std::allocator<void> >, std::_Bind<void (*(std::_Placeholder<1>, QObject*))(std::shared_ptr<std_msgs::msg::Int32_<std::allocator<void> > >, QObject*)>, void>::callback_type[m[K’ {aka ‘[01m[Kstd::function<void(std::shared_ptr<std_msgs::msg::Int32_<std::allocator<void> > >, QObject*)>[m[K’} to ‘[01m[Kstd::variant<std::function<void(const std_msgs::msg::Int32_<std::allocator<void> >&)>, std::function<void(const std_msgs::msg::Int32_<std::allocator<void> >&, const rclcpp::MessageInfo&)>, std::function<void(const rclcpp::SerializedMessage&)>, std::function<void(const rclcpp::SerializedMessage&, const rclcpp::MessageInfo&)>, std::function<void(std::unique_ptr<std_msgs::msg::Int32_<std::allocator<void> >, std::default_delete<std_msgs::msg::Int32_<std::allocator<void> > > >)>, std::function<void(std::unique_ptr<std_msgs::msg::Int32_<std::allocator<void> >, std::default_delete<std_msgs::msg::Int32_<std::allocator<void> > > >, const rclcpp::MessageInfo&)>, std::function<void(std::unique_ptr<rclcpp::SerializedMessage, std::default_delete<rclcpp::SerializedMessage> >)>, std::function<void(std::unique_ptr<rclcpp::SerializedMessage, std::default_delete<rclcpp::SerializedMessage> >, const rclcpp::MessageInfo&)>, std::function<void(std::shared_ptr<const std_msgs::msg::Int32_<std::allocator<void> > >)>, std::function<void(std::shared_ptr<const std_msgs::msg::Int32_<std::allocator<void> > >, const rclcpp::MessageInfo&)>, std::function<void(std::shared_ptr<const rclcpp::SerializedMessage>)>, std::function<void(std::shared_ptr<const rclcpp::SerializedMessage>, const rclcpp::MessageInfo&)>, std::function<void(const std::shared_ptr<const std_msgs::msg::Int32_<std::allocator<void> > >&)>, std::function<void(const std::shared_ptr<const std_msgs::msg::Int32_<std::allocator<void> > >&, const rclcpp::MessageInfo&)>, std::function<void(const std::shared_ptr<const rclcpp::SerializedMessage>&)>, std::function<void(const std::shared_ptr<const rclcpp::SerializedMessage>&, const rclcpp::MessageInfo&)>, std::function<void(std::shared_ptr<std_msgs::msg::Int32_<std::allocator<void> > >)>, std::function<void(std::shared_ptr<std_msgs::msg::Int32_<std::allocator<void> > >, const rclcpp::MessageInfo&)>, std::function<void(std::shared_ptr<rclcpp::SerializedMessage>)>, std::function<void(std::shared_ptr<rclcpp::SerializedMessage>, const rclcpp::MessageInfo&)> >&&[m[K’
[2.776s]  1399 |       variant& operator=([01;36m[Kvariant&&[m[K) = default;
[2.776s]       |                          [01;36m[K^~~~~~~~~[m[K
[3.915s] gmake[2]: *** [CMakeFiles/main.dir/build.make:76: CMakeFiles/main.dir/src/main.cpp.o] Error 1
[3.915s] gmake[1]: *** [CMakeFiles/Makefile2:139: CMakeFiles/main.dir/all] Error 2
[3.915s] gmake: *** [Makefile:146: all] Error 2
[3.920s] Invoked command in '/home/nida/Desktop/qml_ws/build/qml_pkg' returned '2': CMAKE_PREFIX_PATH=${CMAKE_PREFIX_PATH}:/home/nida/Desktop/ROV/task2_ws/install/task2_pkg:/home/nida/ros2_humble/install/rqt_bag_plugins:/home/nida/ros2_humble/install/rqt_bag:/home/nida/ros2_humble/install/ros2bag:/home/nida/ros2_humble/install/tracetools_test:/home/nida/ros2_humble/install/tracetools_launch:/home/nida/ros2_humble/install/topic_monitor:/home/nida/ros2_humble/install/tf2_tools:/home/nida/ros2_humble/install/examples_tf2_py:/home/nida/ros2_humble/install/tf2_ros_py:/home/nida/ros2_humble/install/sros2:/home/nida/ros2_humble/install/rqt_topic:/home/nida/ros2_humble/install/rqt_srv:/home/nida/ros2_humble/install/rqt_shell:/home/nida/ros2_humble/install/rqt_service_caller:/home/nida/ros2_humble/install/rqt_reconfigure:/home/nida/ros2_humble/install/rqt_py_console:/home/nida/ros2_humble/install/rqt_publisher:/home/nida/ros2_humble/install/rqt_plot:/home/nida/ros2_humble/install/rqt_action:/home/nida/ros2_humble/install/rqt_msg:/home/nida/ros2_humble/install/rqt_console:/home/nida/ros2_humble/install/rqt:/home/nida/ros2_humble/install/rqt_graph:/home/nida/ros2_humble/install/rqt_gui_py:/home/nida/ros2_humble/install/rqt_gui:/home/nida/ros2_humble/install/ros2trace:/home/nida/ros2_humble/install/ros2topic:/home/nida/ros2_humble/install/ros2test:/home/nida/ros2_humble/install/ros2component:/home/nida/ros2_humble/install/ros2param:/home/nida/ros2_humble/install/ros2lifecycle:/home/nida/ros2_humble/install/ros2service:/home/nida/ros2_humble/install/ros2run:/home/nida/ros2_humble/install/ros2launch:/home/nida/ros2_humble/install/ros2pkg:/home/nida/ros2_humble/install/ros2node:/home/nida/ros2_humble/install/ros2multicast:/home/nida/ros2_humble/install/ros2interface:/home/nida/ros2_humble/install/ros2doctor:/home/nida/ros2_humble/install/ros2action:/home/nida/ros2_humble/install/ros2cli:/home/nida/ros2_humble/install/quality_of_service_demo_py:/home/nida/ros2_humble/install/lifecycle_py:/home/nida/ros2_humble/install/launch_testing_ros:/home/nida/ros2_humble/install/launch_ros:/home/nida/ros2_humble/install/examples_rclpy_pointcloud_publisher:/home/nida/ros2_humble/install/examples_rclpy_minimal_subscriber:/home/nida/ros2_humble/install/examples_rclpy_minimal_service:/home/nida/ros2_humble/install/examples_rclpy_minimal_publisher:/home/nida/ros2_humble/install/examples_rclpy_minimal_client:/home/nida/ros2_humble/install/examples_rclpy_minimal_action_server:/home/nida/ros2_humble/install/examples_rclpy_minimal_action_client:/home/nida/ros2_humble/install/examples_rclpy_guard_conditions:/home/nida/ros2_humble/install/examples_rclpy_executors:/home/nida/ros2_humble/install/demo_nodes_py:/home/nida/ros2_humble/install/action_tutorials_py:/home/nida/ros2_humble/install/ament_uncrustify:/home/nida/ros2_humble/install/tracetools_trace:/home/nida/ros2_humble/install/tracetools_read:/home/nida/ros2_humble/install/test_tracetools_launch:/home/nida/ros2_humble/install/test_launch_ros:/home/nida/ros2_humble/install/sensor_msgs_py:/home/nida/ros2_humble/install/rpyutils:/home/nida/ros2_humble/install/rosidl_runtime_py:/home/nida/ros2_humble/install/rosidl_cli:/home/nida/ros2_humble/install/launch_pytest:/home/nida/ros2_humble/install/launch_testing:/home/nida/ros2_humble/install/launch_yaml:/home/nida/ros2_humble/install/launch_xml:/home/nida/ros2_humble/install/launch:/home/nida/ros2_humble/install/osrf_pycommon:/home/nida/ros2_humble/install/launch_testing_examples:/home/nida/ros2_humble/install/domain_coordinator:/home/nida/ros2_humble/install/ament_xmllint:/home/nida/ros2_humble/install/ament_pyflakes:/home/nida/ros2_humble/install/ament_pycodestyle:/home/nida/ros2_humble/install/ament_pep257:/home/nida/ros2_humble/install/ament_pclint:/home/nida/ros2_humble/install/ament_package:/home/nida/ros2_humble/install/ament_mypy:/home/nida/ros2_humble/install/ament_lint_cmake:/home/nida/ros2_humble/install/ament_flake8:/home/nida/ros2_humble/install/ament_copyright:/home/nida/ros2_humble/install/ament_lint:/home/nida/ros2_humble/install/ament_index_python:/home/nida/ros2_humble/install/ament_cpplint:/home/nida/ros2_humble/install/ament_cppcheck:/home/nida/ros2_humble/install/ament_clang_tidy:/home/nida/ros2_humble/install/ament_clang_format:/opt/ros/humble /home/nida/.local/bin/cmake --build /home/nida/Desktop/qml_ws/build/qml_pkg -- -j8 -l8
