[ 25%] [32mBuilding CXX object CMakeFiles/publisher_node.dir/src/publisher_node.cpp.o[0m
[ 50%] [32mBuilding CXX object CMakeFiles/main.dir/src/main.cpp.o[0m
[01m[K/home/nida/Desktop/qml_ws/src/qml_pkg/src/publisher_node.cpp:2:10:[m[K [01;31m[Kfatal error: [m[Kexample_interfaces/msg/string.hpp: No such file or directory
    2 | #include [01;31m[K"example_interfaces/msg/string.hpp"[m[K  // Fixed header include
      |          [01;31m[K^~~~~~~~~~~~~~~~~~~~~~~~~~~~~~~~~~~[m[K
compilation terminated.
gmake[2]: *** [CMakeFiles/publisher_node.dir/build.make:76: CMakeFiles/publisher_node.dir/src/publisher_node.cpp.o] Error 1
gmake[1]: *** [CMakeFiles/Makefile2:165: CMakeFiles/publisher_node.dir/all] Error 2
gmake[1]: *** Waiting for unfinished jobs....
[01m[K/home/nida/Desktop/qml_ws/src/qml_pkg/src/main.cpp:[m[K In lambda function:
[01m[K/home/nida/Desktop/qml_ws/src/qml_pkg/src/main.cpp:38:28:[m[K [01;31m[Kerror: [m[K‘[01m[KrootObject[m[K’ is not captured
   38 |         manage_slider(msg, [01;31m[KrootObject[m[K);
      |                            [01;31m[K^~~~~~~~~~[m[K
[01m[K/home/nida/Desktop/qml_ws/src/qml_pkg/src/main.cpp:37:26:[m[K [01;36m[Knote: [m[Kthe lambda has no capture-default
   37 |     "slider_topic", 10, [[01;36m[K][m[K(const std_msgs::msg::Int32::SharedPtr msg) {
      |                          [01;36m[K^[m[K
[01m[K/home/nida/Desktop/qml_ws/src/qml_pkg/src/main.cpp:35:14:[m[K [01;36m[Knote: [m[K‘[01m[KQObject* rootObject[m[K’ declared here
   35 |     QObject *[01;36m[KrootObject[m[K = engine.rootObjects().first();
      |              [01;36m[K^~~~~~~~~~[m[K
gmake[2]: *** [CMakeFiles/main.dir/build.make:76: CMakeFiles/main.dir/src/main.cpp.o] Error 1
gmake[1]: *** [CMakeFiles/Makefile2:139: CMakeFiles/main.dir/all] Error 2
gmake: *** [Makefile:146: all] Error 2
