[01m[K/home/nida/Desktop/qml_ws/src/qml_pkg/src/main.cpp:[m[K In lambda function:
[01m[K/home/nida/Desktop/qml_ws/src/qml_pkg/src/main.cpp:47:29:[m[K [01;31m[Kerror: [m[K‘[01m[Kargc[m[K’ is not captured
   47 |         QGuiApplication app([01;31m[Kargc[m[K, argv);
      |                             [01;31m[K^~~~[m[K
[01m[K/home/nida/Desktop/qml_ws/src/qml_pkg/src/main.cpp:45:34:[m[K [01;36m[Knote: [m[Kthe lambda has no capture-default
   45 |     std::thread rosSPinner([&node[01;36m[K][m[K(){
      |                                  [01;36m[K^[m[K
[01m[K/home/nida/Desktop/qml_ws/src/qml_pkg/src/main.cpp:37:14:[m[K [01;36m[Knote: [m[K‘[01m[Kint argc[m[K’ declared here
   37 | int main([01;36m[Kint argc[m[K, char *argv[]) {
      |          [01;36m[K~~~~^~~~[m[K
[01m[K/home/nida/Desktop/qml_ws/src/qml_pkg/src/main.cpp:47:35:[m[K [01;31m[Kerror: [m[K‘[01m[Kargv[m[K’ is not captured
   47 |         QGuiApplication app(argc, [01;31m[Kargv[m[K);
      |                                   [01;31m[K^~~~[m[K
[01m[K/home/nida/Desktop/qml_ws/src/qml_pkg/src/main.cpp:45:34:[m[K [01;36m[Knote: [m[Kthe lambda has no capture-default
   45 |     std::thread rosSPinner([&node[01;36m[K][m[K(){
      |                                  [01;36m[K^[m[K
[01m[K/home/nida/Desktop/qml_ws/src/qml_pkg/src/main.cpp:37:26:[m[K [01;36m[Knote: [m[K‘[01m[Kchar** argv[m[K’ declared here
   37 | int main(int argc, [01;36m[Kchar *argv[][m[K) {
      |                    [01;36m[K~~~~~~^~~~~~[m[K
[01m[K/home/nida/Desktop/qml_ws/src/qml_pkg/src/main.cpp:[m[K In function ‘[01m[Kint main(int, char**)[m[K’:
[01m[K/home/nida/Desktop/qml_ws/src/qml_pkg/src/main.cpp:75:12:[m[K [01;31m[Kerror: [m[K‘[01m[Kapp[m[K’ was not declared in this scope
   75 |     return [01;31m[Kapp[m[K.exec();
      |            [01;31m[K^~~[m[K
[01m[K/home/nida/Desktop/qml_ws/src/qml_pkg/src/main.cpp:[m[K In lambda function:
[01m[K/home/nida/Desktop/qml_ws/src/qml_pkg/src/main.cpp:69:5:[m[K [01;35m[Kwarning: [m[Kcontrol reaches end of non-void function [[01;35m[K]8;;https://gcc.gnu.org/onlinedocs/gcc/Warning-Options.html#index-Wreturn-type-Wreturn-type]8;;[m[K]
   69 |     [01;35m[K}[m[K);
      |     [01;35m[K^[m[K
gmake[2]: *** [CMakeFiles/main.dir/build.make:76: CMakeFiles/main.dir/src/main.cpp.o] Error 1
gmake[1]: *** [CMakeFiles/Makefile2:139: CMakeFiles/main.dir/all] Error 2
gmake: *** [Makefile:146: all] Error 2
