[0.027s] Invoking command in '/home/nida/Desktop/qml_ws/build/qml_pkg': CMAKE_PREFIX_PATH=${CMAKE_PREFIX_PATH}:/home/nida/Desktop/ROV/task2_ws/install/task2_pkg:/home/nida/ros2_humble/install/rqt_bag_plugins:/home/nida/ros2_humble/install/rqt_bag:/home/nida/ros2_humble/install/ros2bag:/home/nida/ros2_humble/install/tracetools_test:/home/nida/ros2_humble/install/tracetools_launch:/home/nida/ros2_humble/install/topic_monitor:/home/nida/ros2_humble/install/tf2_tools:/home/nida/ros2_humble/install/examples_tf2_py:/home/nida/ros2_humble/install/tf2_ros_py:/home/nida/ros2_humble/install/sros2:/home/nida/ros2_humble/install/rqt_topic:/home/nida/ros2_humble/install/rqt_srv:/home/nida/ros2_humble/install/rqt_shell:/home/nida/ros2_humble/install/rqt_service_caller:/home/nida/ros2_humble/install/rqt_reconfigure:/home/nida/ros2_humble/install/rqt_py_console:/home/nida/ros2_humble/install/rqt_publisher:/home/nida/ros2_humble/install/rqt_plot:/home/nida/ros2_humble/install/rqt_action:/home/nida/ros2_humble/install/rqt_msg:/home/nida/ros2_humble/install/rqt_console:/home/nida/ros2_humble/install/rqt:/home/nida/ros2_humble/install/rqt_graph:/home/nida/ros2_humble/install/rqt_gui_py:/home/nida/ros2_humble/install/rqt_gui:/home/nida/ros2_humble/install/ros2trace:/home/nida/ros2_humble/install/ros2topic:/home/nida/ros2_humble/install/ros2test:/home/nida/ros2_humble/install/ros2component:/home/nida/ros2_humble/install/ros2param:/home/nida/ros2_humble/install/ros2lifecycle:/home/nida/ros2_humble/install/ros2service:/home/nida/ros2_humble/install/ros2run:/home/nida/ros2_humble/install/ros2launch:/home/nida/ros2_humble/install/ros2pkg:/home/nida/ros2_humble/install/ros2node:/home/nida/ros2_humble/install/ros2multicast:/home/nida/ros2_humble/install/ros2interface:/home/nida/ros2_humble/install/ros2doctor:/home/nida/ros2_humble/install/ros2action:/home/nida/ros2_humble/install/ros2cli:/home/nida/ros2_humble/install/quality_of_service_demo_py:/home/nida/ros2_humble/install/lifecycle_py:/home/nida/ros2_humble/install/launch_testing_ros:/home/nida/ros2_humble/install/launch_ros:/home/nida/ros2_humble/install/examples_rclpy_pointcloud_publisher:/home/nida/ros2_humble/install/examples_rclpy_minimal_subscriber:/home/nida/ros2_humble/install/examples_rclpy_minimal_service:/home/nida/ros2_humble/install/examples_rclpy_minimal_publisher:/home/nida/ros2_humble/install/examples_rclpy_minimal_client:/home/nida/ros2_humble/install/examples_rclpy_minimal_action_server:/home/nida/ros2_humble/install/examples_rclpy_minimal_action_client:/home/nida/ros2_humble/install/examples_rclpy_guard_conditions:/home/nida/ros2_humble/install/examples_rclpy_executors:/home/nida/ros2_humble/install/demo_nodes_py:/home/nida/ros2_humble/install/action_tutorials_py:/home/nida/ros2_humble/install/ament_uncrustify:/home/nida/ros2_humble/install/tracetools_trace:/home/nida/ros2_humble/install/tracetools_read:/home/nida/ros2_humble/install/test_tracetools_launch:/home/nida/ros2_humble/install/test_launch_ros:/home/nida/ros2_humble/install/sensor_msgs_py:/home/nida/ros2_humble/install/rpyutils:/home/nida/ros2_humble/install/rosidl_runtime_py:/home/nida/ros2_humble/install/rosidl_cli:/home/nida/ros2_humble/install/launch_pytest:/home/nida/ros2_humble/install/launch_testing:/home/nida/ros2_humble/install/launch_yaml:/home/nida/ros2_humble/install/launch_xml:/home/nida/ros2_humble/install/launch:/home/nida/ros2_humble/install/osrf_pycommon:/home/nida/ros2_humble/install/launch_testing_examples:/home/nida/ros2_humble/install/domain_coordinator:/home/nida/ros2_humble/install/ament_xmllint:/home/nida/ros2_humble/install/ament_pyflakes:/home/nida/ros2_humble/install/ament_pycodestyle:/home/nida/ros2_humble/install/ament_pep257:/home/nida/ros2_humble/install/ament_pclint:/home/nida/ros2_humble/install/ament_package:/home/nida/ros2_humble/install/ament_mypy:/home/nida/ros2_humble/install/ament_lint_cmake:/home/nida/ros2_humble/install/ament_flake8:/home/nida/ros2_humble/install/ament_copyright:/home/nida/ros2_humble/install/ament_lint:/home/nida/ros2_humble/install/ament_index_python:/home/nida/ros2_humble/install/ament_cpplint:/home/nida/ros2_humble/install/ament_cppcheck:/home/nida/ros2_humble/install/ament_clang_tidy:/home/nida/ros2_humble/install/ament_clang_format:/opt/ros/humble /home/nida/.local/bin/cmake --build /home/nida/Desktop/qml_ws/build/qml_pkg -- -j8 -l8
[0.156s] [ 50%] Built target deneme
[0.160s] [ 75%] [32mBuilding CXX object CMakeFiles/main.dir/src/main.cpp.o[0m
[2.047s] [01m[K/home/nida/Desktop/qml_ws/src/qml_pkg/src/main.cpp:[m[K In function ‘[01m[Kvoid update_slider(QObject*)[m[K’:
[2.047s] [01m[K/home/nida/Desktop/qml_ws/src/qml_pkg/src/main.cpp:24:50:[m[K [01;31m[Kerror: [m[Kno matching function for call to ‘[01m[KQString::number(std_msgs::msg::String_<std::allocator<void> >::_data_type&)[m[K’
[2.047s]    24 |         obj->setProperty("value", [01;31m[KQString::number(SLIDER.data)[m[K);
[2.047s]       |                                   [01;31m[K~~~~~~~~~~~~~~~^~~~~~~~~~~~~[m[K
[2.047s] In file included from [01m[K/home/nida/Qt/6.6.3/gcc_64/include/QtCore/qcoreapplication.h:8[m[K,
[2.047s]                  from [01m[K/home/nida/Qt/6.6.3/gcc_64/include/QtGui/qguiapplication.h:8[m[K,
[2.047s]                  from [01m[K/home/nida/Qt/6.6.3/gcc_64/include/QtGui/QGuiApplication:1[m[K,
[2.047s]                  from [01m[K/home/nida/Desktop/qml_ws/src/qml_pkg/src/main.cpp:1[m[K:
[2.047s] [01m[K/home/nida/Qt/6.6.3/gcc_64/include/QtCore/qstring.h:686:20:[m[K [01;36m[Knote: [m[Kcandidate: ‘[01m[Kstatic QString QString::number(int, int)[m[K’
[2.047s]   686 |     static QString [01;36m[Knumber[m[K(int, int base=10);
[2.047s]       |                    [01;36m[K^~~~~~[m[K
[2.047s] [01m[K/home/nida/Qt/6.6.3/gcc_64/include/QtCore/qstring.h:686:27:[m[K [01;36m[Knote: [m[K  no known conversion for argument 1 from ‘[01m[Kstd_msgs::msg::String_<std::allocator<void> >::_data_type[m[K’ {aka ‘[01m[Kstd::__cxx11::basic_string<char>[m[K’} to ‘[01m[Kint[m[K’
[2.047s]   686 |     static QString number([01;36m[Kint[m[K, int base=10);
[2.047s]       |                           [01;36m[K^~~[m[K
[2.047s] [01m[K/home/nida/Qt/6.6.3/gcc_64/include/QtCore/qstring.h:687:20:[m[K [01;36m[Knote: [m[Kcandidate: ‘[01m[Kstatic QString QString::number(uint, int)[m[K’
[2.047s]   687 |     static QString [01;36m[Knumber[m[K(uint, int base=10);
[2.047s]       |                    [01;36m[K^~~~~~[m[K
[2.047s] [01m[K/home/nida/Qt/6.6.3/gcc_64/include/QtCore/qstring.h:687:27:[m[K [01;36m[Knote: [m[K  no known conversion for argument 1 from ‘[01m[Kstd_msgs::msg::String_<std::allocator<void> >::_data_type[m[K’ {aka ‘[01m[Kstd::__cxx11::basic_string<char>[m[K’} to ‘[01m[Kuint[m[K’ {aka ‘[01m[Kunsigned int[m[K’}
[2.047s]   687 |     static QString number([01;36m[Kuint[m[K, int base=10);
[2.047s]       |                           [01;36m[K^~~~[m[K
[2.047s] [01m[K/home/nida/Qt/6.6.3/gcc_64/include/QtCore/qstring.h:688:20:[m[K [01;36m[Knote: [m[Kcandidate: ‘[01m[Kstatic QString QString::number(long int, int)[m[K’
[2.048s]   688 |     static QString [01;36m[Knumber[m[K(long, int base=10);
[2.048s]       |                    [01;36m[K^~~~~~[m[K
[2.048s] [01m[K/home/nida/Qt/6.6.3/gcc_64/include/QtCore/qstring.h:688:27:[m[K [01;36m[Knote: [m[K  no known conversion for argument 1 from ‘[01m[Kstd_msgs::msg::String_<std::allocator<void> >::_data_type[m[K’ {aka ‘[01m[Kstd::__cxx11::basic_string<char>[m[K’} to ‘[01m[Klong int[m[K’
[2.048s]   688 |     static QString number([01;36m[Klong[m[K, int base=10);
[2.048s]       |                           [01;36m[K^~~~[m[K
[2.048s] [01m[K/home/nida/Qt/6.6.3/gcc_64/include/QtCore/qstring.h:689:20:[m[K [01;36m[Knote: [m[Kcandidate: ‘[01m[Kstatic QString QString::number(ulong, int)[m[K’
[2.048s]   689 |     static QString [01;36m[Knumber[m[K(ulong, int base=10);
[2.048s]       |                    [01;36m[K^~~~~~[m[K
[2.048s] [01m[K/home/nida/Qt/6.6.3/gcc_64/include/QtCore/qstring.h:689:27:[m[K [01;36m[Knote: [m[K  no known conversion for argument 1 from ‘[01m[Kstd_msgs::msg::String_<std::allocator<void> >::_data_type[m[K’ {aka ‘[01m[Kstd::__cxx11::basic_string<char>[m[K’} to ‘[01m[Kulong[m[K’ {aka ‘[01m[Klong unsigned int[m[K’}
[2.048s]   689 |     static QString number([01;36m[Kulong[m[K, int base=10);
[2.048s]       |                           [01;36m[K^~~~~[m[K
[2.048s] [01m[K/home/nida/Qt/6.6.3/gcc_64/include/QtCore/qstring.h:690:20:[m[K [01;36m[Knote: [m[Kcandidate: ‘[01m[Kstatic QString QString::number(qlonglong, int)[m[K’
[2.048s]   690 |     static QString [01;36m[Knumber[m[K(qlonglong, int base=10);
[2.048s]       |                    [01;36m[K^~~~~~[m[K
[2.048s] [01m[K/home/nida/Qt/6.6.3/gcc_64/include/QtCore/qstring.h:690:27:[m[K [01;36m[Knote: [m[K  no known conversion for argument 1 from ‘[01m[Kstd_msgs::msg::String_<std::allocator<void> >::_data_type[m[K’ {aka ‘[01m[Kstd::__cxx11::basic_string<char>[m[K’} to ‘[01m[Kqlonglong[m[K’ {aka ‘[01m[Klong long int[m[K’}
[2.048s]   690 |     static QString number([01;36m[Kqlonglong[m[K, int base=10);
[2.048s]       |                           [01;36m[K^~~~~~~~~[m[K
[2.048s] [01m[K/home/nida/Qt/6.6.3/gcc_64/include/QtCore/qstring.h:691:20:[m[K [01;36m[Knote: [m[Kcandidate: ‘[01m[Kstatic QString QString::number(qulonglong, int)[m[K’
[2.048s]   691 |     static QString [01;36m[Knumber[m[K(qulonglong, int base=10);
[2.048s]       |                    [01;36m[K^~~~~~[m[K
[2.048s] [01m[K/home/nida/Qt/6.6.3/gcc_64/include/QtCore/qstring.h:691:27:[m[K [01;36m[Knote: [m[K  no known conversion for argument 1 from ‘[01m[Kstd_msgs::msg::String_<std::allocator<void> >::_data_type[m[K’ {aka ‘[01m[Kstd::__cxx11::basic_string<char>[m[K’} to ‘[01m[Kqulonglong[m[K’ {aka ‘[01m[Klong long unsigned int[m[K’}
[2.048s]   691 |     static QString number([01;36m[Kqulonglong[m[K, int base=10);
[2.049s]       |                           [01;36m[K^~~~~~~~~~[m[K
[2.049s] [01m[K/home/nida/Qt/6.6.3/gcc_64/include/QtCore/qstring.h:692:20:[m[K [01;36m[Knote: [m[Kcandidate: ‘[01m[Kstatic QString QString::number(double, char, int)[m[K’
[2.049s]   692 |     static QString [01;36m[Knumber[m[K(double, char format='g', int precision=6);
[2.049s]       |                    [01;36m[K^~~~~~[m[K
[2.049s] [01m[K/home/nida/Qt/6.6.3/gcc_64/include/QtCore/qstring.h:692:27:[m[K [01;36m[Knote: [m[K  no known conversion for argument 1 from ‘[01m[Kstd_msgs::msg::String_<std::allocator<void> >::_data_type[m[K’ {aka ‘[01m[Kstd::__cxx11::basic_string<char>[m[K’} to ‘[01m[Kdouble[m[K’
[2.049s]   692 |     static QString number([01;36m[Kdouble[m[K, char format='g', int precision=6);
[2.049s]       |                           [01;36m[K^~~~~~[m[K
[3.615s] gmake[2]: *** [CMakeFiles/main.dir/build.make:76: CMakeFiles/main.dir/src/main.cpp.o] Error 1
[3.615s] gmake[1]: *** [CMakeFiles/Makefile2:139: CMakeFiles/main.dir/all] Error 2
[3.615s] gmake: *** [Makefile:146: all] Error 2
[3.619s] Invoked command in '/home/nida/Desktop/qml_ws/build/qml_pkg' returned '2': CMAKE_PREFIX_PATH=${CMAKE_PREFIX_PATH}:/home/nida/Desktop/ROV/task2_ws/install/task2_pkg:/home/nida/ros2_humble/install/rqt_bag_plugins:/home/nida/ros2_humble/install/rqt_bag:/home/nida/ros2_humble/install/ros2bag:/home/nida/ros2_humble/install/tracetools_test:/home/nida/ros2_humble/install/tracetools_launch:/home/nida/ros2_humble/install/topic_monitor:/home/nida/ros2_humble/install/tf2_tools:/home/nida/ros2_humble/install/examples_tf2_py:/home/nida/ros2_humble/install/tf2_ros_py:/home/nida/ros2_humble/install/sros2:/home/nida/ros2_humble/install/rqt_topic:/home/nida/ros2_humble/install/rqt_srv:/home/nida/ros2_humble/install/rqt_shell:/home/nida/ros2_humble/install/rqt_service_caller:/home/nida/ros2_humble/install/rqt_reconfigure:/home/nida/ros2_humble/install/rqt_py_console:/home/nida/ros2_humble/install/rqt_publisher:/home/nida/ros2_humble/install/rqt_plot:/home/nida/ros2_humble/install/rqt_action:/home/nida/ros2_humble/install/rqt_msg:/home/nida/ros2_humble/install/rqt_console:/home/nida/ros2_humble/install/rqt:/home/nida/ros2_humble/install/rqt_graph:/home/nida/ros2_humble/install/rqt_gui_py:/home/nida/ros2_humble/install/rqt_gui:/home/nida/ros2_humble/install/ros2trace:/home/nida/ros2_humble/install/ros2topic:/home/nida/ros2_humble/install/ros2test:/home/nida/ros2_humble/install/ros2component:/home/nida/ros2_humble/install/ros2param:/home/nida/ros2_humble/install/ros2lifecycle:/home/nida/ros2_humble/install/ros2service:/home/nida/ros2_humble/install/ros2run:/home/nida/ros2_humble/install/ros2launch:/home/nida/ros2_humble/install/ros2pkg:/home/nida/ros2_humble/install/ros2node:/home/nida/ros2_humble/install/ros2multicast:/home/nida/ros2_humble/install/ros2interface:/home/nida/ros2_humble/install/ros2doctor:/home/nida/ros2_humble/install/ros2action:/home/nida/ros2_humble/install/ros2cli:/home/nida/ros2_humble/install/quality_of_service_demo_py:/home/nida/ros2_humble/install/lifecycle_py:/home/nida/ros2_humble/install/launch_testing_ros:/home/nida/ros2_humble/install/launch_ros:/home/nida/ros2_humble/install/examples_rclpy_pointcloud_publisher:/home/nida/ros2_humble/install/examples_rclpy_minimal_subscriber:/home/nida/ros2_humble/install/examples_rclpy_minimal_service:/home/nida/ros2_humble/install/examples_rclpy_minimal_publisher:/home/nida/ros2_humble/install/examples_rclpy_minimal_client:/home/nida/ros2_humble/install/examples_rclpy_minimal_action_server:/home/nida/ros2_humble/install/examples_rclpy_minimal_action_client:/home/nida/ros2_humble/install/examples_rclpy_guard_conditions:/home/nida/ros2_humble/install/examples_rclpy_executors:/home/nida/ros2_humble/install/demo_nodes_py:/home/nida/ros2_humble/install/action_tutorials_py:/home/nida/ros2_humble/install/ament_uncrustify:/home/nida/ros2_humble/install/tracetools_trace:/home/nida/ros2_humble/install/tracetools_read:/home/nida/ros2_humble/install/test_tracetools_launch:/home/nida/ros2_humble/install/test_launch_ros:/home/nida/ros2_humble/install/sensor_msgs_py:/home/nida/ros2_humble/install/rpyutils:/home/nida/ros2_humble/install/rosidl_runtime_py:/home/nida/ros2_humble/install/rosidl_cli:/home/nida/ros2_humble/install/launch_pytest:/home/nida/ros2_humble/install/launch_testing:/home/nida/ros2_humble/install/launch_yaml:/home/nida/ros2_humble/install/launch_xml:/home/nida/ros2_humble/install/launch:/home/nida/ros2_humble/install/osrf_pycommon:/home/nida/ros2_humble/install/launch_testing_examples:/home/nida/ros2_humble/install/domain_coordinator:/home/nida/ros2_humble/install/ament_xmllint:/home/nida/ros2_humble/install/ament_pyflakes:/home/nida/ros2_humble/install/ament_pycodestyle:/home/nida/ros2_humble/install/ament_pep257:/home/nida/ros2_humble/install/ament_pclint:/home/nida/ros2_humble/install/ament_package:/home/nida/ros2_humble/install/ament_mypy:/home/nida/ros2_humble/install/ament_lint_cmake:/home/nida/ros2_humble/install/ament_flake8:/home/nida/ros2_humble/install/ament_copyright:/home/nida/ros2_humble/install/ament_lint:/home/nida/ros2_humble/install/ament_index_python:/home/nida/ros2_humble/install/ament_cpplint:/home/nida/ros2_humble/install/ament_cppcheck:/home/nida/ros2_humble/install/ament_clang_tidy:/home/nida/ros2_humble/install/ament_clang_format:/opt/ros/humble /home/nida/.local/bin/cmake --build /home/nida/Desktop/qml_ws/build/qml_pkg -- -j8 -l8
