running egg_info
creating ../../build/publish_pkg/publish_pkg.egg-info
writing ../../build/publish_pkg/publish_pkg.egg-info/PKG-INFO
writing dependency_links to ../../build/publish_pkg/publish_pkg.egg-info/dependency_links.txt
writing entry points to ../../build/publish_pkg/publish_pkg.egg-info/entry_points.txt
writing requirements to ../../build/publish_pkg/publish_pkg.egg-info/requires.txt
writing top-level names to ../../build/publish_pkg/publish_pkg.egg-info/top_level.txt
writing manifest file '../../build/publish_pkg/publish_pkg.egg-info/SOURCES.txt'
reading manifest file '../../build/publish_pkg/publish_pkg.egg-info/SOURCES.txt'
writing manifest file '../../build/publish_pkg/publish_pkg.egg-info/SOURCES.txt'
running build
running build_py
creating /home/nida/Desktop/py_publisher/build/publish_pkg/build
creating /home/nida/Desktop/py_publisher/build/publish_pkg/build/lib
creating /home/nida/Desktop/py_publisher/build/publish_pkg/build/lib/publish_pkg
copying publish_pkg/publisher_node.py -> /home/nida/Desktop/py_publisher/build/publish_pkg/build/lib/publish_pkg
copying publish_pkg/__init__.py -> /home/nida/Desktop/py_publisher/build/publish_pkg/build/lib/publish_pkg
running install
running install_lib
creating /home/nida/Desktop/py_publisher/install/publish_pkg/lib/python3.10/site-packages/publish_pkg
copying /home/nida/Desktop/py_publisher/build/publish_pkg/build/lib/publish_pkg/publisher_node.py -> /home/nida/Desktop/py_publisher/install/publish_pkg/lib/python3.10/site-packages/publish_pkg
copying /home/nida/Desktop/py_publisher/build/publish_pkg/build/lib/publish_pkg/__init__.py -> /home/nida/Desktop/py_publisher/install/publish_pkg/lib/python3.10/site-packages/publish_pkg
byte-compiling /home/nida/Desktop/py_publisher/install/publish_pkg/lib/python3.10/site-packages/publish_pkg/publisher_node.py to publisher_node.cpython-310.pyc
byte-compiling /home/nida/Desktop/py_publisher/install/publish_pkg/lib/python3.10/site-packages/publish_pkg/__init__.py to __init__.cpython-310.pyc
running install_data
creating /home/nida/Desktop/py_publisher/install/publish_pkg/share/ament_index
creating /home/nida/Desktop/py_publisher/install/publish_pkg/share/ament_index/resource_index
creating /home/nida/Desktop/py_publisher/install/publish_pkg/share/ament_index/resource_index/packages
copying resource/publish_pkg -> /home/nida/Desktop/py_publisher/install/publish_pkg/share/ament_index/resource_index/packages
copying package.xml -> /home/nida/Desktop/py_publisher/install/publish_pkg/share/publish_pkg
running install_egg_info
Copying ../../build/publish_pkg/publish_pkg.egg-info to /home/nida/Desktop/py_publisher/install/publish_pkg/lib/python3.10/site-packages/publish_pkg-0.0.0-py3.10.egg-info
running install_scripts
writing list of installed files to '/home/nida/Desktop/py_publisher/build/publish_pkg/install.log'
