[0.899s] Invoking command in '/home/nida/Desktop/py_publisher/src/publish_pkg': PYTHONPATH=/home/nida/Desktop/py_publisher/build/publish_pkg/prefix_override:/home/nida/Desktop/py_publisher/install/publish_pkg/lib/python3.10/site-packages:${PYTHONPATH} /usr/bin/python3 -W ignore:setup.py install is deprecated setup.py egg_info --egg-base ../../build/publish_pkg build --build-base /home/nida/Desktop/py_publisher/build/publish_pkg/build install --record /home/nida/Desktop/py_publisher/build/publish_pkg/install.log --single-version-externally-managed install_data
[1.249s] running egg_info
[1.249s] creating ../../build/publish_pkg/publish_pkg.egg-info
[1.249s] writing ../../build/publish_pkg/publish_pkg.egg-info/PKG-INFO
[1.249s] writing dependency_links to ../../build/publish_pkg/publish_pkg.egg-info/dependency_links.txt
[1.249s] writing entry points to ../../build/publish_pkg/publish_pkg.egg-info/entry_points.txt
[1.249s] writing requirements to ../../build/publish_pkg/publish_pkg.egg-info/requires.txt
[1.249s] writing top-level names to ../../build/publish_pkg/publish_pkg.egg-info/top_level.txt
[1.249s] writing manifest file '../../build/publish_pkg/publish_pkg.egg-info/SOURCES.txt'
[1.251s] reading manifest file '../../build/publish_pkg/publish_pkg.egg-info/SOURCES.txt'
[1.251s] writing manifest file '../../build/publish_pkg/publish_pkg.egg-info/SOURCES.txt'
[1.251s] running build
[1.251s] running build_py
[1.251s] creating /home/nida/Desktop/py_publisher/build/publish_pkg/build
[1.251s] creating /home/nida/Desktop/py_publisher/build/publish_pkg/build/lib
[1.251s] creating /home/nida/Desktop/py_publisher/build/publish_pkg/build/lib/publish_pkg
[1.252s] copying publish_pkg/publisher_node.py -> /home/nida/Desktop/py_publisher/build/publish_pkg/build/lib/publish_pkg
[1.252s] copying publish_pkg/__init__.py -> /home/nida/Desktop/py_publisher/build/publish_pkg/build/lib/publish_pkg
[1.252s] running install
[1.252s] running install_lib
[1.252s] creating /home/nida/Desktop/py_publisher/install/publish_pkg/lib/python3.10/site-packages/publish_pkg
[1.252s] copying /home/nida/Desktop/py_publisher/build/publish_pkg/build/lib/publish_pkg/publisher_node.py -> /home/nida/Desktop/py_publisher/install/publish_pkg/lib/python3.10/site-packages/publish_pkg
[1.252s] copying /home/nida/Desktop/py_publisher/build/publish_pkg/build/lib/publish_pkg/__init__.py -> /home/nida/Desktop/py_publisher/install/publish_pkg/lib/python3.10/site-packages/publish_pkg
[1.254s] byte-compiling /home/nida/Desktop/py_publisher/install/publish_pkg/lib/python3.10/site-packages/publish_pkg/publisher_node.py to publisher_node.cpython-310.pyc
[1.254s] Sorry: TabError: inconsistent use of tabs and spaces in indentation (publisher_node.py, line 20)
[1.254s] byte-compiling /home/nida/Desktop/py_publisher/install/publish_pkg/lib/python3.10/site-packages/publish_pkg/__init__.py to __init__.cpython-310.pyc
[1.254s] running install_data
[1.254s] creating /home/nida/Desktop/py_publisher/install/publish_pkg/share/ament_index
[1.254s] creating /home/nida/Desktop/py_publisher/install/publish_pkg/share/ament_index/resource_index
[1.254s] creating /home/nida/Desktop/py_publisher/install/publish_pkg/share/ament_index/resource_index/packages
[1.254s] copying resource/publish_pkg -> /home/nida/Desktop/py_publisher/install/publish_pkg/share/ament_index/resource_index/packages
[1.254s] copying package.xml -> /home/nida/Desktop/py_publisher/install/publish_pkg/share/publish_pkg
[1.254s] running install_egg_info
[1.257s] Copying ../../build/publish_pkg/publish_pkg.egg-info to /home/nida/Desktop/py_publisher/install/publish_pkg/lib/python3.10/site-packages/publish_pkg-0.0.0-py3.10.egg-info
[1.257s] running install_scripts
[1.284s] writing list of installed files to '/home/nida/Desktop/py_publisher/build/publish_pkg/install.log'
[1.300s] Invoked command in '/home/nida/Desktop/py_publisher/src/publish_pkg' returned '0': PYTHONPATH=/home/nida/Desktop/py_publisher/build/publish_pkg/prefix_override:/home/nida/Desktop/py_publisher/install/publish_pkg/lib/python3.10/site-packages:${PYTHONPATH} /usr/bin/python3 -W ignore:setup.py install is deprecated setup.py egg_info --egg-base ../../build/publish_pkg build --build-base /home/nida/Desktop/py_publisher/build/publish_pkg/build install --record /home/nida/Desktop/py_publisher/build/publish_pkg/install.log --single-version-externally-managed install_data
